2025-03-12 11:55:07,254 - CRITICAL - Failed to start bot: cannot import name 'INPUT_CHANNEL_IDS' from 'config' (C:\Users\ansha\Documents\VsCode\TOPG\config.py)
2025-03-12 12:49:14,558 - WARNING - Bot disconnected from Discord. Attempting to reconnect...
2025-03-12 12:59:55,381 - CRITICAL - Failed to start bot: 'module' object is not callable
2025-03-12 14:04:39,432 - WARNING - Bot disconnected from Discord. Attempting to reconnect...
2025-03-12 14:26:43,635 - WARNING - Bot disconnected from Discord. Attempting to reconnect...
2025-03-12 19:53:11,844 - ERROR - Health command error: 'coroutine' object has no attribute 'get'
2025-03-12 21:28:04,249 - WARNING - API returned status 500 for URL: https://production-api.mobula.io/api/1/market/history/pair?address=7AAS87cLsn1EWnvEoQjuQ2xQSwQ4T4wPaxivW5c7MrUD&blockchain=solana&period=5min
2025-03-12 21:35:39,853 - WARNING - API returned status 400 for URL: http://localhost:3000/api/analyze
2025-03-12 21:35:39,854 - ERROR - API reported failure for https://github.com/oumi-ai/oum: No data returned
2025-03-12 21:44:17,333 - ERROR - github-checker command error: You are on cooldown. Try again in 0.63s
2025-03-12 21:44:56,360 - ERROR - health command error: You are on cooldown. Try again in 3.43s
2025-03-12 21:56:59,734 - ERROR - Repo analysis error for https://github.com/oumi-ai/oumi: 'Embed' object has no attribute 'set_imageurl' and no __dict__ for setting new attributes
2025-03-12 21:58:29,318 - WARNING - API returned status 400 for URL: http://localhost:3000/api/analyze
2025-03-12 21:58:29,319 - WARNING - API reported failure for https://github.com/oumi-ai/oum: No data returned
2025-03-12 23:16:34,946 - WARNING - Bot disconnected from Discord. Attempting to reconnect...
2025-03-13 01:26:35,511 - WARNING - Bot disconnected from Discord. Attempting to reconnect...
2025-03-13 02:46:11,921 - WARNING - Bot disconnected from Discord. Attempting to reconnect...
2025-03-13 04:41:40,103 - WARNING - Bot disconnected from Discord. Attempting to reconnect...
2025-03-13 05:07:26,646 - WARNING - Bot disconnected from Discord. Attempting to reconnect...
2025-03-13 07:28:47,540 - WARNING - Bot disconnected from Discord. Attempting to reconnect...
2025-03-13 07:39:57,698 - WARNING - Bot disconnected from Discord. Attempting to reconnect...
2025-03-13 08:01:58,723 - ERROR - Failed to forward user message to channel 1335081896807497839: 400 Bad Request (error code: 50006): Cannot send an empty message
2025-03-13 09:09:43,011 - WARNING - Bot disconnected from Discord. Attempting to reconnect...
2025-03-13 10:01:11,334 - WARNING - Bot disconnected from Discord. Attempting to reconnect...
