2025-03-24 05:06:24,841 - ERROR - health command error: Command 'health' raised an exception: AttributeError: 'User' object has no attribute 'guild_permissions'
2025-03-24 05:06:50,740 - ERROR - settings command error: Command 'mode' raised an exception: AttributeError: 'User' object has no attribute 'guild_permissions'
2025-03-24 05:12:52,559 - ERROR - settings command error: Command 'status' raised an exception: AttributeError: 'User' object has no attribute 'guild_permissions'
2025-03-24 06:39:39,380 - WARNING - Bot disconnected from Discord. Attempting to reconnect...
2025-03-24 08:15:52,600 - WARNING - Bot disconnected from Discord. Attempting to reconnect...
2025-03-24 09:16:50,080 - WARNING - Bot disconnected from Discord. Attempting to reconnect...
2025-03-24 11:07:51,932 - WARNING - Bot disconnected from Discord. Attempting to reconnect...
2025-03-24 11:07:52,523 - WARNING - Bot disconnected from Discord. Attempting to reconnect...
2025-03-24 11:07:54,451 - WARNING - Bot disconnected from Discord. Attempting to reconnect...
2025-03-24 11:07:57,867 - WARNING - Bot disconnected from Discord. Attempting to reconnect...
2025-03-24 11:08:16,273 - WARNING - Bot disconnected from Discord. Attempting to reconnect...
2025-03-24 11:08:22,313 - WARNING - Bot disconnected from Discord. Attempting to reconnect...
2025-03-24 11:08:54,407 - WARNING - Bot disconnected from Discord. Attempting to reconnect...
2025-03-24 11:09:18,716 - WARNING - Bot disconnected from Discord. Attempting to reconnect...
2025-03-24 11:09:19,659 - WARNING - Bot disconnected from Discord. Attempting to reconnect...
2025-03-24 11:45:52,074 - WARNING - Bot disconnected from Discord. Attempting to reconnect...
2025-03-24 12:04:51,881 - WARNING - API returned status 404 for URL: https://production-api.mobula.io/api/1/market/history/pair?asset=0x6F6A1B9FC3D355fc147a7d0b0a599411fE16A8f4&blockchain=solana&amount=1000000000
2025-03-24 12:04:52,369 - WARNING - API returned status 404 for URL: https://production-api.mobula.io/api/1/market/history/pair?asset=0x6F6A1B9FC3D355fc147a7d0b0a599411fE16A8f4&blockchain=solana&amount=1000000000
2025-03-24 12:04:53,070 - WARNING - API returned status 404 for URL: https://production-api.mobula.io/api/1/market/history/pair?asset=0x6F6A1B9FC3D355fc147a7d0b0a599411fE16A8f4&blockchain=solana&amount=1000000000
2025-03-24 12:04:54,021 - WARNING - API returned status 404 for URL: https://production-api.mobula.io/api/1/market/history/pair?asset=0x6F6A1B9FC3D355fc147a7d0b0a599411fE16A8f4&blockchain=solana&amount=1000000000
2025-03-24 12:19:56,949 - WARNING - API returned status 404 for URL: https://production-api.mobula.io/api/1/market/history/pair?asset=0x6F6A1B9FC3D355fc147a7d0b0a599411fE16A8f4&blockchain=solana&amount=1000000000
2025-03-24 12:19:57,472 - WARNING - API returned status 404 for URL: https://production-api.mobula.io/api/1/market/history/pair?asset=0x6F6A1B9FC3D355fc147a7d0b0a599411fE16A8f4&blockchain=solana&amount=1000000000
2025-03-24 12:19:58,165 - WARNING - API returned status 404 for URL: https://production-api.mobula.io/api/1/market/history/pair?asset=0x6F6A1B9FC3D355fc147a7d0b0a599411fE16A8f4&blockchain=solana&amount=1000000000
2025-03-24 12:19:59,053 - WARNING - API returned status 404 for URL: https://production-api.mobula.io/api/1/market/history/pair?asset=0x6F6A1B9FC3D355fc147a7d0b0a599411fE16A8f4&blockchain=solana&amount=1000000000
2025-03-24 12:59:43,877 - WARNING - API returned status 404 for URL: https://production-api.mobula.io/api/1/market/history/pair?asset=0x6F6A1B9FC3D355fc147a7d0b0a599411fE16A8f4&blockchain=solana&amount=1000000000
2025-03-24 12:59:44,367 - WARNING - API returned status 404 for URL: https://production-api.mobula.io/api/1/market/history/pair?asset=0x6F6A1B9FC3D355fc147a7d0b0a599411fE16A8f4&blockchain=solana&amount=1000000000
2025-03-24 12:59:45,051 - WARNING - API returned status 404 for URL: https://production-api.mobula.io/api/1/market/history/pair?asset=0x6F6A1B9FC3D355fc147a7d0b0a599411fE16A8f4&blockchain=solana&amount=1000000000
2025-03-24 12:59:45,940 - WARNING - API returned status 404 for URL: https://production-api.mobula.io/api/1/market/history/pair?asset=0x6F6A1B9FC3D355fc147a7d0b0a599411fE16A8f4&blockchain=solana&amount=1000000000
2025-03-24 13:06:29,743 - WARNING - Bot disconnected from Discord. Attempting to reconnect...
2025-03-24 13:27:27,155 - WARNING - Message processing timed out for message 1353638797614645248
2025-03-24 13:27:32,416 - WARNING - API returned status 404 for URL: https://production-api.mobula.io/api/1/market/history/pair?asset=0x6F6A1B9FC3D355fc147a7d0b0a599411fE16A8f4&blockchain=solana&amount=1000000000
2025-03-24 13:27:33,363 - WARNING - API returned status 404 for URL: https://production-api.mobula.io/api/1/market/history/pair?asset=0x6F6A1B9FC3D355fc147a7d0b0a599411fE16A8f4&blockchain=solana&amount=1000000000
2025-03-24 13:27:34,065 - WARNING - API returned status 404 for URL: https://production-api.mobula.io/api/1/market/history/pair?asset=0x6F6A1B9FC3D355fc147a7d0b0a599411fE16A8f4&blockchain=solana&amount=1000000000
2025-03-24 13:27:34,962 - WARNING - API returned status 404 for URL: https://production-api.mobula.io/api/1/market/history/pair?asset=0x6F6A1B9FC3D355fc147a7d0b0a599411fE16A8f4&blockchain=solana&amount=1000000000
2025-03-24 14:23:49,957 - WARNING - Bot disconnected from Discord. Attempting to reconnect...
2025-03-24 14:23:50,000 - WARNING - Bot disconnected from Discord. Attempting to reconnect...
2025-03-24 14:23:50,285 - WARNING - Bot disconnected from Discord. Attempting to reconnect...
2025-03-24 14:23:52,938 - WARNING - Bot disconnected from Discord. Attempting to reconnect...
2025-03-24 14:23:56,054 - WARNING - Bot disconnected from Discord. Attempting to reconnect...
2025-03-24 14:24:07,993 - WARNING - Bot disconnected from Discord. Attempting to reconnect...
2025-03-24 14:24:20,080 - WARNING - Bot disconnected from Discord. Attempting to reconnect...
2025-03-24 14:24:48,970 - WARNING - Bot disconnected from Discord. Attempting to reconnect...
2025-03-24 14:26:03,560 - WARNING - Bot disconnected from Discord. Attempting to reconnect...
2025-03-24 14:26:25,908 - WARNING - Bot disconnected from Discord. Attempting to reconnect...
2025-03-24 14:27:48,355 - WARNING - Bot disconnected from Discord. Attempting to reconnect...
2025-03-24 14:35:38,172 - WARNING - Bot disconnected from Discord. Attempting to reconnect...
2025-03-24 14:44:47,634 - WARNING - Bot disconnected from Discord. Attempting to reconnect...
2025-03-24 14:56:55,236 - WARNING - Bot disconnected from Discord. Attempting to reconnect...
2025-03-24 15:07:06,751 - WARNING - Bot disconnected from Discord. Attempting to reconnect...
2025-03-24 15:15:47,808 - WARNING - Bot disconnected from Discord. Attempting to reconnect...
2025-03-24 15:30:30,010 - WARNING - Bot disconnected from Discord. Attempting to reconnect...
2025-03-24 15:47:01,091 - WARNING - Bot disconnected from Discord. Attempting to reconnect...
2025-03-24 15:50:57,730 - WARNING - Bot disconnected from Discord. Attempting to reconnect...
2025-03-24 15:53:09,060 - WARNING - Bot disconnected from Discord. Attempting to reconnect...
2025-03-24 16:00:22,983 - WARNING - Bot disconnected from Discord. Attempting to reconnect...
2025-03-24 16:13:05,283 - WARNING - Bot disconnected from Discord. Attempting to reconnect...
2025-03-24 16:23:17,043 - WARNING - Bot disconnected from Discord. Attempting to reconnect...
2025-03-24 16:37:33,090 - WARNING - Bot disconnected from Discord. Attempting to reconnect...
2025-03-24 17:06:14,465 - WARNING - Bot disconnected from Discord. Attempting to reconnect...
2025-03-24 17:18:59,810 - WARNING - API returned status 404 for URL: https://production-api.mobula.io/api/1/market/history/pair?asset=0x6F6A1B9FC3D355fc147a7d0b0a599411fE16A8f4&blockchain=solana&amount=1000000000
2025-03-24 17:19:00,307 - WARNING - API returned status 404 for URL: https://production-api.mobula.io/api/1/market/history/pair?asset=0x6F6A1B9FC3D355fc147a7d0b0a599411fE16A8f4&blockchain=solana&amount=1000000000
2025-03-24 17:19:01,008 - WARNING - API returned status 404 for URL: https://production-api.mobula.io/api/1/market/history/pair?asset=0x6F6A1B9FC3D355fc147a7d0b0a599411fE16A8f4&blockchain=solana&amount=1000000000
2025-03-24 17:19:01,907 - WARNING - API returned status 404 for URL: https://production-api.mobula.io/api/1/market/history/pair?asset=0x6F6A1B9FC3D355fc147a7d0b0a599411fE16A8f4&blockchain=solana&amount=1000000000
2025-03-24 18:03:13,380 - WARNING - API returned status 404 for URL: https://production-api.mobula.io/api/1/market/history/pair?asset=0x6F6A1B9FC3D355fc147a7d0b0a599411fE16A8f4&blockchain=solana&amount=1000000000
2025-03-24 18:03:14,244 - WARNING - API returned status 404 for URL: https://production-api.mobula.io/api/1/market/history/pair?asset=0x6F6A1B9FC3D355fc147a7d0b0a599411fE16A8f4&blockchain=solana&amount=1000000000
2025-03-24 18:03:14,967 - WARNING - API returned status 404 for URL: https://production-api.mobula.io/api/1/market/history/pair?asset=0x6F6A1B9FC3D355fc147a7d0b0a599411fE16A8f4&blockchain=solana&amount=1000000000
2025-03-24 18:03:15,868 - WARNING - API returned status 404 for URL: https://production-api.mobula.io/api/1/market/history/pair?asset=0x6F6A1B9FC3D355fc147a7d0b0a599411fE16A8f4&blockchain=solana&amount=1000000000
2025-03-24 19:05:25,115 - WARNING - Bot disconnected from Discord. Attempting to reconnect...
2025-03-24 19:17:25,802 - WARNING - Bot disconnected from Discord. Attempting to reconnect...
2025-03-24 19:17:25,815 - WARNING - Bot disconnected from Discord. Attempting to reconnect...
2025-03-24 19:17:26,996 - WARNING - Bot disconnected from Discord. Attempting to reconnect...
2025-03-24 19:17:29,318 - WARNING - Bot disconnected from Discord. Attempting to reconnect...
2025-03-24 19:17:34,370 - WARNING - Bot disconnected from Discord. Attempting to reconnect...
2025-03-24 19:17:36,426 - WARNING - Bot disconnected from Discord. Attempting to reconnect...
2025-03-24 19:17:51,804 - WARNING - Bot disconnected from Discord. Attempting to reconnect...
2025-03-24 19:18:55,814 - WARNING - Bot disconnected from Discord. Attempting to reconnect...
2025-03-24 19:42:13,441 - WARNING - Bot disconnected from Discord. Attempting to reconnect...
2025-03-24 19:42:13,455 - WARNING - Bot disconnected from Discord. Attempting to reconnect...
2025-03-24 19:42:14,465 - WARNING - Bot disconnected from Discord. Attempting to reconnect...
2025-03-24 19:42:15,760 - WARNING - Bot disconnected from Discord. Attempting to reconnect...
2025-03-24 19:42:23,474 - WARNING - Bot disconnected from Discord. Attempting to reconnect...
2025-03-24 19:42:28,190 - WARNING - Bot disconnected from Discord. Attempting to reconnect...
2025-03-24 19:42:41,873 - WARNING - Bot disconnected from Discord. Attempting to reconnect...
2025-03-24 19:43:44,245 - WARNING - Bot disconnected from Discord. Attempting to reconnect...
2025-03-24 19:43:47,952 - WARNING - Bot disconnected from Discord. Attempting to reconnect...
2025-03-24 19:44:48,943 - WARNING - Bot disconnected from Discord. Attempting to reconnect...
2025-03-24 19:45:19,602 - WARNING - Bot disconnected from Discord. Attempting to reconnect...
2025-03-24 19:47:31,314 - WARNING - Bot disconnected from Discord. Attempting to reconnect...
2025-03-24 20:30:10,727 - WARNING - Bot disconnected from Discord. Attempting to reconnect...
2025-03-24 22:41:11,431 - WARNING - Bot disconnected from Discord. Attempting to reconnect...
2025-03-24 22:41:11,449 - WARNING - Bot disconnected from Discord. Attempting to reconnect...
2025-03-24 22:41:12,571 - WARNING - Bot disconnected from Discord. Attempting to reconnect...
2025-03-24 22:41:13,184 - WARNING - Bot disconnected from Discord. Attempting to reconnect...
2025-03-24 22:41:14,213 - WARNING - Bot disconnected from Discord. Attempting to reconnect...
2025-03-24 22:41:21,153 - WARNING - Bot disconnected from Discord. Attempting to reconnect...
2025-03-24 22:41:42,341 - WARNING - Bot disconnected from Discord. Attempting to reconnect...
2025-03-24 22:42:02,116 - WARNING - Bot disconnected from Discord. Attempting to reconnect...
2025-03-24 22:42:17,762 - WARNING - Bot disconnected from Discord. Attempting to reconnect...
2025-03-24 22:45:16,314 - WARNING - Bot disconnected from Discord. Attempting to reconnect...
2025-03-24 22:47:32,530 - WARNING - Bot disconnected from Discord. Attempting to reconnect...
2025-03-24 23:04:15,979 - WARNING - Bot disconnected from Discord. Attempting to reconnect...
2025-03-24 23:20:31,128 - WARNING - Bot disconnected from Discord. Attempting to reconnect...
2025-03-24 23:33:42,754 - ERROR - Failed to forward bot message to channel 1349463456704757844: Cannot connect to host discord.com:443 ssl:default [getaddrinfo failed]
2025-03-24 23:36:21,512 - ERROR - Failed to forward bot message to channel 1349463456704757844: Cannot connect to host discord.com:443 ssl:default [getaddrinfo failed]
2025-03-24 23:41:35,042 - ERROR - Failed to forward bot message to channel 1349463456704757844: Cannot connect to host discord.com:443 ssl:default [getaddrinfo failed]
2025-03-24 23:41:49,632 - ERROR - Failed to forward bot message to channel 1349463456704757844: Cannot connect to host discord.com:443 ssl:default [getaddrinfo failed]
2025-03-24 23:45:56,895 - WARNING - Bot disconnected from Discord. Attempting to reconnect...
2025-03-24 23:46:55,145 - ERROR - Failed to forward bot message to channel 1349463456704757844: Cannot connect to host discord.com:443 ssl:default [getaddrinfo failed]
2025-03-24 23:47:06,228 - ERROR - Failed to forward bot message to channel 1349463456704757844: Cannot connect to host discord.com:443 ssl:default [getaddrinfo failed]
2025-03-24 23:48:53,544 - ERROR - Failed to forward bot message to channel 1349463456704757844: Cannot connect to host discord.com:443 ssl:default [getaddrinfo failed]
2025-03-24 23:50:26,298 - ERROR - Failed to forward bot message to channel 1349463456704757844: Cannot connect to host discord.com:443 ssl:default [getaddrinfo failed]
2025-03-24 23:53:53,788 - ERROR - Failed to forward bot message to channel 1349463456704757844: Cannot connect to host discord.com:443 ssl:default [getaddrinfo failed]
2025-03-24 23:55:05,636 - ERROR - Failed to forward bot message to channel 1349463456704757844: Cannot connect to host discord.com:443 ssl:default [getaddrinfo failed]
2025-03-24 23:55:31,742 - ERROR - Failed to forward bot message to channel 1349463456704757844: Cannot connect to host discord.com:443 ssl:default [getaddrinfo failed]
2025-03-24 23:57:50,247 - ERROR - Failed to forward bot message to channel 1349463456704757844: Cannot connect to host discord.com:443 ssl:default [getaddrinfo failed]
2025-03-24 23:58:32,109 - ERROR - Failed to forward bot message to channel 1349463456704757844: Cannot connect to host discord.com:443 ssl:default [getaddrinfo failed]
2025-03-24 23:58:32,109 - ERROR - Failed to forward bot message to channel 1349463456704757844: Cannot connect to host discord.com:443 ssl:default [getaddrinfo failed]
2025-03-24 23:58:32,109 - ERROR - Failed to forward bot message to channel 1349463456704757844: Cannot connect to host discord.com:443 ssl:default [getaddrinfo failed]
2025-03-25 00:01:26,640 - ERROR - Failed to get webhook for channel 1335081896807497839: Cannot connect to host discord.com:443 ssl:default [getaddrinfo failed]
2025-03-25 00:02:13,175 - ERROR - Failed to get webhook for channel 1335081896807497839: Cannot connect to host discord.com:443 ssl:default [getaddrinfo failed]
2025-03-25 00:02:31,421 - ERROR - Failed to forward bot message to channel 1349463456704757844: Cannot connect to host discord.com:443 ssl:default [getaddrinfo failed]
2025-03-25 00:03:29,278 - ERROR - Failed to forward bot message to channel 1349463456704757844: Cannot connect to host discord.com:443 ssl:default [getaddrinfo failed]
2025-03-25 00:04:46,169 - ERROR - Failed to forward bot message to channel 1349463456704757844: Cannot connect to host discord.com:443 ssl:default [getaddrinfo failed]
2025-03-25 00:07:09,160 - ERROR - Failed to forward bot message to channel 1349463456704757844: Cannot connect to host discord.com:443 ssl:default [getaddrinfo failed]
2025-03-25 00:09:55,078 - ERROR - Failed to forward bot message to channel 1349463456704757844: Cannot connect to host discord.com:443 ssl:default [getaddrinfo failed]
2025-03-25 00:10:56,066 - ERROR - Failed to forward bot message to channel 1349463456704757844: Cannot connect to host discord.com:443 ssl:default [getaddrinfo failed]
2025-03-25 00:10:56,066 - ERROR - Failed to forward bot message to channel 1349463456704757844: Cannot connect to host discord.com:443 ssl:default [getaddrinfo failed]
2025-03-25 00:11:10,992 - ERROR - Failed to forward bot message to channel 1349463456704757844: Cannot connect to host discord.com:443 ssl:default [getaddrinfo failed]
2025-03-25 00:12:02,224 - ERROR - Failed to forward bot message to channel 1349463456704757844: Cannot connect to host discord.com:443 ssl:default [getaddrinfo failed]
2025-03-25 00:13:42,404 - WARNING - Message processing timed out for message 1353801426387861514
2025-03-25 00:13:44,107 - ERROR - Failed to send timeout notification: Cannot connect to host discord.com:443 ssl:default [getaddrinfo failed]
2025-03-25 00:14:00,577 - ERROR - Failed to forward bot message to channel 1349463456704757844: Cannot connect to host discord.com:443 ssl:default [getaddrinfo failed]
2025-03-25 00:15:19,862 - ERROR - Failed to forward bot message to channel 1349463456704757844: Cannot connect to host discord.com:443 ssl:default [getaddrinfo failed]
2025-03-25 00:15:19,863 - ERROR - Failed to forward bot message to channel 1349463456704757844: Cannot connect to host discord.com:443 ssl:default [getaddrinfo failed]
2025-03-25 00:16:42,938 - WARNING - Bot disconnected from Discord. Attempting to reconnect...
2025-03-25 00:16:42,950 - WARNING - Bot disconnected from Discord. Attempting to reconnect...
2025-03-25 00:16:44,153 - WARNING - Bot disconnected from Discord. Attempting to reconnect...
2025-03-25 00:16:45,683 - WARNING - Bot disconnected from Discord. Attempting to reconnect...
2025-03-25 00:16:47,774 - WARNING - Bot disconnected from Discord. Attempting to reconnect...
2025-03-25 00:16:59,858 - WARNING - Bot disconnected from Discord. Attempting to reconnect...
2025-03-25 00:17:18,651 - WARNING - Bot disconnected from Discord. Attempting to reconnect...
2025-03-25 00:17:45,739 - WARNING - Bot disconnected from Discord. Attempting to reconnect...
2025-03-25 00:18:16,634 - WARNING - Bot disconnected from Discord. Attempting to reconnect...
