2025-06-16 22:56:41,289 - INFO - Starting bot...
2025-06-16 22:56:42,324 - INFO - API client initialized
2025-06-16 22:56:42,324 - INFO - WebsiteAnalyzer initialized with concurrency limit of 15
2025-06-16 22:56:42,330 - INFO - Loaded 4 Truth Social tokens from file
2025-06-16 22:56:42,330 - INFO - Authenticating 4 Truth Social accounts with missing or expired tokens...
2025-06-16 22:56:42,372 - ERROR - Auth error: Status 403
2025-06-16 22:56:42,372 - ERROR - Failed to authenticate Truth Social account: alphabtw
2025-06-16 22:56:42,398 - ERROR - Failed to authenticate Truth Social account: visheshbtw
2025-06-16 22:56:42,424 - ERROR - Failed to authenticate Truth Social account: sakshambtw
2025-06-16 22:56:42,459 - ERROR - Failed to authenticate Truth Social account: mayankbtw
2025-06-16 22:56:42,459 - INFO - Successfully authenticated 0/4 Truth Social accounts
2025-06-16 22:56:42,460 - INFO - Saved 4 Truth Social tokens to file
2025-06-16 22:56:42,460 - INFO - All API services initialized
2025-06-16 22:56:42,460 - INFO - Services provider initialized
2025-06-16 22:56:42,630 - INFO - Database connection pool established: size=1-10
2025-06-16 22:56:42,630 - INFO - Database connection successful
2025-06-16 22:56:42,643 - INFO - Proxy rotator initialized with http protocol
2025-06-16 22:56:42,643 - INFO - Proxy rotator initialized for Truth commands
2025-06-16 22:56:42,658 - INFO - Discord Events Registered | Username Ban Server ID: 1313758082974879774
2025-06-16 22:56:42,658 - INFO - Memory monitor started (threshold: 300MB, interval: 3600s)
2025-06-16 22:56:43,304 - INFO - Successfully synced 10 command(s)
2025-06-16 22:56:47,880 - INFO - Logged in as TOPG#4967 (ID: 1340722186100408340)
2025-06-16 22:56:47,880 - INFO - Bot connected to 7 server(s)
2025-06-16 22:56:47,880 - INFO - Alerts are enabled.
2025-06-16 22:56:47,880 - INFO - Starting tracking services...
2025-06-16 22:56:47,880 - INFO - All tracking services started
2025-06-16 22:56:47,880 - INFO - Initializing DexScreener live tracker...
2025-06-16 22:56:47,880 - INFO - Initializing migration tracker...
2025-06-16 22:56:47,881 - INFO - Initializing about to graduate alert tracker...
2025-06-16 22:56:47,892 - INFO - No enabled guilds with channels, stopping tracking
2025-06-16 22:56:47,892 - INFO - Migration tracking stopped
2025-06-16 22:56:47,892 - INFO - Migration tracking initialization complete
2025-06-16 22:56:47,892 - INFO - No enabled guilds with channels, stopping about to graduate alert tracking
2025-06-16 22:56:47,892 - INFO - About to graduate alert tracking stopped
2025-06-16 22:56:47,892 - INFO - About to graduate alert tracking initialization complete
2025-06-16 22:56:47,892 - INFO - No enabled guilds with channels, stopping tracking
2025-06-16 22:56:47,893 - INFO - DexScreener tracking stopped
2025-06-16 22:56:47,893 - INFO - DexScreener tracking initialization complete
2025-06-16 23:27:06,181 - INFO - Bot is shutting down...
2025-06-16 23:27:06,214 - INFO - API client closed
2025-06-16 23:27:06,214 - INFO - Truth Social tracking stopped
2025-06-16 23:27:06,214 - INFO - Truth Social tracking stopped
2025-06-16 23:27:06,214 - INFO - Services closed successfully
2025-06-16 23:27:06,215 - INFO - Background task 'metrics_cleanup' canceled
2025-06-16 23:27:06,215 - INFO - Background task 'memory_monitor' canceled
2025-06-16 23:27:06,215 - INFO - Background task 'heartbeat_monitor' canceled
2025-06-16 23:27:06,215 - INFO - Background task 'metrics_report' canceled
2025-06-16 23:27:06,215 - INFO - DexScreener tracking stopped
2025-06-16 23:27:06,215 - INFO - DexScreener tracking stopped
2025-06-16 23:27:06,215 - INFO - Database connection pool closed successfully
2025-06-16 23:27:06,216 - INFO - Bot stopped by user
2025-06-16 23:27:10,243 - INFO - Starting bot...
2025-06-16 23:27:11,164 - INFO - API client initialized
2025-06-16 23:27:11,164 - INFO - WebsiteAnalyzer initialized with concurrency limit of 15
2025-06-16 23:27:11,165 - INFO - Loaded 4 Truth Social tokens from file
2025-06-16 23:27:11,165 - INFO - Authenticating 4 Truth Social accounts with missing or expired tokens...
2025-06-16 23:27:11,205 - ERROR - Auth error: Status 403
2025-06-16 23:27:11,205 - ERROR - Failed to authenticate Truth Social account: alphabtw
2025-06-16 23:27:11,232 - ERROR - Failed to authenticate Truth Social account: visheshbtw
2025-06-16 23:27:11,260 - ERROR - Failed to authenticate Truth Social account: sakshambtw
2025-06-16 23:27:11,286 - ERROR - Failed to authenticate Truth Social account: mayankbtw
2025-06-16 23:27:11,286 - INFO - Successfully authenticated 0/4 Truth Social accounts
2025-06-16 23:27:11,287 - INFO - Saved 4 Truth Social tokens to file
2025-06-16 23:27:11,287 - INFO - All API services initialized
2025-06-16 23:27:11,287 - INFO - Services provider initialized
2025-06-16 23:27:11,299 - INFO - Database connection pool established: size=1-10
2025-06-16 23:27:11,299 - INFO - Database connection successful
2025-06-16 23:27:11,306 - INFO - Proxy rotator initialized with http protocol
2025-06-16 23:27:11,306 - INFO - Proxy rotator initialized for Truth commands
2025-06-16 23:27:11,307 - INFO - Discord Events Registered | Username Ban Server ID: 1313758082974879774
2025-06-16 23:27:11,308 - INFO - Memory monitor started (threshold: 300MB, interval: 3600s)
2025-06-16 23:27:11,850 - INFO - Successfully synced 10 command(s)
2025-06-16 23:27:15,870 - INFO - Logged in as TOPG#4967 (ID: 1340722186100408340)
2025-06-16 23:27:15,870 - INFO - Bot connected to 7 server(s)
2025-06-16 23:27:15,870 - INFO - Alerts are enabled.
2025-06-16 23:27:15,871 - INFO - Starting tracking services...
2025-06-16 23:27:15,871 - INFO - All tracking services started
2025-06-16 23:27:15,871 - INFO - Initializing DexScreener live tracker...
2025-06-16 23:27:15,871 - INFO - Initializing migration tracker...
2025-06-16 23:27:15,871 - INFO - Initializing about to graduate alert tracker...
2025-06-16 23:27:15,875 - INFO - No enabled guilds with channels, stopping tracking
2025-06-16 23:27:15,875 - INFO - DexScreener tracking stopped
2025-06-16 23:27:15,875 - INFO - DexScreener tracking initialization complete
2025-06-16 23:27:15,876 - INFO - No enabled guilds with channels, stopping tracking
2025-06-16 23:27:15,876 - INFO - Migration tracking stopped
2025-06-16 23:27:15,876 - INFO - Migration tracking initialization complete
2025-06-16 23:27:15,876 - INFO - No enabled guilds with channels, stopping about to graduate alert tracking
2025-06-16 23:27:15,876 - INFO - About to graduate alert tracking stopped
2025-06-16 23:27:15,877 - INFO - About to graduate alert tracking initialization complete
2025-06-16 23:27:27,669 - INFO - No enabled guilds with channels, stopping tracking
2025-06-16 23:27:27,669 - INFO - Migration tracking stopped
2025-06-16 23:27:28,133 - INFO - Migration channel pf-migrations (ID: 1380831032428990464) added by alphabtw_ in habibifnf
2025-06-16 23:27:41,479 - INFO - Found 1 enabled guilds with 1 channels
2025-06-16 23:27:41,480 - INFO - Migration tracking started
2025-06-16 23:27:41,998 - INFO - Migration tracking enabled by alphabtw_ in habibifnf
2025-06-16 23:28:13,908 - INFO - No enabled guilds with channels, stopping about to graduate alert tracking
2025-06-16 23:28:13,908 - INFO - About to graduate alert tracking stopped
2025-06-16 23:28:14,373 - INFO - About to graduate alert channel final-stretch (ID: 1381704526108819568) added by alphabtw_ in habibifnf
2025-06-16 23:28:21,448 - INFO - Found 1 enabled guilds with 1 channels for about to graduate alerts
2025-06-16 23:28:21,448 - INFO - About to graduate alert tracking started
2025-06-16 23:28:21,936 - INFO - About to graduate alert tracking enabled by alphabtw_ in habibifnf
2025-06-16 23:39:38,439 - INFO - using mobula only to build embed for: 4T6GkKu7D8tVsv5aEqEc7St17mLVNcEAnHDd79W3pump
2025-06-16 23:39:38,439 - INFO - mobula data: {'data': {'id': None, 'name': 'Onboard Retail Cult', 'symbol': 'ONBOARD', 'decimals': 6, 'logo': 'https://ipfs.io/ipfs/bafybeiajgkuckwa6pdiitkk6vmw7jwelavkegfw2zeb4zn24sokq2g3u7q', 'rank': None, 'price': 6.466470711485314e-05, 'market_cap': 64664.70711485314, 'market_cap_diluted': 64664.70711485314, 'volume': 31469.78025236196, 'volume_change_24h': None, 'volume_7d': None, 'liquidity': 0, 'ath': None, 'atl': None, 'off_chain_volume': None, 'is_listed': False, 'price_change_1h': 68.71488870705052, 'price_change_24h': 68.71488870705052, 'price_change_7d': 68.71488870705052, 'price_change_1m': 68.71488870705052, 'price_change_1y': 68.71488870705052, 'total_supply': 1000000000, 'circulating_supply': 1000000000, 'contracts': [{'address': '4T6GkKu7D8tVsv5aEqEc7St17mLVNcEAnHDd79W3pump', 'blockchainId': 'solana', 'blockchain': 'Solana', 'decimals': 6}], 'native': {'name': 'Solana', 'symbol': 'SOL', 'address': 'So11111111111111111111111111111111111111112', 'type': 'native', 'decimals': 9, 'logo': 'https://metacore.mobula.io/78ee4d656f4f152a90d733f4eaaa4e1685e25bc654087acdb62bfe494d668976.png'}, 'priceNative': 4.1139303796018706e-07}}
2025-06-16 23:43:56,925 - INFO - Found 1 enabled guilds with 1 channels
2025-06-16 23:43:57,406 - INFO - Migration channel ??token-migration (ID: 1380586368346095717) added by alphabtw_ in LOYAL
2025-06-16 23:44:01,834 - INFO - Found 2 enabled guilds with 2 channels
2025-06-16 23:44:02,361 - INFO - Migration tracking enabled by alphabtw_ in LOYAL
2025-06-16 23:44:18,865 - INFO - Found 1 enabled guilds with 1 channels for about to graduate alerts
2025-06-16 23:44:19,309 - INFO - About to graduate alert channel ??final-stretch (ID: 1380980366696779907) added by alphabtw_ in LOYAL
2025-06-16 23:44:26,202 - INFO - Found 2 enabled guilds with 2 channels for about to graduate alerts
2025-06-16 23:44:26,684 - INFO - About to graduate alert tracking enabled by alphabtw_ in LOYAL
2025-06-16 23:48:09,921 - INFO - using mobula only to build embed for: 2NL39mYizzVBA83P8bxDKhNXwYePLYVN4Q4hbyrEptq4
2025-06-16 23:48:09,921 - INFO - mobula data: {'data': {'id': None, 'name': 'THE AI.GOV', 'symbol': 'SIRIUS', 'decimals': 6, 'logo': 'https://ipfs.io/ipfs/QmWS5ydraH235YhkX6UpfQ9RWKBvP9mfmUWGvriksgoSW2', 'rank': None, 'price': 6.476427762247631e-05, 'market_cap': 64764.27762247631, 'market_cap_diluted': 64764.27762247631, 'volume': 35825.185263266656, 'volume_change_24h': None, 'volume_7d': None, 'liquidity': 0, 'ath': None, 'atl': None, 'off_chain_volume': None, 'is_listed': False, 'price_change_1h': 1043.6853015624094, 'price_change_24h': 1043.6853015624094, 'price_change_7d': 1043.6853015624094, 'price_change_1m': 1043.6853015624094, 'price_change_1y': 1043.6853015624094, 'total_supply': 1000000000, 'circulating_supply': 1000000000, 'contracts': [{'address': '2NL39mYizzVBA83P8bxDKhNXwYePLYVN4Q4hbyrEptq4', 'blockchainId': 'solana', 'blockchain': 'Solana', 'decimals': 6}], 'native': {'name': 'Solana', 'symbol': 'SOL', 'address': 'So11111111111111111111111111111111111111112', 'type': 'native', 'decimals': 9, 'logo': 'https://metacore.mobula.io/78ee4d656f4f152a90d733f4eaaa4e1685e25bc654087acdb62bfe494d668976.png'}, 'priceNative': 4.10784270519292e-07}}
2025-06-16 23:49:08,190 - INFO - using mobula only to build embed for: peP3awym38vKrAJfBiE2YJw8TgYSzEwBNqvRSDxpump
2025-06-16 23:49:08,190 - INFO - mobula data: {'data': {'id': None, 'name': 'MEI WORKS', 'symbol': 'MEI', 'decimals': 6, 'logo': 'https://ipfs.io/ipfs/QmY2ZAQ6YNfUeVmHX1woNUSP2GmpXdWpjoTddj8fo27eYJ', 'rank': None, 'price': 6.471693799232796e-05, 'market_cap': 64716.937992327956, 'market_cap_diluted': 64716.937992327956, 'volume': 12657.500919569811, 'volume_change_24h': None, 'volume_7d': None, 'liquidity': 0, 'ath': None, 'atl': None, 'off_chain_volume': None, 'is_listed': False, 'price_change_1h': 699.8289904474863, 'price_change_24h': 699.8289904474863, 'price_change_7d': 699.8289904474863, 'price_change_1m': 699.8289904474863, 'price_change_1y': 699.8289904474863, 'total_supply': 1000000000, 'circulating_supply': 1000000000, 'contracts': [{'address': 'peP3awym38vKrAJfBiE2YJw8TgYSzEwBNqvRSDxpump', 'blockchainId': 'solana', 'blockchain': 'Solana', 'decimals': 6}], 'native': {'name': 'Solana', 'symbol': 'SOL', 'address': 'So11111111111111111111111111111111111111112', 'type': 'native', 'decimals': 9, 'logo': 'https://metacore.mobula.io/78ee4d656f4f152a90d733f4eaaa4e1685e25bc654087acdb62bfe494d668976.png'}, 'priceNative': 4.10707178651883e-07}}
2025-06-17 00:03:45,743 - INFO - using mobula only to build embed for: ES4yimRV5E9NDUnC1Ki8wX8GKueCjFBk5dx7H34jpump
2025-06-17 00:03:45,743 - INFO - mobula data: {'data': {'id': None, 'name': 'Monark Talks', 'symbol': 'TALKS', 'decimals': 6, 'logo': 'https://ipfs.io/ipfs/bafkreibq5il67mqsggu2sc6vizsxjxp7hhxqwz4tpoyapfm6oadw7e7ula', 'rank': None, 'price': 6.484167802955505e-05, 'market_cap': 64841.67802955505, 'market_cap_diluted': 64841.67802955505, 'volume': 12046.912147955592, 'volume_change_24h': None, 'volume_7d': None, 'liquidity': 0, 'ath': None, 'atl': None, 'off_chain_volume': None, 'is_listed': False, 'price_change_1h': 861.1049034272917, 'price_change_24h': 861.1049034272917, 'price_change_7d': 861.1049034272917, 'price_change_1m': 861.1049034272917, 'price_change_1y': 861.1049034272917, 'total_supply': 1000000000, 'circulating_supply': 1000000000, 'contracts': [{'address': 'ES4yimRV5E9NDUnC1Ki8wX8GKueCjFBk5dx7H34jpump', 'blockchainId': 'solana', 'blockchain': 'Solana', 'decimals': 6}], 'native': {'name': 'Solana', 'symbol': 'SOL', 'address': 'So11111111111111111111111111111111111111112', 'type': 'native', 'decimals': 9, 'logo': 'https://metacore.mobula.io/78ee4d656f4f152a90d733f4eaaa4e1685e25bc654087acdb62bfe494d668976.png'}, 'priceNative': 4.106966484953197e-07}}
2025-06-17 00:16:53,543 - INFO - using mobula only to build embed for: GgLyU28hTpmttqqkBFYm5fDZuC5TvVw36V1UdT2aZvrC
2025-06-17 00:16:53,543 - INFO - mobula data: {'data': {'id': None, 'name': 'JPMD', 'symbol': 'JPMD', 'decimals': 6, 'logo': 'https://ipfs.io/ipfs/QmR31ud83Wo247dBkBsagPjx3YDoLmzHFZhPtDvAmmARTV', 'rank': None, 'price': 2.081681858940026e-05, 'market_cap': 20816.81858940026, 'market_cap_diluted': 20816.81858940026, 'volume': 8068.594735691415, 'volume_change_24h': None, 'volume_7d': None, 'liquidity': 10049.341309603913, 'ath': None, 'atl': None, 'off_chain_volume': None, 'is_listed': False, 'price_change_1h': 111.87031359648054, 'price_change_24h': 111.87031359648054, 'price_change_7d': 111.87031359648054, 'price_change_1m': 111.87031359648054, 'price_change_1y': 111.87031359648054, 'total_supply': 1000000000, 'circulating_supply': 1000000000, 'contracts': [{'address': 'GgLyU28hTpmttqqkBFYm5fDZuC5TvVw36V1UdT2aZvrC', 'blockchainId': 'solana', 'blockchain': 'Solana', 'decimals': 6}], 'native': {'name': 'Solana', 'symbol': 'SOL', 'address': 'So11111111111111111111111111111111111111112', 'type': 'native', 'decimals': 9, 'logo': 'https://metacore.mobula.io/78ee4d656f4f152a90d733f4eaaa4e1685e25bc654087acdb62bfe494d668976.png'}, 'priceNative': 1.3204584580939166e-07}}
2025-06-17 00:17:17,147 - INFO - using mobula only to build embed for: 2in6AtyC7ZVDvkcd8hhNqnQ2TkSXZh1VJdBDaiDeDbkC
2025-06-17 00:17:17,148 - INFO - mobula data: {'data': {'id': None, 'name': 'JPMD', 'symbol': 'JPMD', 'decimals': 6, 'logo': None, 'rank': None, 'price': 0, 'market_cap': 0, 'market_cap_diluted': 0, 'volume': 0, 'volume_change_24h': None, 'volume_7d': None, 'liquidity': 0, 'ath': None, 'atl': None, 'off_chain_volume': None, 'is_listed': False, 'price_change_1h': 0, 'price_change_24h': 0, 'price_change_7d': 0, 'price_change_1m': 0, 'price_change_1y': 0, 'total_supply': 1000000000, 'circulating_supply': 1000000000, 'contracts': [{'address': '2in6AtyC7ZVDvkcd8hhNqnQ2TkSXZh1VJdBDaiDeDbkC', 'blockchainId': 'solana', 'blockchain': 'Solana', 'decimals': 6}], 'native': {'name': 'Solana', 'symbol': 'SOL', 'address': 'So11111111111111111111111111111111111111112', 'type': 'native', 'decimals': 9, 'logo': 'https://metacore.mobula.io/78ee4d656f4f152a90d733f4eaaa4e1685e25bc654087acdb62bfe494d668976.png'}, 'priceNative': 0}}
2025-06-17 00:17:45,948 - WARNING - API mobula returned status 404 for URL: https://api.mobula.io/api/1/market/data?asset=4xwpkomSDguaC1feUvjWc3kgdLahaMcrf9FpAFCPAg57&blockchain=solana
2025-06-17 00:17:45,948 - ERROR - Empty response from Mobula API for 4xwpkomSDguaC1feUvjWc3kgdLahaMcrf9FpAFCPAg57
2025-06-17 00:21:36,672 - INFO - using mobula only to build embed for: HxNWMeRxLSB7d5g9QfMoEdGYJ7bJXfrKGrpSJTsEpump
2025-06-17 00:21:36,673 - INFO - mobula data: {'data': {'id': None, 'name': 'Monark Talks', 'symbol': 'TALKS', 'decimals': 6, 'logo': 'https://ipfs.io/ipfs/bafkreibq5il67mqsggu2sc6vizsxjxp7hhxqwz4tpoyapfm6oadw7e7ula', 'rank': None, 'price': 6.359937554445152e-05, 'market_cap': 63599.37554445152, 'market_cap_diluted': 63599.37554445152, 'volume': 34458.61947904299, 'volume_change_24h': None, 'volume_7d': None, 'liquidity': 17801.46521489198, 'ath': None, 'atl': None, 'off_chain_volume': None, 'is_listed': False, 'price_change_1h': -4.13655594948257, 'price_change_24h': -4.13655594948257, 'price_change_7d': -4.13655594948257, 'price_change_1m': -4.13655594948257, 'price_change_1y': -4.13655594948257, 'total_supply': 1000000000, 'circulating_supply': 1000000000, 'contracts': [{'address': 'HxNWMeRxLSB7d5g9QfMoEdGYJ7bJXfrKGrpSJTsEpump', 'blockchainId': 'solana', 'blockchain': 'Solana', 'decimals': 6}], 'native': {'name': 'Solana', 'symbol': 'SOL', 'address': 'So11111111111111111111111111111111111111112', 'type': 'native', 'decimals': 9, 'logo': 'https://metacore.mobula.io/78ee4d656f4f152a90d733f4eaaa4e1685e25bc654087acdb62bfe494d668976.png'}, 'priceNative': 4.039137879705427e-07}}
2025-06-17 00:22:07,420 - INFO - using mobula only to build embed for: HFRdjJGmgHDT9fWMMjgouMui3SnyR99nihNjeobhpump
2025-06-17 00:22:07,420 - INFO - mobula data: {'data': {'id': None, 'name': 'Task Rush', 'symbol': 'TASK ', 'decimals': 6, 'logo': '', 'rank': None, 'price': 6.469348558650529e-05, 'market_cap': 64693.48558650529, 'market_cap_diluted': 64693.48558650529, 'volume': 0, 'volume_change_24h': None, 'volume_7d': None, 'liquidity': 0, 'ath': None, 'atl': None, 'off_chain_volume': None, 'is_listed': False, 'price_change_1h': 0, 'price_change_24h': 0, 'price_change_7d': 0, 'price_change_1m': 0, 'price_change_1y': 0, 'total_supply': 1000000000, 'circulating_supply': 1000000000, 'contracts': [{'address': 'HFRdjJGmgHDT9fWMMjgouMui3SnyR99nihNjeobhpump', 'blockchainId': 'solana', 'blockchain': 'Solana', 'decimals': 6}], 'native': {'name': 'Solana', 'symbol': 'SOL', 'address': 'So11111111111111111111111111111111111111112', 'type': 'native', 'decimals': 9, 'logo': 'https://metacore.mobula.io/78ee4d656f4f152a90d733f4eaaa4e1685e25bc654087acdb62bfe494d668976.png'}, 'priceNative': 4.108297945752045e-07}}
2025-06-17 00:27:11,316 - INFO - Metrics Report | Uptime: 1h 0m | Memory: 63.3MB | Processed: 26 | Avg Processing: 0.2981s | Errors: 1 (1 types, Top: api_mobula=1) | Last Cleanup: 2025-06-16 23:27:10 (1h ago)
2025-06-17 00:27:18,546 - INFO - using mobula only to build embed for: jzmvDyJVPHb5dS6ZNkGfa1N7jdiB4oPZkeWvUVypump
2025-06-17 00:27:18,547 - INFO - mobula data: {'data': {'id': None, 'name': ' CultOfHand', 'symbol': ' HAND', 'decimals': 6, 'logo': 'https://ipfs.io/ipfs/QmRtDq8YEd5QmuxenirXEuXohSofvUdfDKNJJeuAWaTEzK', 'rank': None, 'price': 5.406462611560161e-05, 'market_cap': 54064.62611560161, 'market_cap_diluted': 54064.62611560161, 'volume': 20247.54207213361, 'volume_change_24h': None, 'volume_7d': None, 'liquidity': 16487.909089605826, 'ath': None, 'atl': None, 'off_chain_volume': None, 'is_listed': False, 'price_change_1h': 274.0801233673095, 'price_change_24h': 274.0801233673095, 'price_change_7d': 274.0801233673095, 'price_change_1m': 274.0801233673095, 'price_change_1y': 274.0801233673095, 'total_supply': 1000000000, 'circulating_supply': 1000000000, 'contracts': [{'address': 'jzmvDyJVPHb5dS6ZNkGfa1N7jdiB4oPZkeWvUVypump', 'blockchainId': 'solana', 'blockchain': 'Solana', 'decimals': 6}], 'native': {'name': 'Solana', 'symbol': 'SOL', 'address': 'So11111111111111111111111111111111111111112', 'type': 'native', 'decimals': 9, 'logo': 'https://metacore.mobula.io/78ee4d656f4f152a90d733f4eaaa4e1685e25bc654087acdb62bfe494d668976.png'}, 'priceNative': 3.4201995774993517e-07}}
2025-06-17 00:35:00,365 - INFO - using mobula only to build embed for: LjgTE6FUyBeck5cyQvWS21b9DYuJPZXsi7Ds1AeNeqc
2025-06-17 00:35:00,365 - INFO - mobula data: {'data': {'id': None, 'name': 'Embubu', 'symbol': 'EMBUBU', 'decimals': 6, 'logo': 'https://ipfs.io/ipfs/QmNtMmrka9eF1focQPYKomF5fPp44ut5RX7G1VLXiUKT6L', 'rank': None, 'price': 4.932409731252226e-05, 'market_cap': 49324.09731252226, 'market_cap_diluted': 49324.09731252226, 'volume': 18892.09766313311, 'volume_change_24h': None, 'volume_7d': None, 'liquidity': 15631.14557835319, 'ath': None, 'atl': None, 'off_chain_volume': None, 'is_listed': False, 'price_change_1h': 79.74476115041335, 'price_change_24h': 79.74476115041335, 'price_change_7d': 79.74476115041335, 'price_change_1m': 79.74476115041335, 'price_change_1y': 79.74476115041335, 'total_supply': 1000000000, 'circulating_supply': 1000000000, 'contracts': [{'address': 'LjgTE6FUyBeck5cyQvWS21b9DYuJPZXsi7Ds1AeNeqc', 'blockchainId': 'solana', 'blockchain': 'Solana', 'decimals': 6}], 'native': {'name': 'Solana', 'symbol': 'SOL', 'address': 'So11111111111111111111111111111111111111112', 'type': 'native', 'decimals': 9, 'logo': 'https://metacore.mobula.io/78ee4d656f4f152a90d733f4eaaa4e1685e25bc654087acdb62bfe494d668976.png'}, 'priceNative': 3.117561543578999e-07}}
2025-06-17 00:45:10,653 - WARNING - API mobula returned status 404 for URL: https://api.mobula.io/api/1/market/data?asset=CzCPhoNduKKjdfsjGoB5ZZRDqSQkaP7bGc4gw1jGpump&blockchain=solana
2025-06-17 00:45:10,653 - ERROR - Empty response from Mobula API for CzCPhoNduKKjdfsjGoB5ZZRDqSQkaP7bGc4gw1jGpump
2025-06-17 00:50:23,731 - INFO - using mobula only to build embed for: GFwr6tL1Koy1Zezf8yeHrHUB18QbbjxSfPAkBjTgqetG
2025-06-17 00:50:23,731 - INFO - mobula data: {'data': {'id': None, 'name': 'JUSTICE FOR PUMP.FUN', 'symbol': 'JFP', 'decimals': 6, 'logo': 'https://ipfs.io/ipfs/Qmayt88PCebrTbbRUpGWVuQC3Dw2EvqaAfe83ZFsHAc6X2', 'rank': None, 'price': 6.504468677182879e-05, 'market_cap': 65044.68677182879, 'market_cap_diluted': 65044.68677182879, 'volume': 25516.675397793082, 'volume_change_24h': None, 'volume_7d': None, 'liquidity': 0, 'ath': None, 'atl': None, 'off_chain_volume': None, 'is_listed': False, 'price_change_1h': 445.08753300582225, 'price_change_24h': 445.08753300582225, 'price_change_7d': 445.08753300582225, 'price_change_1m': 445.08753300582225, 'price_change_1y': 445.08753300582225, 'total_supply': 1000000000, 'circulating_supply': 1000000000, 'contracts': [{'address': 'GFwr6tL1Koy1Zezf8yeHrHUB18QbbjxSfPAkBjTgqetG', 'blockchainId': 'solana', 'blockchain': 'Solana', 'decimals': 6}], 'native': {'name': 'Solana', 'symbol': 'SOL', 'address': 'So11111111111111111111111111111111111111112', 'type': 'native', 'decimals': 9, 'logo': 'https://metacore.mobula.io/78ee4d656f4f152a90d733f4eaaa4e1685e25bc654087acdb62bfe494d668976.png'}, 'priceNative': 4.1096564356697326e-07}}
2025-06-17 00:50:32,352 - INFO - using mobula only to build embed for: 41vwPynvqxpzJec1NTMnpg8HyqNfQsRDLATuK7ZCvNbk
2025-06-17 00:50:32,353 - INFO - mobula data: {'data': {'id': None, 'name': 'JUSTICE FOR PUMPFUN', 'symbol': 'PUMP', 'decimals': 6, 'logo': 'https://ipfs.io/ipfs/QmeBU9g25FaSFDD4Qfy821x5rrHNyUCshFgHJF23DmgH8k', 'rank': None, 'price': 6.0204977980254954e-05, 'market_cap': 60204.97798025495, 'market_cap_diluted': 60204.97798025495, 'volume': 14735.03854359462, 'volume_change_24h': None, 'volume_7d': None, 'liquidity': 16851.37333667336, 'ath': None, 'atl': None, 'off_chain_volume': None, 'is_listed': False, 'price_change_1h': 840.1257736816874, 'price_change_24h': 840.1257736816874, 'price_change_7d': 840.1257736816874, 'price_change_1m': 840.1257736816874, 'price_change_1y': 840.1257736816874, 'total_supply': 1000000000, 'circulating_supply': 1000000000, 'contracts': [{'address': '41vwPynvqxpzJec1NTMnpg8HyqNfQsRDLATuK7ZCvNbk', 'blockchainId': 'solana', 'blockchain': 'Solana', 'decimals': 6}], 'native': {'name': 'Solana', 'symbol': 'SOL', 'address': 'So11111111111111111111111111111111111111112', 'type': 'native', 'decimals': 9, 'logo': 'https://metacore.mobula.io/78ee4d656f4f152a90d733f4eaaa4e1685e25bc654087acdb62bfe494d668976.png'}, 'priceNative': 3.8038737289003144e-07}}
2025-06-17 00:51:31,932 - INFO - using mobula only to build embed for: 8SSMnmsbfoFDL9hTGQpeoA5pWYfMLEEPfBNWA64CrqsU
2025-06-17 00:51:31,932 - INFO - mobula data: {'data': {'id': None, 'name': 'JUSTICE FOR ALON', 'symbol': 'ALON', 'decimals': 6, 'logo': 'https://ipfs.io/ipfs/QmZtW99oqUHdrLuBNvqibWLLc76APgpdsAiWc6UuMDAn1q', 'rank': None, 'price': 6.517643422955775e-05, 'market_cap': 65176.434229557744, 'market_cap_diluted': 65176.434229557744, 'volume': 55773.97463108882, 'volume_change_24h': None, 'volume_7d': None, 'liquidity': 0, 'ath': None, 'atl': None, 'off_chain_volume': None, 'is_listed': False, 'price_change_1h': 321.7597006425873, 'price_change_24h': 321.7597006425873, 'price_change_7d': 321.7597006425873, 'price_change_1m': 321.7597006425873, 'price_change_1y': 321.7597006425873, 'total_supply': 1000000000, 'circulating_supply': 1000000000, 'contracts': [{'address': '8SSMnmsbfoFDL9hTGQpeoA5pWYfMLEEPfBNWA64CrqsU', 'blockchainId': 'solana', 'blockchain': 'Solana', 'decimals': 6}], 'native': {'name': 'Solana', 'symbol': 'SOL', 'address': 'So11111111111111111111111111111111111111112', 'type': 'native', 'decimals': 9, 'logo': 'https://metacore.mobula.io/78ee4d656f4f152a90d733f4eaaa4e1685e25bc654087acdb62bfe494d668976.png'}, 'priceNative': 4.1179805096934613e-07}}
2025-06-17 00:51:42,938 - INFO - using mobula only to build embed for: B8dGRujJy61pybrb728QnmVS1orCHe6EWY9y2KTsvbN4
2025-06-17 00:51:42,938 - INFO - mobula data: {'data': {'id': None, 'name': 'Justice for Alon', 'symbol': 'RIPALON', 'decimals': 6, 'logo': 'https://ipfs.io/ipfs/QmSyAjPFEhHizHas7S8HDKXagLqfZqsh2762N29K7MLTNZ', 'rank': None, 'price': 6.516636357096768e-05, 'market_cap': 65166.363570967675, 'market_cap_diluted': 65166.363570967675, 'volume': 23104.1532346431, 'volume_change_24h': None, 'volume_7d': None, 'liquidity': 0, 'ath': None, 'atl': None, 'off_chain_volume': None, 'is_listed': False, 'price_change_1h': 85.93743109558993, 'price_change_24h': 85.93743109558993, 'price_change_7d': 85.93743109558993, 'price_change_1m': 85.93743109558993, 'price_change_1y': 85.93743109558993, 'total_supply': 1000000000, 'circulating_supply': 1000000000, 'contracts': [{'address': 'B8dGRujJy61pybrb728QnmVS1orCHe6EWY9y2KTsvbN4', 'blockchainId': 'solana', 'blockchain': 'Solana', 'decimals': 6}], 'native': {'name': 'Solana', 'symbol': 'SOL', 'address': 'So11111111111111111111111111111111111111112', 'type': 'native', 'decimals': 9, 'logo': 'https://metacore.mobula.io/78ee4d656f4f152a90d733f4eaaa4e1685e25bc654087acdb62bfe494d668976.png'}, 'priceNative': 4.1173442248723616e-07}}
2025-06-17 00:51:50,588 - INFO - using mobula only to build embed for: 9rYSihKLhpA3iFRsXia1i1F7mnpnmbttZe4hsrFm4Y26
2025-06-17 00:51:50,588 - INFO - mobula data: {'data': {'id': None, 'name': 'JUSTICE FOR ALON', 'symbol': 'ALON', 'decimals': 6, 'logo': 'https://ipfs.io/ipfs/QmcUnfBZ9pvs14VeeMmpqC9y9ae81ZNFHF6VxcFHNw7Ync', 'rank': None, 'price': 4.6137389611658124e-05, 'market_cap': 46137.38961165812, 'market_cap_diluted': 46137.38961165812, 'volume': 22766.15312870517, 'volume_change_24h': None, 'volume_7d': None, 'liquidity': 15173.262775138603, 'ath': None, 'atl': None, 'off_chain_volume': None, 'is_listed': False, 'price_change_1h': 135.36008127565958, 'price_change_24h': 135.36008127565958, 'price_change_7d': 135.36008127565958, 'price_change_1m': 135.36008127565958, 'price_change_1y': 135.36008127565958, 'total_supply': 1000000000, 'circulating_supply': 1000000000, 'contracts': [{'address': '9rYSihKLhpA3iFRsXia1i1F7mnpnmbttZe4hsrFm4Y26', 'blockchainId': 'solana', 'blockchain': 'Solana', 'decimals': 6}], 'native': {'name': 'Solana', 'symbol': 'SOL', 'address': 'So11111111111111111111111111111111111111112', 'type': 'native', 'decimals': 9, 'logo': 'https://metacore.mobula.io/78ee4d656f4f152a90d733f4eaaa4e1685e25bc654087acdb62bfe494d668976.png'}, 'priceNative': 2.9150547039711983e-07}}
2025-06-17 00:52:20,159 - INFO - using mobula only to build embed for: 8ks7tg3y84zxPo8JwR8gUihoK7g6F28FCW2W1kXBpump
2025-06-17 00:52:20,160 - INFO - mobula data: {'data': {'id': None, 'name': ' The Great Banning', 'symbol': 'PURGE', 'decimals': 6, 'logo': 'https://ipfs.io/ipfs/bafkreigfh44yu25o5d7sqagdfuu5gjtqokrc25ymp5d7pkopqj5j3jwuja', 'rank': None, 'price': 6.514256141215364e-05, 'market_cap': 65142.56141215364, 'market_cap_diluted': 65142.56141215364, 'volume': 18515.031742346036, 'volume_change_24h': None, 'volume_7d': None, 'liquidity': 0, 'ath': None, 'atl': None, 'off_chain_volume': None, 'is_listed': False, 'price_change_1h': 573.9534611865703, 'price_change_24h': 573.9534611865703, 'price_change_7d': 573.9534611865703, 'price_change_1m': 573.9534611865703, 'price_change_1y': 573.9534611865703, 'total_supply': 1000000000, 'circulating_supply': 1000000000, 'contracts': [{'address': '8ks7tg3y84zxPo8JwR8gUihoK7g6F28FCW2W1kXBpump', 'blockchainId': 'solana', 'blockchain': 'Solana', 'decimals': 6}], 'native': {'name': 'Solana', 'symbol': 'SOL', 'address': 'So11111111111111111111111111111111111111112', 'type': 'native', 'decimals': 9, 'logo': 'https://metacore.mobula.io/78ee4d656f4f152a90d733f4eaaa4e1685e25bc654087acdb62bfe494d668976.png'}, 'priceNative': 4.115840355763174e-07}}
2025-06-17 00:53:17,237 - INFO - using mobula only to build embed for: AyFQWHmfNaYNnrphj1bHxb5Tm53BddbHVfh4hmCdpump
2025-06-17 00:53:17,237 - INFO - mobula data: {'data': {'id': None, 'name': 'Rest In Pump', 'symbol': 'RIP', 'decimals': 6, 'logo': 'https://ipfs.io/ipfs/bafkreihxzid5pww2s3bzauyjgxt7vq33llwoaukmi6wcocqghuewtynub4', 'rank': None, 'price': 5.725690961315624e-05, 'market_cap': 57256.90961315624, 'market_cap_diluted': 57256.90961315624, 'volume': 13238.956517570248, 'volume_change_24h': None, 'volume_7d': None, 'liquidity': 16334.564933607768, 'ath': None, 'atl': None, 'off_chain_volume': None, 'is_listed': False, 'price_change_1h': 0, 'price_change_24h': 0, 'price_change_7d': 0, 'price_change_1m': 0, 'price_change_1y': 0, 'total_supply': 1000000000, 'circulating_supply': 1000000000, 'contracts': [{'address': 'AyFQWHmfNaYNnrphj1bHxb5Tm53BddbHVfh4hmCdpump', 'blockchainId': 'solana', 'blockchain': 'Solana', 'decimals': 6}], 'native': {'name': 'Solana', 'symbol': 'SOL', 'address': 'So11111111111111111111111111111111111111112', 'type': 'native', 'decimals': 9, 'logo': 'https://metacore.mobula.io/78ee4d656f4f152a90d733f4eaaa4e1685e25bc654087acdb62bfe494d668976.png'}, 'priceNative': 3.617608735725055e-07}}
2025-06-17 00:57:31,550 - WARNING - API mobula returned status 404 for URL: https://api.mobula.io/api/1/market/data?asset=FJm7qDKf7zRmT3Qhv8BFrGaApTURsSuq7ia1MfGJpump&blockchain=solana
2025-06-17 00:57:31,550 - ERROR - Empty response from Mobula API for FJm7qDKf7zRmT3Qhv8BFrGaApTURsSuq7ia1MfGJpump
2025-06-17 01:00:19,215 - INFO - using mobula only to build embed for: YRg3quEkwKhbRoU29qzW7V4nzfvLVZEuT7oRXxEpump
2025-06-17 01:00:19,215 - INFO - mobula data: {'data': {'id': None, 'name': 'Ferron', 'symbol': 'FERRON', 'decimals': 6, 'logo': '', 'rank': None, 'price': 4.780027823847592e-06, 'market_cap': 4780.027823847592, 'market_cap_diluted': 4780.027823847592, 'volume': 0, 'volume_change_24h': None, 'volume_7d': None, 'liquidity': 4937.768742034562, 'ath': None, 'atl': None, 'off_chain_volume': None, 'is_listed': False, 'price_change_1h': 0, 'price_change_24h': 0, 'price_change_7d': 0, 'price_change_1m': 0, 'price_change_1y': 0, 'total_supply': 1000000000, 'circulating_supply': 1000000000, 'contracts': [{'address': 'YRg3quEkwKhbRoU29qzW7V4nzfvLVZEuT7oRXxEpump', 'blockchainId': 'solana', 'blockchain': 'Solana', 'decimals': 6}], 'native': {'name': 'Solana', 'symbol': 'SOL', 'address': 'So11111111111111111111111111111111111111112', 'type': 'native', 'decimals': 9, 'logo': 'https://metacore.mobula.io/78ee4d656f4f152a90d733f4eaaa4e1685e25bc654087acdb62bfe494d668976.png'}, 'priceNative': 3.0164026965365183e-08}}
2025-06-17 01:17:06,246 - WARNING - API mobula returned status 503 for URL: https://api.mobula.io/api/1/market/history/pair?asset=b37NMA81bSgVmC6E5TXyrUndRzwdYycxoLFsG3gpump&blockchain=solana&period=4h&amount=100000
2025-06-17 01:21:56,338 - INFO - using mobula only to build embed for: BWvdQB7raNgL7AbSzL7pgWUjU1ncNvN5CeKCk4Epump
2025-06-17 01:21:56,338 - INFO - mobula data: {'data': {'id': None, 'name': 'Gameit', 'symbol': 'GAME', 'decimals': 6, 'logo': 'https://ipfs.io/ipfs/QmXkuRqiawMf8X8YXTE5Vih53SjAQFGBJ44L5W2aHGgLGB', 'rank': None, 'price': 6.471673770681273e-05, 'market_cap': 64716.73770681273, 'market_cap_diluted': 64716.73770681273, 'volume': 11308.775554408283, 'volume_change_24h': None, 'volume_7d': None, 'liquidity': 0, 'ath': None, 'atl': None, 'off_chain_volume': None, 'is_listed': False, 'price_change_1h': 118.20986113745933, 'price_change_24h': 118.20986113745933, 'price_change_7d': 118.20986113745933, 'price_change_1m': 118.20986113745933, 'price_change_1y': 118.20986113745933, 'total_supply': 1000000000, 'circulating_supply': 1000000000, 'contracts': [{'address': 'BWvdQB7raNgL7AbSzL7pgWUjU1ncNvN5CeKCk4Epump', 'blockchainId': 'solana', 'blockchain': 'Solana', 'decimals': 6}], 'native': {'name': 'Solana', 'symbol': 'SOL', 'address': 'So11111111111111111111111111111111111111112', 'type': 'native', 'decimals': 9, 'logo': 'https://metacore.mobula.io/78ee4d656f4f152a90d733f4eaaa4e1685e25bc654087acdb62bfe494d668976.png'}, 'priceNative': 4.1078000114151896e-07}}
2025-06-17 01:22:12,746 - INFO - using mobula only to build embed for: 5BXrSDJPiA414mXpsQYVwngZ2ee8X4Nhrxy5mAJNpump
2025-06-17 01:22:12,746 - INFO - mobula data: {'data': {'id': None, 'name': 'Pump vs Elon', 'symbol': 'PVE', 'decimals': 6, 'logo': '', 'rank': None, 'price': 0, 'market_cap': 0, 'market_cap_diluted': 0, 'volume': 0, 'volume_change_24h': None, 'volume_7d': None, 'liquidity': 0, 'ath': None, 'atl': None, 'off_chain_volume': None, 'is_listed': False, 'price_change_1h': 0, 'price_change_24h': 0, 'price_change_7d': 0, 'price_change_1m': 0, 'price_change_1y': 0, 'total_supply': 1000000000, 'circulating_supply': 1000000000, 'contracts': [{'address': '5BXrSDJPiA414mXpsQYVwngZ2ee8X4Nhrxy5mAJNpump', 'blockchainId': 'solana', 'blockchain': 'Solana', 'decimals': 6}], 'native': {'name': 'Solana', 'symbol': 'SOL', 'address': 'So11111111111111111111111111111111111111112', 'type': 'native', 'decimals': 9, 'logo': 'https://metacore.mobula.io/78ee4d656f4f152a90d733f4eaaa4e1685e25bc654087acdb62bfe494d668976.png'}, 'priceNative': 0}}
2025-06-17 01:27:11,325 - INFO - Metrics Report | Uptime: 2h 0m | Memory: 49.6MB | Processed: 61 | Avg Processing: 0.4149s | Errors: 4 (1 types, Top: api_mobula=4) | Last Cleanup: 2025-06-16 23:27:10 (2h ago)
2025-06-17 01:44:12,919 - INFO - using mobula only to build embed for: 5YSKd3DPnvgoCLg3M6cAzLoUEmuS68tHAwAsKETpump
2025-06-17 01:44:12,919 - INFO - mobula data: {'data': {'id': None, 'name': 'pwease unban ', 'symbol': 'pwease ', 'decimals': 6, 'logo': '', 'rank': None, 'price': 6.461086686024623e-05, 'market_cap': 64610.86686024623, 'market_cap_diluted': 64610.86686024623, 'volume': 0, 'volume_change_24h': None, 'volume_7d': None, 'liquidity': 0, 'ath': None, 'atl': None, 'off_chain_volume': None, 'is_listed': False, 'price_change_1h': 0, 'price_change_24h': 0, 'price_change_7d': 0, 'price_change_1m': 0, 'price_change_1y': 0, 'total_supply': 1000000000, 'circulating_supply': 1000000000, 'contracts': [{'address': '5YSKd3DPnvgoCLg3M6cAzLoUEmuS68tHAwAsKETpump', 'blockchainId': 'solana', 'blockchain': 'Solana', 'decimals': 6}], 'native': {'name': 'Solana', 'symbol': 'SOL', 'address': 'So11111111111111111111111111111111111111112', 'type': 'native', 'decimals': 9, 'logo': 'https://metacore.mobula.io/78ee4d656f4f152a90d733f4eaaa4e1685e25bc654087acdb62bfe494d668976.png'}, 'priceNative': 4.107506557238054e-07}}
2025-06-17 01:54:23,741 - INFO - using mobula only to build embed for: 6B1LrSM1Z1EVD8ZAKxdPjQuCbMfSgHNwTWEpTdgrpump
2025-06-17 01:54:23,742 - INFO - mobula data: {'data': {'id': None, 'name': 'Dog Shit Still Going NoWhere', 'symbol': 'DOGSHIT3', 'decimals': 6, 'logo': 'https://ipfs.io/ipfs/bafkreiag5ct6mxmlggsxtessiy4nv5cw6bckuesejgxijtkhkl2yjwhfmq', 'rank': None, 'price': 6.456681476583244e-05, 'market_cap': 64566.814765832445, 'market_cap_diluted': 64566.814765832445, 'volume': 24485.23030195, 'volume_change_24h': None, 'volume_7d': None, 'liquidity': 0, 'ath': None, 'atl': None, 'off_chain_volume': None, 'is_listed': False, 'price_change_1h': 996.9282569054284, 'price_change_24h': 996.9282569054284, 'price_change_7d': 996.9282569054284, 'price_change_1m': 996.9282569054284, 'price_change_1y': 996.9282569054284, 'total_supply': 1000000000, 'circulating_supply': 1000000000, 'contracts': [{'address': '6B1LrSM1Z1EVD8ZAKxdPjQuCbMfSgHNwTWEpTdgrpump', 'blockchainId': 'solana', 'blockchain': 'Solana', 'decimals': 6}], 'native': {'name': 'Solana', 'symbol': 'SOL', 'address': 'So11111111111111111111111111111111111111112', 'type': 'native', 'decimals': 9, 'logo': 'https://metacore.mobula.io/78ee4d656f4f152a90d733f4eaaa4e1685e25bc654087acdb62bfe494d668976.png'}, 'priceNative': 4.109488302422036e-07}}
2025-06-17 02:07:51,844 - WARNING - API mobula returned status 500 for URL: https://api.mobula.io/api/1/market/history/pair?asset=factory/osmo1n3n75av8awcnw4jl62n3l48e6e4sxqmaf97w5ua6ddu4s475q5qq9udvx4/alloyed/allSOL&blockchain=osmosis&period=1d&amount=100000
2025-06-17 02:07:52,006 - WARNING - API dexscreener returned status 404 for URL: https://api.dexscreener.com/orders/v1/solana/factory/osmo1n3n75av8awcnw4jl62n3l48e6e4sxqmaf97w5ua6ddu4s475q5qq9udvx4/alloyed/allSOL
2025-06-17 02:07:52,180 - WARNING - API mobula returned status 500 for URL: https://api.mobula.io/api/1/market/history/pair?asset=factory/osmo1n3n75av8awcnw4jl62n3l48e6e4sxqmaf97w5ua6ddu4s475q5qq9udvx4/alloyed/allSOL&blockchain=osmosis&period=1d&amount=100000
2025-06-17 02:07:52,716 - WARNING - API mobula returned status 500 for URL: https://api.mobula.io/api/1/market/history/pair?asset=factory/osmo1n3n75av8awcnw4jl62n3l48e6e4sxqmaf97w5ua6ddu4s475q5qq9udvx4/alloyed/allSOL&blockchain=osmosis&period=1d&amount=100000
2025-06-17 02:07:53,430 - WARNING - API mobula returned status 500 for URL: https://api.mobula.io/api/1/market/history/pair?asset=factory/osmo1n3n75av8awcnw4jl62n3l48e6e4sxqmaf97w5ua6ddu4s475q5qq9udvx4/alloyed/allSOL&blockchain=osmosis&period=1d&amount=100000
2025-06-17 02:27:11,333 - INFO - Metrics Report | Uptime: 3h 0m | Memory: 50.1MB | Processed: 96 | Avg Processing: 0.4518s | Errors: 9 (2 types, Top: api_mobula=8, api_dexscreener=1) | Last Cleanup: 2025-06-16 23:27:10 (3h ago)
2025-06-17 02:30:22,437 - INFO - using mobula only to build embed for: EYQRfjSytsT5aWY2MucrreQ6rUdsscZtCPiiao96pump
2025-06-17 02:30:22,438 - INFO - mobula data: {'data': {'id': None, 'name': 'OpenLedger', 'symbol': 'OpenLedger', 'decimals': 6, 'logo': '', 'rank': None, 'price': 6.463259651318562e-05, 'market_cap': 64632.59651318562, 'market_cap_diluted': 64632.59651318562, 'volume': 19829.32551988923, 'volume_change_24h': None, 'volume_7d': None, 'liquidity': 0, 'ath': None, 'atl': None, 'off_chain_volume': None, 'is_listed': False, 'price_change_1h': 856.7845897394338, 'price_change_24h': 856.7845897394338, 'price_change_7d': 856.7845897394338, 'price_change_1m': 856.7845897394338, 'price_change_1y': 856.7845897394338, 'total_supply': 1000000000, 'circulating_supply': 1000000000, 'contracts': [{'address': 'EYQRfjSytsT5aWY2MucrreQ6rUdsscZtCPiiao96pump', 'blockchainId': 'solana', 'blockchain': 'Solana', 'decimals': 6}], 'native': {'name': 'Solana', 'symbol': 'SOL', 'address': 'So11111111111111111111111111111111111111112', 'type': 'native', 'decimals': 9, 'logo': 'https://metacore.mobula.io/78ee4d656f4f152a90d733f4eaaa4e1685e25bc654087acdb62bfe494d668976.png'}, 'priceNative': 4.107765428416255e-07}}
2025-06-17 02:31:17,522 - INFO - Bundle check called by alphabtw_ for EbVQUPXkdjHxWDm95Qvx5CqwYpRMsshiNPR8QpN3pump
2025-06-17 02:47:11,321 - INFO - Starting periodic metrics cleanup task...
2025-06-17 02:47:11,357 - INFO - Garbage collection completed successfully.
2025-06-17 02:47:11,357 - INFO - Metrics cleanup completed in 0.04 seconds. Next cleanup at 2025-06-17 12:47:11
2025-06-17 03:17:06,323 - INFO - using mobula only to build embed for: L5KzubhcJkuv1p5Kdj4woJiQ4cPLKz1FdRmfiiBpump
2025-06-17 03:17:06,323 - INFO - mobula data: {'data': {'id': None, 'name': 'UNOM', 'symbol': 'UNOM', 'decimals': 6, 'logo': 'https://ipfs.io/ipfs/QmbmMhLm4v34sawVQ6UGpzZEw25x9RZ7QG5dYk7kyng9i2', 'rank': None, 'price': 6.456252704261042e-05, 'market_cap': 64562.527042610425, 'market_cap_diluted': 64562.527042610425, 'volume': 22722.253516610752, 'volume_change_24h': None, 'volume_7d': None, 'liquidity': 0, 'ath': None, 'atl': None, 'off_chain_volume': None, 'is_listed': False, 'price_change_1h': 988.7036063351792, 'price_change_24h': 988.7036063351792, 'price_change_7d': 988.7036063351792, 'price_change_1m': 988.7036063351792, 'price_change_1y': 988.7036063351792, 'total_supply': 1000000000, 'circulating_supply': 1000000000, 'contracts': [{'address': 'L5KzubhcJkuv1p5Kdj4woJiQ4cPLKz1FdRmfiiBpump', 'blockchainId': 'solana', 'blockchain': 'Solana', 'decimals': 6}], 'native': {'name': 'Solana', 'symbol': 'SOL', 'address': 'So11111111111111111111111111111111111111112', 'type': 'native', 'decimals': 9, 'logo': 'https://metacore.mobula.io/78ee4d656f4f152a90d733f4eaaa4e1685e25bc654087acdb62bfe494d668976.png'}, 'priceNative': 4.1086413226508576e-07}}
2025-06-17 03:17:29,421 - WARNING - Bot disconnected from Discord. Attempting to reconnect...
2025-06-17 03:17:30,068 - INFO - Reconnected to Discord after disconnection
2025-06-17 03:17:30,069 - INFO - Post-reconnection health check: Database=True, API Client=True
2025-06-17 03:17:34,433 - INFO - Bot automatically reconnected
2025-06-17 03:27:11,342 - INFO - Metrics Report | Uptime: 4h 0m | Memory: 50.5MB | Processed: 124 | Avg Processing: 0.4496s | Errors: 9 (2 types, Top: api_mobula=8, api_dexscreener=1) | Last Cleanup: 2025-06-17 02:47:11 (40m ago)
2025-06-17 03:44:01,511 - INFO - using mobula only to build embed for: AKiVWoxj4b6QSDXzbkBkjYpy6XjSYtsYxDduKwhLpump
2025-06-17 03:44:01,511 - INFO - mobula data: {'data': {'id': None, 'name': 'ALTAR', 'symbol': 'ALTAR', 'decimals': 6, 'logo': '', 'rank': None, 'price': 5.328160369284722e-06, 'market_cap': 5328.160369284722, 'market_cap_diluted': 5328.160369284722, 'volume': 0, 'volume_change_24h': None, 'volume_7d': None, 'liquidity': 5184.300039314035, 'ath': None, 'atl': None, 'off_chain_volume': None, 'is_listed': False, 'price_change_1h': 0, 'price_change_24h': 0, 'price_change_7d': 0, 'price_change_1m': 0, 'price_change_1y': 0, 'total_supply': 1000000000, 'circulating_supply': 1000000000, 'contracts': [{'address': 'AKiVWoxj4b6QSDXzbkBkjYpy6XjSYtsYxDduKwhLpump', 'blockchainId': 'solana', 'blockchain': 'Solana', 'decimals': 6}], 'native': {'name': 'Solana', 'symbol': 'SOL', 'address': 'So11111111111111111111111111111111111111112', 'type': 'native', 'decimals': 9, 'logo': 'https://metacore.mobula.io/78ee4d656f4f152a90d733f4eaaa4e1685e25bc654087acdb62bfe494d668976.png'}, 'priceNative': 3.400102482014148e-08}}
2025-06-17 03:47:31,567 - INFO - using mobula only to build embed for: 8z5ikfyEiszbXtw2d3qM9bmLV8hFD7QSz53WHL92wbNY
2025-06-17 03:47:31,567 - INFO - mobula data: {'data': {'id': None, 'name': 'CRUNCH', 'symbol': 'CRUNCH', 'decimals': 6, 'logo': 'https://ipfs.io/ipfs/QmXEQT7esyG4aYYWc5XSKWctkwfRVSW8U9EZYsJgWbKyMm', 'rank': None, 'price': 6.440134333091716e-05, 'market_cap': 64401.34333091716, 'market_cap_diluted': 64401.34333091716, 'volume': 11819.395391118032, 'volume_change_24h': None, 'volume_7d': None, 'liquidity': 0, 'ath': None, 'atl': None, 'off_chain_volume': None, 'is_listed': False, 'price_change_1h': -78.20266710894897, 'price_change_24h': -78.20266710894897, 'price_change_7d': -78.20266710894897, 'price_change_1m': -78.20266710894897, 'price_change_1y': -78.20266710894897, 'total_supply': 1000000000, 'circulating_supply': 1000000000, 'contracts': [{'address': '8z5ikfyEiszbXtw2d3qM9bmLV8hFD7QSz53WHL92wbNY', 'blockchainId': 'solana', 'blockchain': 'Solana', 'decimals': 6}], 'native': {'name': 'Solana', 'symbol': 'SOL', 'address': 'So11111111111111111111111111111111111111112', 'type': 'native', 'decimals': 9, 'logo': 'https://metacore.mobula.io/78ee4d656f4f152a90d733f4eaaa4e1685e25bc654087acdb62bfe494d668976.png'}, 'priceNative': 4.1077205719758506e-07}}
2025-06-17 04:00:15,195 - INFO - using mobula only to build embed for: F8EbsTUT4fZZBGexmUzrotgstBSemWGtXRZm4GZopump
2025-06-17 04:00:15,196 - INFO - mobula data: {'data': {'id': None, 'name': 'JPMorgan Dollar', 'symbol': 'JPMD', 'decimals': 6, 'logo': '', 'rank': None, 'price': 6.443491852106396e-05, 'market_cap': 64434.91852106396, 'market_cap_diluted': 64434.91852106396, 'volume': 13331.84108599299, 'volume_change_24h': None, 'volume_7d': None, 'liquidity': 0, 'ath': None, 'atl': None, 'off_chain_volume': None, 'is_listed': False, 'price_change_1h': -91.33898431994818, 'price_change_24h': -91.33898431994818, 'price_change_7d': -91.33898431994818, 'price_change_1m': -91.33898431994818, 'price_change_1y': -91.33898431994818, 'total_supply': 1000000000, 'circulating_supply': 1000000000, 'contracts': [{'address': 'F8EbsTUT4fZZBGexmUzrotgstBSemWGtXRZm4GZopump', 'blockchainId': 'solana', 'blockchain': 'Solana', 'decimals': 6}], 'native': {'name': 'Solana', 'symbol': 'SOL', 'address': 'So11111111111111111111111111111111111111112', 'type': 'native', 'decimals': 9, 'logo': 'https://metacore.mobula.io/78ee4d656f4f152a90d733f4eaaa4e1685e25bc654087acdb62bfe494d668976.png'}, 'priceNative': 4.108444850146165e-07}}
2025-06-17 04:27:11,359 - INFO - Metrics Report | Uptime: 5h 0m | Memory: 49.3MB | Processed: 143 | Avg Processing: 0.3527s | Errors: 9 (2 types, Top: api_mobula=8, api_dexscreener=1) | Last Cleanup: 2025-06-17 02:47:11 (1h ago)
2025-06-17 04:48:11,207 - INFO - using mobula only to build embed for: GnhbQA3HGj6q69sLXFcrs1JV2RkhHzcc8fgVqFHopump
2025-06-17 04:48:11,207 - INFO - mobula data: {'data': {'id': None, 'name': 'Tehran Forecast', 'symbol': 'NUKE', 'decimals': 6, 'logo': '', 'rank': None, 'price': 0, 'market_cap': 0, 'market_cap_diluted': 0, 'volume': 0, 'volume_change_24h': None, 'volume_7d': None, 'liquidity': 0, 'ath': None, 'atl': None, 'off_chain_volume': None, 'is_listed': False, 'price_change_1h': 0, 'price_change_24h': 0, 'price_change_7d': 0, 'price_change_1m': 0, 'price_change_1y': 0, 'total_supply': 1000000000, 'circulating_supply': 1000000000, 'contracts': [{'address': 'GnhbQA3HGj6q69sLXFcrs1JV2RkhHzcc8fgVqFHopump', 'blockchainId': 'solana', 'blockchain': 'Solana', 'decimals': 6}], 'native': {'name': 'Solana', 'symbol': 'SOL', 'address': 'So11111111111111111111111111111111111111112', 'type': 'native', 'decimals': 9, 'logo': 'https://metacore.mobula.io/78ee4d656f4f152a90d733f4eaaa4e1685e25bc654087acdb62bfe494d668976.png'}, 'priceNative': 0}}
2025-06-17 04:58:14,879 - WARNING - Bot disconnected from Discord. Attempting to reconnect...
2025-06-17 04:58:15,533 - INFO - Reconnected to Discord after disconnection
2025-06-17 04:58:15,533 - INFO - Post-reconnection health check: Database=True, API Client=True
2025-06-17 04:58:19,895 - INFO - Bot automatically reconnected
2025-06-17 05:00:04,787 - INFO - using mobula only to build embed for: PhA2jxngvu21VLGvJ4oigjyR1H6EgLS2PscJtmfpump
2025-06-17 05:00:04,787 - INFO - mobula data: {'data': {'id': None, 'name': 'debis', 'symbol': 'DEBIS', 'decimals': 6, 'logo': 'https://ipfs.io/ipfs/QmZkC3TDZUFYuezwMYvf7ynBDxnywff7GuVowaCAs8i8fB', 'rank': None, 'price': 6.287411108932254e-05, 'market_cap': 62874.111089322534, 'market_cap_diluted': 62874.111089322534, 'volume': 18397.004511243842, 'volume_change_24h': None, 'volume_7d': None, 'liquidity': 0, 'ath': None, 'atl': None, 'off_chain_volume': None, 'is_listed': False, 'price_change_1h': 85.76151998052119, 'price_change_24h': 85.76151998052119, 'price_change_7d': 85.76151998052119, 'price_change_1m': 85.76151998052119, 'price_change_1y': 85.76151998052119, 'total_supply': 1000000000, 'circulating_supply': 1000000000, 'contracts': [{'address': 'PhA2jxngvu21VLGvJ4oigjyR1H6EgLS2PscJtmfpump', 'blockchainId': 'solana', 'blockchain': 'Solana', 'decimals': 6}], 'native': {'name': 'Solana', 'symbol': 'SOL', 'address': 'So11111111111111111111111111111111111111112', 'type': 'native', 'decimals': 9, 'logo': 'https://metacore.mobula.io/78ee4d656f4f152a90d733f4eaaa4e1685e25bc654087acdb62bfe494d668976.png'}, 'priceNative': 4.107808613694162e-07}}
2025-06-17 05:01:35,006 - INFO - using mobula only to build embed for: 24UjakqrjRCK1VN1fmqReJ4khMk9CCBrCvgQiHqcpump
2025-06-17 05:01:35,006 - INFO - mobula data: {'data': {'id': None, 'name': 'AI Girlfriend', 'symbol': 'JOI', 'decimals': 6, 'logo': 'https://ipfs.io/ipfs/QmTBxUx149stkgwjf8hAWeeQKNTdi1tQAoWh9uE1Jew8Rr', 'rank': None, 'price': 6.286952688716867e-05, 'market_cap': 62869.52688716867, 'market_cap_diluted': 62869.52688716867, 'volume': 29260.167207547645, 'volume_change_24h': None, 'volume_7d': None, 'liquidity': 0, 'ath': None, 'atl': None, 'off_chain_volume': None, 'is_listed': False, 'price_change_1h': 327.2755754100199, 'price_change_24h': 327.2755754100199, 'price_change_7d': 327.2755754100199, 'price_change_1m': 327.2755754100199, 'price_change_1y': 327.2755754100199, 'total_supply': 1000000000, 'circulating_supply': 1000000000, 'contracts': [{'address': '24UjakqrjRCK1VN1fmqReJ4khMk9CCBrCvgQiHqcpump', 'blockchainId': 'solana', 'blockchain': 'Solana', 'decimals': 6}], 'native': {'name': 'Solana', 'symbol': 'SOL', 'address': 'So11111111111111111111111111111111111111112', 'type': 'native', 'decimals': 9, 'logo': 'https://metacore.mobula.io/78ee4d656f4f152a90d733f4eaaa4e1685e25bc654087acdb62bfe494d668976.png'}, 'priceNative': 4.107354531613413e-07}}
2025-06-17 05:02:08,928 - INFO - using mobula only to build embed for: GXHLcFYNB8i3qfC6WszRyazBjjjzth5hTv8HPSQApump
2025-06-17 05:02:08,928 - INFO - mobula data: {'data': {'id': None, 'name': 'Just A Tehran Guy', 'symbol': 'TEHRAN', 'decimals': 6, 'logo': '', 'rank': None, 'price': 0, 'market_cap': 0, 'market_cap_diluted': 0, 'volume': 0, 'volume_change_24h': None, 'volume_7d': None, 'liquidity': 0, 'ath': None, 'atl': None, 'off_chain_volume': None, 'is_listed': False, 'price_change_1h': 0, 'price_change_24h': 0, 'price_change_7d': 0, 'price_change_1m': 0, 'price_change_1y': 0, 'total_supply': 1000000000, 'circulating_supply': 1000000000, 'contracts': [{'address': 'GXHLcFYNB8i3qfC6WszRyazBjjjzth5hTv8HPSQApump', 'blockchainId': 'solana', 'blockchain': 'Solana', 'decimals': 6}], 'native': {'name': 'Solana', 'symbol': 'SOL', 'address': 'So11111111111111111111111111111111111111112', 'type': 'native', 'decimals': 9, 'logo': 'https://metacore.mobula.io/78ee4d656f4f152a90d733f4eaaa4e1685e25bc654087acdb62bfe494d668976.png'}, 'priceNative': 0}}
2025-06-17 05:05:11,911 - INFO - using mobula only to build embed for: 52uYZbrZqfJCTmFBmnQAr8BYUYRAGdjAsaRPgk6rpump
2025-06-17 05:05:11,911 - INFO - mobula data: {'data': {'id': None, 'name': 'Hotdog', 'symbol': 'HOTDOG', 'decimals': 6, 'logo': 'https://ipfs.io/ipfs/bafybeid2mona34xhlo6xae2kad4o5m2n34x3m2fruoqdedvdjvu5vpxicq', 'rank': None, 'price': 6.264741282618877e-05, 'market_cap': 62647.412826188774, 'market_cap_diluted': 62647.412826188774, 'volume': 8373.971024081975, 'volume_change_24h': None, 'volume_7d': None, 'liquidity': 0, 'ath': None, 'atl': None, 'off_chain_volume': None, 'is_listed': False, 'price_change_1h': 0, 'price_change_24h': 0, 'price_change_7d': 0, 'price_change_1m': 0, 'price_change_1y': 0, 'total_supply': 1000000000, 'circulating_supply': 1000000000, 'contracts': [{'address': '52uYZbrZqfJCTmFBmnQAr8BYUYRAGdjAsaRPgk6rpump', 'blockchainId': 'solana', 'blockchain': 'Solana', 'decimals': 6}], 'native': {'name': 'Solana', 'symbol': 'SOL', 'address': 'So11111111111111111111111111111111111111112', 'type': 'native', 'decimals': 9, 'logo': 'https://metacore.mobula.io/78ee4d656f4f152a90d733f4eaaa4e1685e25bc654087acdb62bfe494d668976.png'}, 'priceNative': 4.0928435079097014e-07}}
2025-06-17 05:11:37,361 - WARNING - Bot disconnected from Discord. Attempting to reconnect...
2025-06-17 05:11:37,997 - INFO - Reconnected to Discord after disconnection
2025-06-17 05:11:37,997 - INFO - Post-reconnection health check: Database=True, API Client=True
2025-06-17 05:11:42,362 - INFO - Bot automatically reconnected
2025-06-17 05:27:11,365 - INFO - Metrics Report | Uptime: 6h 0m | Memory: 51.1MB | Processed: 166 | Avg Processing: 0.3222s | Errors: 9 (2 types, Top: api_mobula=8, api_dexscreener=1) | Last Cleanup: 2025-06-17 02:47:11 (2h ago)
2025-06-17 05:48:35,465 - WARNING - Bot disconnected from Discord. Attempting to reconnect...
2025-06-17 05:48:36,103 - INFO - Reconnected to Discord after disconnection
2025-06-17 05:48:36,104 - INFO - Post-reconnection health check: Database=True, API Client=True
2025-06-17 05:48:40,471 - INFO - Bot automatically reconnected
2025-06-17 06:07:11,367 - INFO - Starting periodic metrics cleanup task...
2025-06-17 06:07:11,409 - INFO - Garbage collection completed successfully.
2025-06-17 06:07:11,409 - INFO - Metrics cleanup completed in 0.04 seconds. Next cleanup at 2025-06-17 16:07:11
