2025-03-18 00:29:37,670 - WARNING - Bot disconnected from Discord. Attempting to reconnect...
2025-03-18 02:56:16,268 - WARNING - Bot disconnected from Discord. Attempting to reconnect...
2025-03-18 05:15:35,733 - WARNING - Bot disconnected from Discord. Attempting to reconnect...
2025-03-18 06:53:49,378 - WARNING - Bot disconnected from Discord. Attempting to reconnect...
2025-03-18 07:37:18,627 - WARNING - API returned status 404 for URL: https://production-api.mobula.io/api/1/market/history/pair?address=47orAQk88uEy9DMwNwYabUczz1wT5sUhaV6tLhkPh7bY&blockchain=solana&period=1h
2025-03-18 07:37:19,283 - WARNING - API returned status 404 for URL: https://production-api.mobula.io/api/1/market/history/pair?address=47orAQk88uEy9DMwNwYabUczz1wT5sUhaV6tLhkPh7bY&blockchain=solana&period=1h
2025-03-18 07:37:20,048 - WARNING - API returned status 404 for URL: https://production-api.mobula.io/api/1/market/history/pair?address=47orAQk88uEy9DMwNwYabUczz1wT5sUhaV6tLhkPh7bY&blockchain=solana&period=1h
2025-03-18 07:37:20,948 - WARNING - API returned status 404 for URL: https://production-api.mobula.io/api/1/market/history/pair?address=47orAQk88uEy9DMwNwYabUczz1wT5sUhaV6tLhkPh7bY&blockchain=solana&period=1h
2025-03-18 07:43:12,101 - WARNING - API returned status 404 for URL: https://production-api.mobula.io/api/1/market/history/pair?address=47orAQk88uEy9DMwNwYabUczz1wT5sUhaV6tLhkPh7bY&blockchain=solana&period=1h
2025-03-18 07:43:12,593 - WARNING - API returned status 404 for URL: https://production-api.mobula.io/api/1/market/history/pair?address=47orAQk88uEy9DMwNwYabUczz1wT5sUhaV6tLhkPh7bY&blockchain=solana&period=1h
2025-03-18 07:43:13,282 - WARNING - API returned status 404 for URL: https://production-api.mobula.io/api/1/market/history/pair?address=47orAQk88uEy9DMwNwYabUczz1wT5sUhaV6tLhkPh7bY&blockchain=solana&period=1h
2025-03-18 07:43:14,180 - WARNING - API returned status 404 for URL: https://production-api.mobula.io/api/1/market/history/pair?address=47orAQk88uEy9DMwNwYabUczz1wT5sUhaV6tLhkPh7bY&blockchain=solana&period=1h
2025-03-18 09:37:15,447 - WARNING - Bot disconnected from Discord. Attempting to reconnect...
2025-03-18 11:29:27,546 - WARNING - Bot disconnected from Discord. Attempting to reconnect...
2025-03-18 11:34:38,073 - WARNING - Bot disconnected from Discord. Attempting to reconnect...
2025-03-18 11:34:38,175 - WARNING - Bot disconnected from Discord. Attempting to reconnect...
2025-03-18 11:34:39,502 - WARNING - Bot disconnected from Discord. Attempting to reconnect...
2025-03-18 11:34:39,966 - WARNING - Bot disconnected from Discord. Attempting to reconnect...
2025-03-18 11:34:46,669 - WARNING - Bot disconnected from Discord. Attempting to reconnect...
2025-03-18 11:34:47,978 - WARNING - Bot disconnected from Discord. Attempting to reconnect...
2025-03-18 11:34:50,260 - WARNING - Bot disconnected from Discord. Attempting to reconnect...
2025-03-18 11:34:59,967 - WARNING - Bot disconnected from Discord. Attempting to reconnect...
2025-03-18 11:36:12,565 - WARNING - Bot disconnected from Discord. Attempting to reconnect...
2025-03-18 11:38:25,915 - WARNING - Bot disconnected from Discord. Attempting to reconnect...
2025-03-18 11:42:52,799 - WARNING - Bot disconnected from Discord. Attempting to reconnect...
2025-03-18 13:32:45,310 - WARNING - Bot disconnected from Discord. Attempting to reconnect...
2025-03-18 14:53:15,549 - WARNING - Bot disconnected from Discord. Attempting to reconnect...
2025-03-18 15:46:53,385 - WARNING - Bot disconnected from Discord. Attempting to reconnect...
2025-03-18 18:10:42,582 - WARNING - Bot disconnected from Discord. Attempting to reconnect...
2025-03-18 20:17:33,877 - WARNING - API returned status 404 for URL: https://production-api.mobula.io/api/1/market/history/pair?address=0x8a6386ee4c99c7bf7F325fB6B1af9328E30A5204&blockchain=solana&period=30d
2025-03-18 20:17:34,377 - WARNING - API returned status 404 for URL: https://production-api.mobula.io/api/1/market/history/pair?address=0x8a6386ee4c99c7bf7F325fB6B1af9328E30A5204&blockchain=solana&period=30d
2025-03-18 20:17:35,253 - WARNING - API returned status 404 for URL: https://production-api.mobula.io/api/1/market/history/pair?address=0x8a6386ee4c99c7bf7F325fB6B1af9328E30A5204&blockchain=solana&period=30d
2025-03-18 20:17:36,168 - WARNING - API returned status 404 for URL: https://production-api.mobula.io/api/1/market/history/pair?address=0x8a6386ee4c99c7bf7F325fB6B1af9328E30A5204&blockchain=solana&period=30d
2025-03-18 20:35:55,662 - WARNING - Bot disconnected from Discord. Attempting to reconnect...
2025-03-18 20:59:52,741 - WARNING - Bot disconnected from Discord. Attempting to reconnect...
2025-03-18 22:28:11,132 - WARNING - API returned status 404 for URL: https://production-api.mobula.io/api/1/market/history/pair?address=47orAQk88uEy9DMwNwYabUczz1wT5sUhaV6tLhkPh7bY&blockchain=solana&period=1h
2025-03-18 22:28:11,628 - WARNING - API returned status 404 for URL: https://production-api.mobula.io/api/1/market/history/pair?address=47orAQk88uEy9DMwNwYabUczz1wT5sUhaV6tLhkPh7bY&blockchain=solana&period=1h
2025-03-18 22:28:12,319 - WARNING - API returned status 404 for URL: https://production-api.mobula.io/api/1/market/history/pair?address=47orAQk88uEy9DMwNwYabUczz1wT5sUhaV6tLhkPh7bY&blockchain=solana&period=1h
2025-03-18 22:28:13,288 - WARNING - API returned status 404 for URL: https://production-api.mobula.io/api/1/market/history/pair?address=47orAQk88uEy9DMwNwYabUczz1wT5sUhaV6tLhkPh7bY&blockchain=solana&period=1h
2025-03-18 22:28:25,690 - WARNING - API returned status 404 for URL: https://production-api.mobula.io/api/1/market/history/pair?address=47orAQk88uEy9DMwNwYabUczz1wT5sUhaV6tLhkPh7bY&blockchain=solana&period=1h
2025-03-18 22:28:26,181 - WARNING - API returned status 404 for URL: https://production-api.mobula.io/api/1/market/history/pair?address=47orAQk88uEy9DMwNwYabUczz1wT5sUhaV6tLhkPh7bY&blockchain=solana&period=1h
2025-03-18 22:28:26,881 - WARNING - API returned status 404 for URL: https://production-api.mobula.io/api/1/market/history/pair?address=47orAQk88uEy9DMwNwYabUczz1wT5sUhaV6tLhkPh7bY&blockchain=solana&period=1h
2025-03-18 22:28:27,776 - WARNING - API returned status 404 for URL: https://production-api.mobula.io/api/1/market/history/pair?address=47orAQk88uEy9DMwNwYabUczz1wT5sUhaV6tLhkPh7bY&blockchain=solana&period=1h
2025-03-18 22:28:41,765 - WARNING - Bot disconnected from Discord. Attempting to reconnect...
2025-03-18 22:33:10,139 - WARNING - API returned status 404 for URL: https://production-api.mobula.io/api/1/market/history/pair?address=0x8a6386ee4c99c7bf7F325fB6B1af9328E30A5204&blockchain=solana&period=30d
2025-03-18 22:33:10,634 - WARNING - API returned status 404 for URL: https://production-api.mobula.io/api/1/market/history/pair?address=0x8a6386ee4c99c7bf7F325fB6B1af9328E30A5204&blockchain=solana&period=30d
2025-03-18 22:33:11,335 - WARNING - API returned status 404 for URL: https://production-api.mobula.io/api/1/market/history/pair?address=0x8a6386ee4c99c7bf7F325fB6B1af9328E30A5204&blockchain=solana&period=30d
2025-03-18 22:33:12,242 - WARNING - API returned status 404 for URL: https://production-api.mobula.io/api/1/market/history/pair?address=0x8a6386ee4c99c7bf7F325fB6B1af9328E30A5204&blockchain=solana&period=30d
2025-03-18 22:43:45,867 - WARNING - API returned status 500 for URL: https://production-api.mobula.io/api/1/market/history/pair?address=0x5A81ef38f60dc18aeEBA0E90C4FB4624087d005D&blockchain=bsc&period=1d
2025-03-18 22:43:46,355 - WARNING - API returned status 500 for URL: https://production-api.mobula.io/api/1/market/history/pair?address=0x5A81ef38f60dc18aeEBA0E90C4FB4624087d005D&blockchain=bsc&period=1d
2025-03-18 22:43:47,045 - WARNING - API returned status 500 for URL: https://production-api.mobula.io/api/1/market/history/pair?address=0x5A81ef38f60dc18aeEBA0E90C4FB4624087d005D&blockchain=bsc&period=1d
2025-03-18 22:43:47,951 - WARNING - API returned status 500 for URL: https://production-api.mobula.io/api/1/market/history/pair?address=0x5A81ef38f60dc18aeEBA0E90C4FB4624087d005D&blockchain=bsc&period=1d
2025-03-18 22:46:07,577 - WARNING - API returned status 404 for URL: https://api.dexscreener.com/orders/v1/solana/factory/osmo1n3n75av8awcnw4jl62n3l48e6e4sxqmaf97w5ua6ddu4s475q5qq9udvx4/alloyed/allSOL
2025-03-18 22:46:07,614 - WARNING - API returned status 500 for URL: https://production-api.mobula.io/api/1/market/history/pair?address=1960&blockchain=osmosis&period=30d
2025-03-18 22:46:08,103 - WARNING - API returned status 500 for URL: https://production-api.mobula.io/api/1/market/history/pair?address=1960&blockchain=osmosis&period=30d
2025-03-18 22:46:08,803 - WARNING - API returned status 500 for URL: https://production-api.mobula.io/api/1/market/history/pair?address=1960&blockchain=osmosis&period=30d
2025-03-18 22:46:09,701 - WARNING - API returned status 500 for URL: https://production-api.mobula.io/api/1/market/history/pair?address=1960&blockchain=osmosis&period=30d
2025-03-18 23:35:17,100 - WARNING - Bot disconnected from Discord. Attempting to reconnect...
2025-03-19 00:37:00,231 - WARNING - API returned status 500 for URL: https://production-api.mobula.io/api/1/market/history/pair?address=0xeb5fcb296e4c5305108e74658849cc5C2400bC0E&blockchain=bsc&period=30d
2025-03-19 00:37:00,716 - WARNING - API returned status 500 for URL: https://production-api.mobula.io/api/1/market/history/pair?address=0xeb5fcb296e4c5305108e74658849cc5C2400bC0E&blockchain=bsc&period=30d
2025-03-19 00:37:01,404 - WARNING - API returned status 500 for URL: https://production-api.mobula.io/api/1/market/history/pair?address=0xeb5fcb296e4c5305108e74658849cc5C2400bC0E&blockchain=bsc&period=30d
2025-03-19 00:37:02,294 - WARNING - API returned status 500 for URL: https://production-api.mobula.io/api/1/market/history/pair?address=0xeb5fcb296e4c5305108e74658849cc5C2400bC0E&blockchain=bsc&period=30d
2025-03-19 01:12:28,762 - WARNING - Bot disconnected from Discord. Attempting to reconnect...
2025-03-19 02:07:35,678 - WARNING - Bot disconnected from Discord. Attempting to reconnect...
2025-03-19 02:13:06,007 - WARNING - Bot disconnected from Discord. Attempting to reconnect...
2025-03-19 02:31:19,208 - WARNING - API returned status 500 for URL: https://production-api.mobula.io/api/1/market/history/pair?address=0xeb5fcb296e4c5305108e74658849cc5C2400bC0E&blockchain=bsc&period=30d
2025-03-19 02:31:19,803 - WARNING - API returned status 500 for URL: https://production-api.mobula.io/api/1/market/history/pair?address=0xeb5fcb296e4c5305108e74658849cc5C2400bC0E&blockchain=bsc&period=30d
2025-03-19 02:31:20,482 - WARNING - API returned status 500 for URL: https://production-api.mobula.io/api/1/market/history/pair?address=0xeb5fcb296e4c5305108e74658849cc5C2400bC0E&blockchain=bsc&period=30d
2025-03-19 02:31:21,472 - WARNING - API returned status 500 for URL: https://production-api.mobula.io/api/1/market/history/pair?address=0xeb5fcb296e4c5305108e74658849cc5C2400bC0E&blockchain=bsc&period=30d
