2025-04-20 04:29:36,396 - INFO - Starting bot...
2025-04-20 04:29:37,306 - INFO - API client initialized
2025-04-20 04:29:37,306 - INFO - WebsiteAnalyzer initialized with concurrency limit of 15
2025-04-20 04:29:37,307 - INFO - All API services initialized
2025-04-20 04:29:37,307 - INFO - Services provider initialized
2025-04-20 04:29:37,467 - INFO - Database connection pool established: size=1-10
2025-04-20 04:29:37,468 - INFO - Database connection successful
2025-04-20 04:29:37,487 - INFO - WebsiteChecker cog initialized
2025-04-20 04:29:37,500 - INFO - Discord Events Registered | Username Ban Server ID: 1313758082974879774
2025-04-20 04:29:37,500 - INFO - Memory monitor started (threshold: 300MB, interval: 3600s)
2025-04-20 04:29:38,886 - INFO - Successfully synced 4 command(s)
2025-04-20 04:29:41,933 - INFO - Logged in as TOPG#4967 (ID: 1340722186100408340)
2025-04-20 04:29:41,934 - INFO - Bot connected to 4 server(s)
2025-04-20 04:29:41,934 - INFO - Echo bot message forwarding: 1 bots from 11 channels to 1 channels
2025-04-20 04:29:41,934 - INFO - Dani message forwarding: 1 users from 2 channels to 1 channels
2025-04-20 04:30:15,355 - INFO - GitHub analysis called by alphabtw_ for https://github.com/BioTech-Ai/BioTechAi (cached: False)
2025-04-20 04:36:01,212 - INFO - GitHub analysis called by alphabtw_ for https://github.com/Alphabtw00/TOPG (cached: False)
2025-04-20 05:06:09,198 - INFO - Bot is shutting down...
2025-04-20 05:06:09,199 - INFO - API client closed
2025-04-20 05:06:09,199 - INFO - Services closed successfully
2025-04-20 05:06:09,200 - INFO - Background task 'metrics_cleanup' canceled
2025-04-20 05:06:09,200 - INFO - Background task 'memory_monitor' canceled
2025-04-20 05:06:09,200 - INFO - Background task 'heartbeat_monitor' canceled
2025-04-20 05:06:09,200 - INFO - Background task 'metrics_report' canceled
2025-04-20 05:06:09,201 - INFO - Database connection pool closed successfully
2025-04-20 05:06:09,204 - INFO - Bot stopped by user
2025-04-20 05:06:13,126 - INFO - Starting bot...
2025-04-20 05:06:14,025 - INFO - API client initialized
2025-04-20 05:06:14,025 - INFO - WebsiteAnalyzer initialized with concurrency limit of 15
2025-04-20 05:06:14,025 - INFO - All API services initialized
2025-04-20 05:06:14,025 - INFO - Services provider initialized
2025-04-20 05:06:14,040 - INFO - Database connection pool established: size=1-10
2025-04-20 05:06:14,040 - INFO - Database connection successful
2025-04-20 05:06:14,050 - INFO - WebsiteChecker cog initialized
2025-04-20 05:06:14,054 - INFO - Discord Events Registered | Username Ban Server ID: 1313758082974879774
2025-04-20 05:06:14,054 - INFO - Memory monitor started (threshold: 300MB, interval: 3600s)
2025-04-20 05:06:14,544 - INFO - Successfully synced 4 command(s)
2025-04-20 05:06:17,597 - INFO - Logged in as TOPG#4967 (ID: 1340722186100408340)
2025-04-20 05:06:17,597 - INFO - Bot connected to 4 server(s)
2025-04-20 05:06:17,598 - INFO - Echo bot message forwarding: 1 bots from 11 channels to 1 channels
2025-04-20 05:06:17,598 - INFO - Dani message forwarding: 1 users from 2 channels to 1 channels
2025-04-20 06:06:14,061 - INFO - Metrics Report | Uptime: 1h 0m | Memory: 32.4MB | Processed: 241 | Avg Processing: 0.0001s | Errors: 0 (0 types, Top: none) | Last Cleanup: 2025-04-20 05:06:13 (1h ago)
2025-04-20 06:36:32,170 - WARNING - Bot disconnected from Discord. Attempting to reconnect...
2025-04-20 06:36:32,853 - INFO - Reconnected to Discord after disconnection
2025-04-20 06:36:32,855 - INFO - Post-reconnection health check: Database=True, API Client=True
2025-04-20 06:36:37,171 - INFO - Bot automatically reconnected
2025-04-20 07:06:14,068 - INFO - Metrics Report | Uptime: 2h 0m | Memory: 40.0MB | Processed: 516 | Avg Processing: 0.0001s | Errors: 0 (0 types, Top: none) | Last Cleanup: 2025-04-20 05:06:13 (2h ago)
2025-04-20 08:06:14,084 - INFO - Metrics Report | Uptime: 3h 0m | Memory: 35.3MB | Processed: 747 | Avg Processing: 0.0001s | Errors: 0 (0 types, Top: none) | Last Cleanup: 2025-04-20 05:06:13 (3h ago)
2025-04-20 08:26:14,057 - INFO - Starting periodic metrics cleanup task...
2025-04-20 08:26:14,177 - INFO - Garbage collection completed successfully.
2025-04-20 08:26:14,177 - INFO - Metrics cleanup completed in 0.12 seconds. Next cleanup at 2025-04-20 18:26:14
2025-04-20 08:34:33,742 - WARNING - Bot disconnected from Discord. Attempting to reconnect...
2025-04-20 08:34:34,394 - INFO - Reconnected to Discord after disconnection
2025-04-20 08:34:34,402 - INFO - Post-reconnection health check: Database=True, API Client=True
2025-04-20 08:34:38,755 - INFO - Bot automatically reconnected
2025-04-20 09:06:14,088 - INFO - Metrics Report | Uptime: 4h 0m | Memory: 71.8MB | Processed: 949 | Avg Processing: 0.0000s | Errors: 0 (0 types, Top: none) | Last Cleanup: 2025-04-20 08:26:14 (40m ago)
2025-04-20 10:06:14,095 - INFO - Metrics Report | Uptime: 5h 0m | Memory: 72.4MB | Processed: 1106 | Avg Processing: 0.0002s | Errors: 0 (0 types, Top: none) | Last Cleanup: 2025-04-20 08:26:14 (1h ago)
2025-04-20 10:42:43,596 - WARNING - Bot disconnected from Discord. Attempting to reconnect...
2025-04-20 10:42:44,274 - INFO - Reconnected to Discord after disconnection
2025-04-20 10:42:44,290 - INFO - Post-reconnection health check: Database=True, API Client=True
2025-04-20 10:42:48,598 - INFO - Bot automatically reconnected
2025-04-20 11:06:14,111 - INFO - Metrics Report | Uptime: 6h 0m | Memory: 72.9MB | Processed: 1264 | Avg Processing: 0.0003s | Errors: 0 (0 types, Top: none) | Last Cleanup: 2025-04-20 08:26:14 (2h ago)
2025-04-20 11:46:14,190 - INFO - Starting periodic metrics cleanup task...
2025-04-20 11:46:14,192 - INFO - Cleaned processing times
2025-04-20 11:46:14,292 - INFO - Garbage collection completed successfully.
2025-04-20 11:46:14,293 - INFO - Metrics cleanup completed in 0.10 seconds. Next cleanup at 2025-04-20 21:46:14
2025-04-20 12:06:14,123 - INFO - Metrics Report | Uptime: 7h 0m | Memory: 73.1MB | Processed: 1402 | Avg Processing: 0.0003s | Errors: 0 (0 types, Top: none) | Last Cleanup: 2025-04-20 11:46:14 (19m ago)
2025-04-20 12:52:06,439 - WARNING - Bot disconnected from Discord. Attempting to reconnect...
2025-04-20 12:52:07,087 - INFO - Reconnected to Discord after disconnection
2025-04-20 12:52:07,100 - INFO - Post-reconnection health check: Database=True, API Client=True
2025-04-20 12:52:11,448 - INFO - Bot automatically reconnected
2025-04-20 13:06:14,127 - INFO - Metrics Report | Uptime: 8h 0m | Memory: 73.3MB | Processed: 1507 | Avg Processing: 0.0003s | Errors: 0 (0 types, Top: none) | Last Cleanup: 2025-04-20 11:46:14 (1h ago)
2025-04-20 13:58:58,614 - WARNING - Bot disconnected from Discord. Attempting to reconnect...
2025-04-20 13:58:59,366 - INFO - Reconnected to Discord after disconnection
2025-04-20 13:58:59,378 - INFO - Post-reconnection health check: Database=True, API Client=True
2025-04-20 13:59:03,620 - INFO - Bot automatically reconnected
2025-04-20 14:06:14,134 - INFO - Metrics Report | Uptime: 9h 0m | Memory: 73.6MB | Processed: 1603 | Avg Processing: 0.0003s | Errors: 0 (0 types, Top: none) | Last Cleanup: 2025-04-20 11:46:14 (2h ago)
2025-04-20 14:18:11,919 - WARNING - Bot disconnected from Discord. Attempting to reconnect...
2025-04-20 14:18:12,574 - INFO - Reconnected to Discord after disconnection
2025-04-20 14:18:12,576 - INFO - Post-reconnection health check: Database=True, API Client=True
2025-04-20 14:18:16,926 - INFO - Bot automatically reconnected
2025-04-20 15:06:14,138 - INFO - Metrics Report | Uptime: 10h 0m | Memory: 73.4MB | Processed: 1702 | Avg Processing: 0.0003s | Errors: 0 (0 types, Top: none) | Last Cleanup: 2025-04-20 11:46:14 (3h ago)
2025-04-20 15:06:14,308 - INFO - Starting periodic metrics cleanup task...
2025-04-20 15:06:14,372 - INFO - Garbage collection completed successfully.
2025-04-20 15:06:14,373 - INFO - Metrics cleanup completed in 0.06 seconds. Next cleanup at 2025-04-21 01:06:14
2025-04-20 15:55:40,528 - WARNING - Bot disconnected from Discord. Attempting to reconnect...
2025-04-20 15:55:41,215 - INFO - Reconnected to Discord after disconnection
2025-04-20 15:55:41,228 - INFO - Post-reconnection health check: Database=True, API Client=True
2025-04-20 15:55:45,537 - INFO - Bot automatically reconnected
2025-04-20 16:06:14,149 - INFO - Metrics Report | Uptime: 11h 0m | Memory: 73.5MB | Processed: 1833 | Avg Processing: 0.0003s | Errors: 0 (0 types, Top: none) | Last Cleanup: 2025-04-20 15:06:14 (59m ago)
2025-04-20 17:07:01,217 - INFO - Starting bot...
2025-04-20 17:07:02,242 - INFO - API client initialized
2025-04-20 17:07:02,242 - INFO - WebsiteAnalyzer initialized with concurrency limit of 15
2025-04-20 17:07:02,242 - INFO - All API services initialized
2025-04-20 17:07:02,243 - INFO - Services provider initialized
2025-04-20 17:07:02,333 - INFO - Database connection pool established: size=1-10
2025-04-20 17:07:02,333 - INFO - Database connection successful
2025-04-20 17:07:02,348 - INFO - WebsiteChecker cog initialized
2025-04-20 17:07:02,355 - INFO - Discord Events Registered | Username Ban Server ID: 1313758082974879774
2025-04-20 17:07:02,356 - INFO - Memory monitor started (threshold: 300MB, interval: 3600s)
2025-04-20 17:07:02,834 - INFO - Successfully synced 4 command(s)
2025-04-20 17:07:05,884 - INFO - Logged in as TOPG#4967 (ID: 1340722186100408340)
2025-04-20 17:07:05,885 - INFO - Bot connected to 4 server(s)
2025-04-20 17:07:05,885 - INFO - Echo bot message forwarding: 1 bots from 11 channels to 1 channels
2025-04-20 17:07:05,885 - INFO - Dani message forwarding: 1 users from 2 channels to 1 channels
2025-04-20 17:25:31,644 - WARNING - Bot disconnected from Discord. Attempting to reconnect...
2025-04-20 17:25:32,282 - INFO - Reconnected to Discord after disconnection
2025-04-20 17:25:32,283 - INFO - Post-reconnection health check: Database=True, API Client=True
2025-04-20 17:25:36,652 - INFO - Bot automatically reconnected
2025-04-20 18:07:02,378 - INFO - Metrics Report | Uptime: 1h 0m | Memory: 39.6MB | Processed: 190 | Avg Processing: 0.0001s | Errors: 0 (0 types, Top: none) | Last Cleanup: 2025-04-20 17:07:01 (1h ago)
2025-04-20 19:07:02,387 - INFO - Metrics Report | Uptime: 2h 0m | Memory: 39.6MB | Processed: 385 | Avg Processing: 0.0001s | Errors: 0 (0 types, Top: none) | Last Cleanup: 2025-04-20 17:07:01 (2h ago)
2025-04-20 20:07:02,402 - INFO - Metrics Report | Uptime: 3h 0m | Memory: 38.5MB | Processed: 617 | Avg Processing: 0.0001s | Errors: 0 (0 types, Top: none) | Last Cleanup: 2025-04-20 17:07:01 (3h ago)
2025-04-20 20:27:03,869 - INFO - Starting periodic metrics cleanup task...
2025-04-20 20:27:04,108 - INFO - Garbage collection completed successfully.
2025-04-20 20:27:04,108 - INFO - Metrics cleanup completed in 0.24 seconds. Next cleanup at 2025-04-21 06:27:03
2025-04-20 21:07:03,916 - INFO - Metrics Report | Uptime: 4h 0m | Memory: 79.6MB | Processed: 842 | Avg Processing: 0.0408s | Errors: 0 (0 types, Top: none) | Last Cleanup: 2025-04-20 20:27:03 (40m ago)
2025-04-20 21:24:08,751 - WARNING - Bot disconnected from Discord. Attempting to reconnect...
2025-04-20 21:24:09,397 - INFO - Reconnected to Discord after disconnection
2025-04-20 21:24:09,398 - INFO - Post-reconnection health check: Database=True, API Client=True
2025-04-20 21:24:13,753 - INFO - Bot automatically reconnected
2025-04-20 22:07:03,930 - INFO - Metrics Report | Uptime: 5h 0m | Memory: 48.6MB | Processed: 1167 | Avg Processing: 0.0001s | Errors: 0 (0 types, Top: none) | Last Cleanup: 2025-04-20 20:27:03 (1h ago)
2025-04-20 23:07:03,943 - INFO - Metrics Report | Uptime: 6h 0m | Memory: 41.6MB | Processed: 1357 | Avg Processing: 0.0399s | Errors: 0 (0 types, Top: none) | Last Cleanup: 2025-04-20 20:27:03 (2h ago)
2025-04-20 23:47:04,110 - INFO - Starting periodic metrics cleanup task...
2025-04-20 23:47:04,113 - INFO - Cleaned processing times
2025-04-20 23:47:04,446 - INFO - Garbage collection completed successfully.
2025-04-20 23:47:04,446 - INFO - Metrics cleanup completed in 0.33 seconds. Next cleanup at 2025-04-21 09:47:04
2025-04-21 00:07:03,958 - INFO - Metrics Report | Uptime: 7h 0m | Memory: 79.8MB | Processed: 1610 | Avg Processing: 0.0406s | Errors: 0 (0 types, Top: none) | Last Cleanup: 2025-04-20 23:47:04 (19m ago)
2025-04-21 00:41:28,638 - WARNING - Bot disconnected from Discord. Attempting to reconnect...
2025-04-21 00:41:29,281 - INFO - Reconnected to Discord after disconnection
2025-04-21 00:41:29,283 - INFO - Post-reconnection health check: Database=True, API Client=True
2025-04-21 00:41:33,651 - INFO - Bot automatically reconnected
2025-04-21 01:07:03,969 - INFO - Metrics Report | Uptime: 8h 0m | Memory: 50.6MB | Processed: 1876 | Avg Processing: 0.0580s | Errors: 0 (0 types, Top: none) | Last Cleanup: 2025-04-20 23:47:04 (1h ago)
2025-04-21 02:07:03,986 - INFO - Metrics Report | Uptime: 9h 0m | Memory: 41.5MB | Processed: 2145 | Avg Processing: 0.0001s | Errors: 0 (0 types, Top: none) | Last Cleanup: 2025-04-20 23:47:04 (2h ago)
2025-04-21 03:07:03,993 - INFO - Metrics Report | Uptime: 10h 0m | Memory: 49.4MB | Processed: 2364 | Avg Processing: 0.0229s | Errors: 0 (0 types, Top: none) | Last Cleanup: 2025-04-20 23:47:04 (3h ago)
2025-04-21 03:07:04,458 - INFO - Starting periodic metrics cleanup task...
2025-04-21 03:07:04,460 - INFO - Cleaned processing times
2025-04-21 03:07:04,750 - INFO - Garbage collection completed successfully.
2025-04-21 03:07:04,750 - INFO - Metrics cleanup completed in 0.29 seconds. Next cleanup at 2025-04-21 13:07:04
2025-04-21 04:07:04,014 - INFO - Metrics Report | Uptime: 11h 0m | Memory: 50.3MB | Processed: 2860 | Avg Processing: 0.0196s | Errors: 0 (0 types, Top: none) | Last Cleanup: 2025-04-21 03:07:04 (59m ago)
2025-04-21 04:37:11,405 - WARNING - Bot disconnected from Discord. Attempting to reconnect...
2025-04-21 04:37:12,047 - INFO - Reconnected to Discord after disconnection
2025-04-21 04:37:12,049 - INFO - Post-reconnection health check: Database=True, API Client=True
2025-04-21 04:37:16,408 - INFO - Bot automatically reconnected
2025-04-21 05:07:04,044 - INFO - Metrics Report | Uptime: 12h 0m | Memory: 47.3MB | Processed: 3101 | Avg Processing: 0.0001s | Errors: 0 (0 types, Top: none) | Last Cleanup: 2025-04-21 03:07:04 (1h ago)
2025-04-21 06:07:04,052 - INFO - Metrics Report | Uptime: 13h 0m | Memory: 49.8MB | Processed: 3301 | Avg Processing: 0.0415s | Errors: 0 (0 types, Top: none) | Last Cleanup: 2025-04-21 03:07:04 (2h ago)
2025-04-21 06:27:04,757 - INFO - Starting periodic metrics cleanup task...
2025-04-21 06:27:04,759 - INFO - Cleaned processing times
2025-04-21 06:27:05,011 - INFO - Garbage collection completed successfully.
2025-04-21 06:27:05,011 - INFO - Metrics cleanup completed in 0.25 seconds. Next cleanup at 2025-04-21 16:27:04
2025-04-21 07:07:04,064 - INFO - Metrics Report | Uptime: 14h 0m | Memory: 50.3MB | Processed: 3590 | Avg Processing: 0.0318s | Errors: 0 (0 types, Top: none) | Last Cleanup: 2025-04-21 06:27:04 (39m ago)
2025-04-21 07:24:39,364 - WARNING - Bot disconnected from Discord. Attempting to reconnect...
2025-04-21 07:24:40,001 - INFO - Reconnected to Discord after disconnection
2025-04-21 07:24:40,002 - INFO - Post-reconnection health check: Database=True, API Client=True
2025-04-21 07:24:44,365 - INFO - Bot automatically reconnected
2025-04-21 08:07:04,070 - INFO - Metrics Report | Uptime: 15h 0m | Memory: 49.2MB | Processed: 3837 | Avg Processing: 0.0165s | Errors: 0 (0 types, Top: none) | Last Cleanup: 2025-04-21 06:27:04 (1h ago)
2025-04-21 09:07:04,086 - INFO - Metrics Report | Uptime: 16h 0m | Memory: 51.5MB | Processed: 4027 | Avg Processing: 0.0000s | Errors: 0 (0 types, Top: none) | Last Cleanup: 2025-04-21 06:27:04 (2h ago)
2025-04-21 09:47:05,015 - INFO - Starting periodic metrics cleanup task...
2025-04-21 09:47:05,016 - INFO - Cleaned processing times
2025-04-21 09:47:05,073 - INFO - Garbage collection completed successfully.
2025-04-21 09:47:05,074 - INFO - Metrics cleanup completed in 0.06 seconds. Next cleanup at 2025-04-21 19:47:05
2025-04-21 09:49:43,222 - WARNING - Bot disconnected from Discord. Attempting to reconnect...
2025-04-21 09:49:43,852 - INFO - Reconnected to Discord after disconnection
2025-04-21 09:49:43,852 - INFO - Post-reconnection health check: Database=True, API Client=True
2025-04-21 09:49:48,223 - INFO - Bot automatically reconnected
2025-04-21 10:07:04,088 - INFO - Metrics Report | Uptime: 17h 0m | Memory: 82.4MB | Processed: 4413 | Avg Processing: 0.1555s | Errors: 0 (0 types, Top: none) | Last Cleanup: 2025-04-21 09:47:05 (19m ago)
2025-04-21 10:19:34,298 - WARNING - Bot disconnected from Discord. Attempting to reconnect...
2025-04-21 10:19:34,969 - INFO - Reconnected to Discord after disconnection
2025-04-21 10:19:34,971 - INFO - Post-reconnection health check: Database=True, API Client=True
2025-04-21 10:19:39,300 - INFO - Bot automatically reconnected
2025-04-21 11:07:04,098 - INFO - Metrics Report | Uptime: 18h 0m | Memory: 82.0MB | Processed: 4666 | Avg Processing: 0.0643s | Errors: 0 (0 types, Top: none) | Last Cleanup: 2025-04-21 09:47:05 (1h ago)
2025-04-21 11:15:51,845 - WARNING - Bot disconnected from Discord. Attempting to reconnect...
2025-04-21 11:15:52,518 - INFO - Reconnected to Discord after disconnection
2025-04-21 11:15:52,521 - INFO - Post-reconnection health check: Database=True, API Client=True
2025-04-21 11:15:56,852 - INFO - Bot automatically reconnected
2025-04-21 11:30:26,635 - WARNING - Bot disconnected from Discord. Attempting to reconnect...
2025-04-21 11:30:27,345 - INFO - Reconnected to Discord after disconnection
2025-04-21 11:30:27,348 - INFO - Post-reconnection health check: Database=True, API Client=True
2025-04-21 11:30:31,645 - INFO - Bot automatically reconnected
2025-04-21 12:01:01,608 - WARNING - Bot disconnected from Discord. Attempting to reconnect...
2025-04-21 12:01:02,824 - INFO - Reconnected to Discord after disconnection
2025-04-21 12:01:02,826 - INFO - Post-reconnection health check: Database=True, API Client=True
2025-04-21 12:01:06,615 - INFO - Bot automatically reconnected
2025-04-21 12:07:04,114 - INFO - Metrics Report | Uptime: 19h 0m | Memory: 82.6MB | Processed: 4826 | Avg Processing: 0.0374s | Errors: 0 (0 types, Top: none) | Last Cleanup: 2025-04-21 09:47:05 (2h ago)
2025-04-21 13:07:04,130 - INFO - Metrics Report | Uptime: 20h 0m | Memory: 82.5MB | Processed: 4976 | Avg Processing: 0.0002s | Errors: 0 (0 types, Top: none) | Last Cleanup: 2025-04-21 09:47:05 (3h ago)
2025-04-21 13:07:05,082 - INFO - Starting periodic metrics cleanup task...
2025-04-21 13:07:05,174 - INFO - Garbage collection completed successfully.
2025-04-21 13:07:05,177 - INFO - Metrics cleanup completed in 0.09 seconds. Next cleanup at 2025-04-21 23:07:05
2025-04-21 13:55:53,928 - WARNING - Bot disconnected from Discord. Attempting to reconnect...
2025-04-21 13:55:54,593 - INFO - Reconnected to Discord after disconnection
2025-04-21 13:55:54,608 - INFO - Post-reconnection health check: Database=True, API Client=True
2025-04-21 13:55:58,946 - INFO - Bot automatically reconnected
2025-04-21 14:07:04,140 - INFO - Metrics Report | Uptime: 21h 0m | Memory: 82.4MB | Processed: 5284 | Avg Processing: 0.0002s | Errors: 0 (0 types, Top: none) | Last Cleanup: 2025-04-21 13:07:05 (59m ago)
2025-04-21 15:07:04,153 - INFO - Metrics Report | Uptime: 22h 0m | Memory: 82.6MB | Processed: 5556 | Avg Processing: 0.0002s | Errors: 0 (0 types, Top: none) | Last Cleanup: 2025-04-21 13:07:05 (1h ago)
2025-04-21 16:07:04,168 - INFO - Metrics Report | Uptime: 23h 0m | Memory: 82.9MB | Processed: 5730 | Avg Processing: 0.0002s | Errors: 0 (0 types, Top: none) | Last Cleanup: 2025-04-21 13:07:05 (2h ago)
2025-04-21 16:27:05,179 - INFO - Starting periodic metrics cleanup task...
2025-04-21 16:27:05,181 - INFO - Cleaned processing times
2025-04-21 16:27:05,253 - INFO - Garbage collection completed successfully.
2025-04-21 16:27:05,254 - INFO - Metrics cleanup completed in 0.07 seconds. Next cleanup at 2025-04-22 02:27:05
2025-04-21 17:03:59,409 - WARNING - Bot disconnected from Discord. Attempting to reconnect...
2025-04-21 17:04:00,070 - INFO - Reconnected to Discord after disconnection
2025-04-21 17:04:00,082 - INFO - Post-reconnection health check: Database=True, API Client=True
2025-04-21 17:04:04,415 - INFO - Bot automatically reconnected
2025-04-21 17:07:04,181 - INFO - Metrics Report | Uptime: 24h 0m | Memory: 83.1MB | Processed: 5904 | Avg Processing: 0.0002s | Errors: 0 (0 types, Top: none) | Last Cleanup: 2025-04-21 16:27:05 (39m ago)
2025-04-21 17:57:07,879 - WARNING - Bot disconnected from Discord. Attempting to reconnect...
2025-04-21 17:57:08,585 - INFO - Reconnected to Discord after disconnection
2025-04-21 17:57:08,588 - INFO - Post-reconnection health check: Database=True, API Client=True
2025-04-21 17:57:12,883 - INFO - Bot automatically reconnected
2025-04-21 18:07:04,197 - INFO - Metrics Report | Uptime: 25h 0m | Memory: 82.9MB | Processed: 6235 | Avg Processing: 0.0002s | Errors: 0 (0 types, Top: none) | Last Cleanup: 2025-04-21 16:27:05 (1h ago)
2025-04-21 18:32:40,630 - WARNING - Bot disconnected from Discord. Attempting to reconnect...
2025-04-21 18:32:41,315 - INFO - Reconnected to Discord after disconnection
2025-04-21 18:32:41,318 - INFO - Post-reconnection health check: Database=True, API Client=True
2025-04-21 18:32:45,643 - INFO - Bot automatically reconnected
2025-04-21 18:53:34,132 - WARNING - Bot disconnected from Discord. Attempting to reconnect...
2025-04-21 18:53:34,790 - INFO - Reconnected to Discord after disconnection
2025-04-21 18:53:34,793 - INFO - Post-reconnection health check: Database=True, API Client=True
2025-04-21 18:53:39,146 - INFO - Bot automatically reconnected
2025-04-21 19:07:04,211 - INFO - Metrics Report | Uptime: 26h 0m | Memory: 83.0MB | Processed: 6504 | Avg Processing: 0.0002s | Errors: 0 (0 types, Top: none) | Last Cleanup: 2025-04-21 16:27:05 (2h ago)
2025-04-21 19:47:05,261 - INFO - Starting periodic metrics cleanup task...
2025-04-21 19:47:05,262 - INFO - Cleaned processing times
2025-04-21 19:47:05,335 - INFO - Garbage collection completed successfully.
2025-04-21 19:47:05,336 - INFO - Metrics cleanup completed in 0.07 seconds. Next cleanup at 2025-04-22 05:47:05
2025-04-21 19:58:16,543 - WARNING - Bot disconnected from Discord. Attempting to reconnect...
2025-04-21 19:58:17,233 - INFO - Reconnected to Discord after disconnection
2025-04-21 19:58:17,249 - INFO - Post-reconnection health check: Database=True, API Client=True
2025-04-21 19:58:21,547 - INFO - Bot automatically reconnected
2025-04-21 20:07:04,215 - INFO - Metrics Report | Uptime: 27h 0m | Memory: 82.5MB | Processed: 6823 | Avg Processing: 0.0002s | Errors: 0 (0 types, Top: none) | Last Cleanup: 2025-04-21 19:47:05 (19m ago)
2025-04-21 21:07:04,246 - INFO - Metrics Report | Uptime: 28h 0m | Memory: 21.9MB | Processed: 7293 | Avg Processing: 0.0002s | Errors: 0 (0 types, Top: none) | Last Cleanup: 2025-04-21 19:47:05 (1h ago)
2025-04-21 22:07:04,268 - INFO - Metrics Report | Uptime: 29h 0m | Memory: 30.1MB | Processed: 7797 | Avg Processing: 0.0194s | Errors: 0 (0 types, Top: none) | Last Cleanup: 2025-04-21 19:47:05 (2h ago)
2025-04-21 22:35:37,471 - WARNING - Bot disconnected from Discord. Attempting to reconnect...
2025-04-21 22:35:38,131 - INFO - Reconnected to Discord after disconnection
2025-04-21 22:35:38,132 - INFO - Post-reconnection health check: Database=True, API Client=True
2025-04-21 22:35:42,475 - INFO - Bot automatically reconnected
2025-04-21 23:07:04,290 - INFO - Metrics Report | Uptime: 30h 0m | Memory: 32.3MB | Processed: 8318 | Avg Processing: 0.0001s | Errors: 0 (0 types, Top: none) | Last Cleanup: 2025-04-21 19:47:05 (3h ago)
2025-04-21 23:07:05,351 - INFO - Starting periodic metrics cleanup task...
2025-04-21 23:07:05,352 - INFO - Cleaned processing times
2025-04-21 23:07:05,638 - INFO - Garbage collection completed successfully.
2025-04-21 23:07:05,639 - INFO - Metrics cleanup completed in 0.29 seconds. Next cleanup at 2025-04-22 09:07:05
2025-04-21 23:21:15,130 - INFO - Bot is shutting down...
2025-04-21 23:21:15,131 - INFO - API client closed
2025-04-21 23:21:15,131 - INFO - Services closed successfully
2025-04-21 23:21:15,131 - INFO - Background task 'metrics_cleanup' canceled
2025-04-21 23:21:15,131 - INFO - Background task 'memory_monitor' canceled
2025-04-21 23:21:15,132 - INFO - Background task 'heartbeat_monitor' canceled
2025-04-21 23:21:15,132 - INFO - Background task 'metrics_report' canceled
2025-04-21 23:21:15,132 - INFO - Database connection pool closed successfully
2025-04-21 23:21:15,135 - INFO - Bot stopped by user
