2025-03-31 05:22:47,135 - CRITICAL - Failed to start bot: cannot import name 'get_token_info' from 'api.dexscreener' (C:\Users\ansha\Documents\VsCode\TOPG\api\dexscreener.py)
2025-03-31 05:35:03,779 - ERROR - Error processing message 1356056666663289072: 'bool' object has no attribute 'record_metric'
2025-03-31 05:44:56,639 - ERROR - Bot or HTTP session not available
2025-03-31 05:46:18,836 - ERROR - Ticker processing error $march: 'bool' object has no attribute 'services'
2025-03-31 05:55:39,133 - ERROR - Bot client or services not available
2025-03-31 06:02:31,226 - WARNING - Error processing ATH data: cannot import name 'calculate_ath_marketcap' from 'api.mobula' (C:\Users\ansha\Documents\VsCode\TOPG\api\mobula.py)
2025-03-31 06:07:21,026 - WARNING - Error processing ATH data: calculate_ath_marketcap() missing 1 required positional argument: 'current_fdv'
2025-03-31 06:09:52,542 - ERROR - Error fetching repo info for Alphabtw00/Supplier-Api: ApiClient.get() got an unexpected keyword argument 'headers'
2025-03-31 06:09:52,543 - WARNING - Failed to fetch repository info for Alphabtw00/Supplier-Api
2025-03-31 06:43:40,827 - WARNING - No match found for section: logicFlow
2025-03-31 06:43:40,828 - WARNING - No match found for section: processArchitecture
2025-03-31 06:43:40,828 - WARNING - No match found for section: codeOrganization
2025-03-31 06:43:40,828 - WARNING - No match found for section: criticalPath
2025-03-31 07:17:00,883 - WARNING - Bot disconnected from Discord. Attempting to reconnect...
2025-03-31 09:30:35,961 - WARNING - Bot disconnected from Discord. Attempting to reconnect...
2025-03-31 13:09:09,244 - WARNING - Bot disconnected from Discord. Attempting to reconnect...
2025-03-31 14:24:55,434 - WARNING - Bot disconnected from Discord. Attempting to reconnect...
2025-03-31 16:47:22,442 - WARNING - Bot disconnected from Discord. Attempting to reconnect...
2025-03-31 20:21:56,380 - WARNING - Bot disconnected from Discord. Attempting to reconnect...
2025-03-31 22:47:21,019 - WARNING - Bot disconnected from Discord. Attempting to reconnect...
