2025-03-15 01:38:27,816 - WARNING - Bot disconnected from Discord. Attempting to reconnect...
2025-03-15 02:34:44,146 - WARNING - API returned status 500 for URL: https://production-api.mobula.io/api/1/market/history/pair?address=GCB73qvVzmnbgW3EJbEgZ5XtvjFWjm4ZnVmtFi45rFvA&blockchain=solana&period=5min
2025-03-15 04:16:15,116 - WARNING - Bot disconnected from Discord. Attempting to reconnect...
2025-03-15 04:41:23,894 - WARNING - Bot disconnected from Discord. Attempting to reconnect...
2025-03-15 08:05:28,314 - WARNING - Bot disconnected from Discord. Attempting to reconnect...
2025-03-15 09:53:08,202 - WARNING - Bot disconnected from Discord. Attempting to reconnect...
2025-03-15 10:10:12,135 - WARNING - Bot disconnected from Discord. Attempting to reconnect...
2025-03-15 10:50:35,596 - WARNING - Bot disconnected from Discord. Attempting to reconnect...
2025-03-15 11:45:43,452 - ERROR - Failed to forward user message to channel 1335081896807497839: 400 Bad Request (error code: 50006): Cannot send an empty message
2025-03-15 11:47:12,241 - ERROR - Failed to forward user message to channel 1335081896807497839: 400 Bad Request (error code: 50006): Cannot send an empty message
2025-03-15 12:04:03,772 - WARNING - Bot disconnected from Discord. Attempting to reconnect...
2025-03-15 12:40:56,024 - WARNING - Bot disconnected from Discord. Attempting to reconnect...
2025-03-15 13:44:53,348 - WARNING - Bot disconnected from Discord. Attempting to reconnect...
2025-03-15 14:46:37,958 - WARNING - Bot disconnected from Discord. Attempting to reconnect...
2025-03-15 17:33:47,458 - WARNING - Bot disconnected from Discord. Attempting to reconnect...
2025-03-15 18:25:17,211 - WARNING - API returned status 404 for URL: https://production-api.mobula.io/api/1/market/history/pair?address=0xbC7F6a3Da09B7fC0E608ef20e7Bb278F2577e089&blockchain=solana&period=1d
2025-03-15 19:16:15,331 - ERROR - github-checker command error: You are on cooldown. Try again in 1.42s
2025-03-15 19:59:27,458 - ERROR - Failed to forward user message to channel 1335081896807497839: 400 Bad Request (error code: 50006): Cannot send an empty message
2025-03-15 19:59:55,349 - ERROR - Failed to forward user message to channel 1335081896807497839: 400 Bad Request (error code: 50006): Cannot send an empty message
2025-03-15 20:40:28,897 - WARNING - Bot disconnected from Discord. Attempting to reconnect...
2025-03-15 20:50:15,662 - ERROR - Failed to forward user message to channel 1335081896807497839: 400 Bad Request (error code: 50006): Cannot send an empty message
2025-03-15 23:16:05,244 - WARNING - Bot disconnected from Discord. Attempting to reconnect...
2025-03-15 23:20:15,027 - WARNING - Bot disconnected from Discord. Attempting to reconnect...
2025-03-15 23:47:41,782 - WARNING - API returned status 404 for URL: https://api.dexscreener.com/orders/v1/solana/factory/osmo1n3n75av8awcnw4jl62n3l48e6e4sxqmaf97w5ua6ddu4s475q5qq9udvx4/alloyed/allSOL
2025-03-15 23:47:41,807 - WARNING - API returned status 500 for URL: https://production-api.mobula.io/api/1/market/history/pair?address=1960&blockchain=solana&period=30d
2025-03-16 00:32:59,123 - WARNING - API returned status 500 for URL: https://production-api.mobula.io/api/1/market/history/pair?address=2gt1yk7YGinFoAgM1UXKnG47Q8zg8SYXCxJFEPcD6bU3&blockchain=solana&period=1min
