2025-05-29 16:01:00,144 - INFO - Starting bot...
2025-05-29 16:01:01,206 - INFO - API client initialized
2025-05-29 16:01:01,207 - INFO - WebsiteAnalyzer initialized with concurrency limit of 15
2025-05-29 16:01:01,213 - INFO - Loaded 4 Truth Social tokens from file
2025-05-29 16:01:01,214 - INFO - Authenticating 4 Truth Social accounts with missing or expired tokens...
2025-05-29 16:01:01,693 - INFO - Authenticated Truth Social account: alphabtw
2025-05-29 16:01:02,621 - INFO - Authenticated Truth Social account: visheshbtw
2025-05-29 16:01:03,069 - INFO - Authenticated Truth Social account: sakshambtw
2025-05-29 16:01:03,991 - INFO - Authenticated Truth Social account: mayankbtw
2025-05-29 16:01:03,991 - INFO - Successfully authenticated 4/4 Truth Social accounts
2025-05-29 16:01:03,991 - INFO - Saved 4 Truth Social tokens to file
2025-05-29 16:01:03,992 - INFO - All API services initialized
2025-05-29 16:01:03,992 - INFO - Services provider initialized
2025-05-29 16:01:04,131 - INFO - Database connection pool established: size=1-10
2025-05-29 16:01:04,131 - INFO - Database connection successful
2025-05-29 16:01:04,147 - INFO - WebsiteChecker cog initialized
2025-05-29 16:01:04,147 - INFO - Proxy rotator initialized with http protocol
2025-05-29 16:01:04,147 - INFO - Proxy rotator initialized for Truth commands
2025-05-29 16:01:04,153 - INFO - Discord Events Registered | Username Ban Server ID: 1313758082974879774
2025-05-29 16:01:04,155 - INFO - Memory monitor started (threshold: 300MB, interval: 3600s)
2025-05-29 16:01:04,156 - INFO - Initializing Truth Social tracking...
2025-05-29 16:01:04,156 - INFO - Initializing DexScreener live tracker...
2025-05-29 16:01:04,163 - INFO - Proxy rotator initialized with http protocol
2025-05-29 16:01:04,163 - INFO - Proxy rotator initialized for Truth Social tracking
2025-05-29 16:01:04,191 - INFO - Built DexScreener tracking cache: 1 guilds with channels
2025-05-29 16:01:04,193 - INFO - Found 1 guilds with DexScreener tracking enabled
2025-05-29 16:01:04,193 - INFO - DexScreener tracking started
2025-05-29 16:01:04,193 - INFO - DexScreener tracking initialization complete
2025-05-29 16:01:04,193 - INFO - Ultra-optimized cache built: 0 accounts, 0 accounts with channels, 0 total channel mappings
2025-05-29 16:01:04,193 - INFO - Fetching initial tokens to establish tracking baseline
2025-05-29 16:01:04,194 - INFO - No guilds with Truth Social tracking enabled
2025-05-29 16:01:04,194 - INFO - Truth Social tracking initialization complete
2025-05-29 16:01:04,241 - INFO - Initialized DexScreener tracker with latest token: EUTMwQb32VCaqBLEUHgUxooFAcNy3EzFmDZHuv3i2tpt on solana
2025-05-29 16:01:04,655 - INFO - Successfully synced 8 command(s)
2025-05-29 16:01:07,789 - INFO - Logged in as TOPG#4967 (ID: 1340722186100408340)
2025-05-29 16:01:07,789 - INFO - Bot connected to 5 server(s)
2025-05-29 16:01:07,789 - INFO - Echo bot message forwarding: 1 bots from 9 channels to 1 channels
2025-05-29 16:01:07,790 - INFO - Dani message forwarding: 1 users from 2 channels to 1 channels
2025-05-29 16:03:55,966 - INFO - Ultra-optimized cache built: 1 accounts, 1 accounts with channels, 2 total channel mappings
2025-05-29 16:03:55,968 - INFO - Ultra-optimized cache built: 1 accounts, 1 accounts with channels, 2 total channel mappings
2025-05-29 16:03:55,968 - INFO - Truth Social tracking started
2025-05-29 16:03:56,393 - INFO - alphabtw_ enabled Truth Social tracking in server 'HabibiFNF'
2025-05-29 16:03:57,282 - INFO - Post ID 114588686952126558 image URL: None
2025-05-29 16:03:57,746 - INFO - Post ID 114588769957413971 image URL: https://images.weserv.nl/?url=https%3A%2F%2Fstatic-assets-1.truthsocial.com%2Ftmtg%3Aprime-ts-assets%2Fmedia_attachments%2Ffiles%2F114%2F588%2F769%2F598%2F673%2F456%2Foriginal%2Ffdcd29770f40b9d1.jpg
2025-05-29 16:03:58,173 - INFO - Post ID 114588777076099501 image URL: https://images.weserv.nl/?url=https%3A%2F%2Fstatic-assets-1.truthsocial.com%2Ftmtg%3Aprime-ts-assets%2Fmedia_attachments%2Ffiles%2F114%2F588%2F776%2F829%2F103%2F792%2Foriginal%2F297d2132e1301306.jpg
2025-05-29 16:03:58,647 - INFO - Post ID 114588832258950510 image URL: https://images.weserv.nl/?url=https%3A%2F%2Fstatic-assets-1.truthsocial.com%2Ftmtg%3Aprime-ts-assets%2Fmedia_attachments%2Fthumbnails%2F114%2F588%2F831%2F409%2F349%2F394%2Foriginal%2Fddacad588ea936d0.jpg
2025-05-29 16:03:59,190 - INFO - Post ID 114588947311720532 image URL: None
2025-05-29 16:03:59,676 - INFO - Broadcast 5 posts from @realDonaldTrump to 1 guilds (2 channels)
