2025-03-21 01:05:22,433 - ERROR - ATH fetch error for AUKjFbHjKTpBvaTBzFYwcRGYef6KkSyVn2AZnFXXDS94: can only concatenate str (not "set") to str
2025-03-21 01:08:36,154 - WARNING - Bot disconnected from Discord. Attempting to reconnect...
2025-03-21 02:29:58,259 - WARNING - Bot disconnected from Discord. Attempting to reconnect...
2025-03-21 03:22:53,814 - ERROR - ATH fetch error for 7p2Rs9KkiWNKZkWNDFUCxG7EUBxbCByQC95fCNQ8pump: name 'pair_address' is not defined
2025-03-21 03:22:54,283 - ERROR - ATH fetch error for 2oYvo4nJ5LgGob48RbJncFDoksicWKakTG1fsT36pump: name 'pair_address' is not defined
2025-03-21 03:22:59,778 - ERROR - ATH fetch error for 7p2Rs9KkiWNKZkWNDFUCxG7EUBxbCByQC95fCNQ8pump: name 'pair_address' is not defined
2025-03-21 04:40:41,790 - WARNING - Bot disconnected from Discord. Attempting to reconnect...
2025-03-21 04:52:35,484 - WARNING - Bot disconnected from Discord. Attempting to reconnect...
2025-03-21 06:16:36,509 - WARNING - Bot disconnected from Discord. Attempting to reconnect...
2025-03-21 08:58:46,023 - WARNING - Bot disconnected from Discord. Attempting to reconnect...
2025-03-21 11:15:22,449 - WARNING - Bot disconnected from Discord. Attempting to reconnect...
2025-03-21 14:40:39,025 - WARNING - Bot disconnected from Discord. Attempting to reconnect...
2025-03-21 16:36:24,430 - WARNING - Bot disconnected from Discord. Attempting to reconnect...
2025-03-21 17:11:40,255 - WARNING - Bot disconnected from Discord. Attempting to reconnect...
2025-03-21 21:34:28,538 - WARNING - Bot disconnected from Discord. Attempting to reconnect...
2025-03-21 21:35:48,026 - WARNING - API returned status 404 for URL: https://production-api.mobula.io/api/1/market/history/pair?asset=0xd5369a3CaC0f4448A9A96bb98AF9c887c92fC37B&blockchain=solana&amount=1000000000
2025-03-21 21:35:48,527 - WARNING - API returned status 404 for URL: https://production-api.mobula.io/api/1/market/history/pair?asset=0xd5369a3CaC0f4448A9A96bb98AF9c887c92fC37B&blockchain=solana&amount=1000000000
2025-03-21 21:35:49,225 - WARNING - API returned status 404 for URL: https://production-api.mobula.io/api/1/market/history/pair?asset=0xd5369a3CaC0f4448A9A96bb98AF9c887c92fC37B&blockchain=solana&amount=1000000000
2025-03-21 21:35:50,114 - WARNING - API returned status 404 for URL: https://production-api.mobula.io/api/1/market/history/pair?asset=0xd5369a3CaC0f4448A9A96bb98AF9c887c92fC37B&blockchain=solana&amount=1000000000
2025-03-21 23:32:24,125 - WARNING - Bot disconnected from Discord. Attempting to reconnect...
2025-03-22 02:49:06,159 - WARNING - Bot disconnected from Discord. Attempting to reconnect...
2025-03-22 04:47:53,912 - WARNING - Bot disconnected from Discord. Attempting to reconnect...
2025-03-22 05:55:12,846 - WARNING - Bot disconnected from Discord. Attempting to reconnect...
2025-03-22 06:34:39,575 - WARNING - Bot disconnected from Discord. Attempting to reconnect...
2025-03-22 07:19:43,280 - WARNING - Bot disconnected from Discord. Attempting to reconnect...
2025-03-22 08:24:39,198 - WARNING - Message processing timed out for message 1352837816110944297
2025-03-22 08:48:45,389 - WARNING - Bot disconnected from Discord. Attempting to reconnect...
2025-03-22 11:29:37,253 - WARNING - API returned status 404 for URL: https://production-api.mobula.io/api/1/market/history/pair?asset=0x6F6A1B9FC3D355fc147a7d0b0a599411fE16A8f4&blockchain=solana&amount=1000000000
2025-03-22 11:29:37,752 - WARNING - API returned status 404 for URL: https://production-api.mobula.io/api/1/market/history/pair?asset=0x6F6A1B9FC3D355fc147a7d0b0a599411fE16A8f4&blockchain=solana&amount=1000000000
2025-03-22 11:29:38,446 - WARNING - API returned status 404 for URL: https://production-api.mobula.io/api/1/market/history/pair?asset=0x6F6A1B9FC3D355fc147a7d0b0a599411fE16A8f4&blockchain=solana&amount=1000000000
2025-03-22 11:29:39,351 - WARNING - API returned status 404 for URL: https://production-api.mobula.io/api/1/market/history/pair?asset=0x6F6A1B9FC3D355fc147a7d0b0a599411fE16A8f4&blockchain=solana&amount=1000000000
2025-03-22 12:14:54,556 - WARNING - Bot disconnected from Discord. Attempting to reconnect...
2025-03-22 14:16:31,144 - WARNING - Bot disconnected from Discord. Attempting to reconnect...
2025-03-22 15:03:51,024 - WARNING - Bot disconnected from Discord. Attempting to reconnect...
2025-03-22 18:57:13,143 - WARNING - Bot disconnected from Discord. Attempting to reconnect...
