2025-03-19 05:44:02,454 - WARNING - Bot disconnected from Discord. Attempting to reconnect...
2025-03-19 09:05:43,601 - WARNING - Bot disconnected from Discord. Attempting to reconnect...
2025-03-19 12:52:33,563 - WARNING - Bot disconnected from Discord. Attempting to reconnect...
2025-03-19 15:13:04,554 - WARNING - Bot disconnected from Discord. Attempting to reconnect...
2025-03-19 16:33:43,370 - WARNING - Bot disconnected from Discord. Attempting to reconnect...
2025-03-19 19:29:11,767 - WARNING - Bot disconnected from Discord. Attempting to reconnect...
2025-03-19 21:14:41,456 - WARNING - Bot disconnected from Discord. Attempting to reconnect...
2025-03-19 22:52:42,635 - WARNING - Bot disconnected from Discord. Attempting to reconnect...
2025-03-19 23:52:49,850 - WARNING - Bot disconnected from Discord. Attempting to reconnect...
2025-03-20 00:31:14,625 - WARNING - API returned status 404 for URL: https://production-api.mobula.io/api/1/market/history/pair?address=21gw7RzmMVWRj54gJ4QpgBUMfNhYCEL4io1ogoYV9rS2&blockchain=solana&period=1h
2025-03-20 00:31:15,112 - WARNING - API returned status 404 for URL: https://production-api.mobula.io/api/1/market/history/pair?address=21gw7RzmMVWRj54gJ4QpgBUMfNhYCEL4io1ogoYV9rS2&blockchain=solana&period=1h
2025-03-20 00:31:16,244 - WARNING - API returned status 404 for URL: https://production-api.mobula.io/api/1/market/history/pair?address=21gw7RzmMVWRj54gJ4QpgBUMfNhYCEL4io1ogoYV9rS2&blockchain=solana&period=1h
2025-03-20 00:31:17,134 - WARNING - API returned status 404 for URL: https://production-api.mobula.io/api/1/market/history/pair?address=21gw7RzmMVWRj54gJ4QpgBUMfNhYCEL4io1ogoYV9rS2&blockchain=solana&period=1h
2025-03-20 00:34:23,245 - WARNING - API returned status 404 for URL: https://production-api.mobula.io/api/1/market/history/pair?address=21gw7RzmMVWRj54gJ4QpgBUMfNhYCEL4io1ogoYV9rS2&blockchain=solana&period=1h
2025-03-20 00:34:23,735 - WARNING - API returned status 404 for URL: https://production-api.mobula.io/api/1/market/history/pair?address=21gw7RzmMVWRj54gJ4QpgBUMfNhYCEL4io1ogoYV9rS2&blockchain=solana&period=1h
2025-03-20 00:34:24,435 - WARNING - API returned status 404 for URL: https://production-api.mobula.io/api/1/market/history/pair?address=21gw7RzmMVWRj54gJ4QpgBUMfNhYCEL4io1ogoYV9rS2&blockchain=solana&period=1h
2025-03-20 00:34:25,325 - WARNING - API returned status 404 for URL: https://production-api.mobula.io/api/1/market/history/pair?address=21gw7RzmMVWRj54gJ4QpgBUMfNhYCEL4io1ogoYV9rS2&blockchain=solana&period=1h
2025-03-20 01:14:06,236 - WARNING - API returned status 404 for URL: https://production-api.mobula.io/api/1/market/history/pair?address=GSi4usyughg518jfcN4fvmzgZQW1YdmeCq4693iGHtzh&blockchain=solana&period=1h
2025-03-20 01:14:06,723 - WARNING - API returned status 404 for URL: https://production-api.mobula.io/api/1/market/history/pair?address=GSi4usyughg518jfcN4fvmzgZQW1YdmeCq4693iGHtzh&blockchain=solana&period=1h
2025-03-20 01:14:07,422 - WARNING - API returned status 404 for URL: https://production-api.mobula.io/api/1/market/history/pair?address=GSi4usyughg518jfcN4fvmzgZQW1YdmeCq4693iGHtzh&blockchain=solana&period=1h
2025-03-20 01:14:08,320 - WARNING - API returned status 404 for URL: https://production-api.mobula.io/api/1/market/history/pair?address=GSi4usyughg518jfcN4fvmzgZQW1YdmeCq4693iGHtzh&blockchain=solana&period=1h
2025-03-20 01:32:20,722 - WARNING - API returned status 404 for URL: https://production-api.mobula.io/api/1/market/history/pair?address=GSi4usyughg518jfcN4fvmzgZQW1YdmeCq4693iGHtzh&blockchain=solana&period=1h
2025-03-20 01:32:21,218 - WARNING - API returned status 404 for URL: https://production-api.mobula.io/api/1/market/history/pair?address=GSi4usyughg518jfcN4fvmzgZQW1YdmeCq4693iGHtzh&blockchain=solana&period=1h
2025-03-20 01:32:21,906 - WARNING - API returned status 404 for URL: https://production-api.mobula.io/api/1/market/history/pair?address=GSi4usyughg518jfcN4fvmzgZQW1YdmeCq4693iGHtzh&blockchain=solana&period=1h
2025-03-20 01:32:22,809 - WARNING - API returned status 404 for URL: https://production-api.mobula.io/api/1/market/history/pair?address=GSi4usyughg518jfcN4fvmzgZQW1YdmeCq4693iGHtzh&blockchain=solana&period=1h
2025-03-20 02:22:04,755 - WARNING - API returned status 404 for URL: https://production-api.mobula.io/api/1/market/history/pair?address=21gw7RzmMVWRj54gJ4QpgBUMfNhYCEL4io1ogoYV9rS2&blockchain=solana&period=1h
2025-03-20 02:22:05,269 - WARNING - API returned status 404 for URL: https://production-api.mobula.io/api/1/market/history/pair?address=21gw7RzmMVWRj54gJ4QpgBUMfNhYCEL4io1ogoYV9rS2&blockchain=solana&period=1h
2025-03-20 02:22:05,966 - WARNING - API returned status 404 for URL: https://production-api.mobula.io/api/1/market/history/pair?address=21gw7RzmMVWRj54gJ4QpgBUMfNhYCEL4io1ogoYV9rS2&blockchain=solana&period=1h
2025-03-20 02:22:06,864 - WARNING - API returned status 404 for URL: https://production-api.mobula.io/api/1/market/history/pair?address=21gw7RzmMVWRj54gJ4QpgBUMfNhYCEL4io1ogoYV9rS2&blockchain=solana&period=1h
2025-03-20 02:32:14,396 - WARNING - API returned status 404 for URL: https://production-api.mobula.io/api/1/market/history/pair?address=21gw7RzmMVWRj54gJ4QpgBUMfNhYCEL4io1ogoYV9rS2&blockchain=solana&period=1h
2025-03-20 02:32:15,097 - WARNING - API returned status 404 for URL: https://production-api.mobula.io/api/1/market/history/pair?address=21gw7RzmMVWRj54gJ4QpgBUMfNhYCEL4io1ogoYV9rS2&blockchain=solana&period=1h
2025-03-20 02:32:16,085 - WARNING - API returned status 404 for URL: https://production-api.mobula.io/api/1/market/history/pair?address=21gw7RzmMVWRj54gJ4QpgBUMfNhYCEL4io1ogoYV9rS2&blockchain=solana&period=1h
2025-03-20 03:46:04,742 - WARNING - Bot disconnected from Discord. Attempting to reconnect...
2025-03-20 04:41:49,692 - WARNING - API returned status 400 for URL: https://api.dexscreener.com/latest/dex/search?q=%24
2025-03-20 06:30:07,486 - WARNING - Bot disconnected from Discord. Attempting to reconnect...
2025-03-20 06:59:17,713 - WARNING - Bot disconnected from Discord. Attempting to reconnect...
2025-03-20 10:30:10,309 - WARNING - Bot disconnected from Discord. Attempting to reconnect...
2025-03-20 12:15:53,125 - WARNING - Bot disconnected from Discord. Attempting to reconnect...
2025-03-20 12:37:04,074 - WARNING - Bot disconnected from Discord. Attempting to reconnect...
2025-03-20 15:43:02,882 - WARNING - Bot disconnected from Discord. Attempting to reconnect...
2025-03-20 17:14:35,117 - WARNING - Bot disconnected from Discord. Attempting to reconnect...
2025-03-20 17:43:07,235 - WARNING - Bot disconnected from Discord. Attempting to reconnect...
2025-03-20 18:56:28,544 - WARNING - Bot disconnected from Discord. Attempting to reconnect...
2025-03-20 20:07:12,915 - WARNING - Bot disconnected from Discord. Attempting to reconnect...
2025-03-20 20:19:50,009 - ERROR - Unhandled exception in event loop: [WinError 10054] An existing connection was forcibly closed by the remote host | Exception in callback _ProactorBasePipeTransport._call_connection_lost()
Traceback (most recent call last):
  File "C:\Users\ansha\AppData\Local\Programs\Python\Python313\Lib\asyncio\events.py", line 89, in _run
    self._context.run(self._callback, *self._args)
    ~~~~~~~~~~~~~~~~~^^^^^^^^^^^^^^^^^^^^^^^^^^^^^
  File "C:\Users\ansha\AppData\Local\Programs\Python\Python313\Lib\asyncio\proactor_events.py", line 165, in _call_connection_lost
    self._sock.shutdown(socket.SHUT_RDWR)
    ~~~~~~~~~~~~~~~~~~~^^^^^^^^^^^^^^^^^^
ConnectionResetError: [WinError 10054] An existing connection was forcibly closed by the remote host
2025-03-20 20:49:54,496 - WARNING - Bot disconnected from Discord. Attempting to reconnect...
2025-03-20 22:39:51,345 - WARNING - Bot disconnected from Discord. Attempting to reconnect...
2025-03-20 22:50:52,411 - WARNING - API returned status 500 for URL: https://production-api.mobula.io/api/1/market/history/pair?address=0xc8255e3fA0F4c6e6678807d663f9e2263e23a8E8&blockchain=bsc&period=1h
2025-03-20 22:50:52,924 - WARNING - API returned status 500 for URL: https://production-api.mobula.io/api/1/market/history/pair?address=0xc8255e3fA0F4c6e6678807d663f9e2263e23a8E8&blockchain=bsc&period=1h
2025-03-20 22:50:53,677 - WARNING - API returned status 500 for URL: https://production-api.mobula.io/api/1/market/history/pair?address=0xc8255e3fA0F4c6e6678807d663f9e2263e23a8E8&blockchain=bsc&period=1h
2025-03-20 22:50:54,764 - WARNING - API returned status 500 for URL: https://production-api.mobula.io/api/1/market/history/pair?address=0xc8255e3fA0F4c6e6678807d663f9e2263e23a8E8&blockchain=bsc&period=1h
