2025-04-01 01:59:27,965 - WARNING - Bot disconnected from Discord. Attempting to reconnect...
2025-04-01 05:07:42,890 - WARNING - Bot disconnected from Discord. Attempting to reconnect...
2025-04-01 08:42:26,826 - WARNING - Bot disconnected from Discord. Attempting to reconnect...
2025-04-01 10:31:14,495 - WARNING - Bot disconnected from Discord. Attempting to reconnect...
2025-04-01 13:26:16,950 - WARNING - Bot disconnected from Discord. Attempting to reconnect...
2025-04-01 13:34:46,945 - WARNING - Bot disconnected from Discord. Attempting to reconnect...
2025-04-01 13:52:03,865 - WARNING - Bot disconnected from Discord. Attempting to reconnect...
2025-04-01 14:16:31,676 - WARNING - Bot disconnected from Discord. Attempting to reconnect...
2025-04-01 15:17:45,083 - WARNING - Bot disconnected from Discord. Attempting to reconnect...
2025-04-01 15:37:01,387 - WARNING - API mobula returned status 500 for URL: https://production-api.mobula.io/api/1/market/history/pair?asset=6p6xgHyF7AeE6TZkSmFsko444wqoP15icUSqi2jfGiPN&blockchain=solana&period=7d
2025-04-01 15:37:01,936 - WARNING - API mobula returned status 500 for URL: https://production-api.mobula.io/api/1/market/history/pair?asset=6p6xgHyF7AeE6TZkSmFsko444wqoP15icUSqi2jfGiPN&blockchain=solana&period=7d
2025-04-01 15:37:02,657 - WARNING - API mobula returned status 500 for URL: https://production-api.mobula.io/api/1/market/history/pair?asset=6p6xgHyF7AeE6TZkSmFsko444wqoP15icUSqi2jfGiPN&blockchain=solana&period=7d
2025-04-01 15:37:03,595 - WARNING - API mobula returned status 500 for URL: https://production-api.mobula.io/api/1/market/history/pair?asset=6p6xgHyF7AeE6TZkSmFsko444wqoP15icUSqi2jfGiPN&blockchain=solana&period=7d
2025-04-01 15:40:40,687 - WARNING - No match found for section: logicFlow
2025-04-01 15:40:40,688 - WARNING - No match found for section: processArchitecture
2025-04-01 15:40:40,690 - WARNING - No match found for section: codeOrganization
2025-04-01 15:40:40,691 - WARNING - No match found for section: criticalPath
2025-04-01 15:40:40,692 - WARNING - No match found for section: misrepresentationChecks
2025-04-01 15:41:37,141 - WARNING - Bot disconnected from Discord. Attempting to reconnect...
2025-04-01 16:46:51,131 - WARNING - Bot disconnected from Discord. Attempting to reconnect...
2025-04-01 17:34:32,235 - WARNING - Bot disconnected from Discord. Attempting to reconnect...
2025-04-01 19:13:51,466 - WARNING - Bot disconnected from Discord. Attempting to reconnect...
2025-04-01 19:46:55,375 - WARNING - Bot disconnected from Discord. Attempting to reconnect...
2025-04-01 20:43:52,643 - WARNING - Bot disconnected from Discord. Attempting to reconnect...
2025-04-01 21:15:28,479 - WARNING - Bot disconnected from Discord. Attempting to reconnect...
2025-04-01 22:20:29,527 - WARNING - Bot disconnected from Discord. Attempting to reconnect...
2025-04-01 23:17:09,513 - WARNING - Bot disconnected from Discord. Attempting to reconnect...
2025-04-02 02:46:32,505 - WARNING - Bot disconnected from Discord. Attempting to reconnect...
2025-04-02 03:31:18,069 - WARNING - Bot disconnected from Discord. Attempting to reconnect...
