2025-03-14 06:32:54,595 - ERROR - Processing error for AhJ2u3o7CK4sPk9WQ2rr8FwG1xSTBMMqkjXZbeqapump: 'coroutine' object has no attribute 'to_dict'
2025-03-14 10:12:36,835 - ERROR - Embed creation error: type object 'datetime.datetime' has no attribute 'datetime'
2025-03-14 10:12:36,836 - ERROR - Failed to create embed for 5LJMJyR8MtAkbtpf8kFUV7S9oFG3xaGDdcnFxYt9pump
2025-03-14 10:12:49,813 - WARNING - API returned status 500 for URL: https://production-api.mobula.io/api/1/market/history/pair?address=3bJtn2up6q28UVbse2fVWqu6H2QfSEJuQHYU1xMhStQv&blockchain=solana&period=1d
2025-03-14 10:21:52,705 - ERROR - Embed creation error: get_gif_attachment() missing 1 required positional argument: 'banner_url'
2025-03-14 10:21:52,706 - ERROR - Failed to create embed for 5LJMJyR8MtAkbtpf8kFUV7S9oFG3xaGDdcnFxYt9pump
2025-03-14 10:29:49,786 - ERROR - Processing error for 5LJMJyR8MtAkbtpf8kFUV7S9oFG3xaGDdcnFxYt9pump: 'tuple' object has no attribute 'to_dict'
2025-03-14 10:32:58,236 - ERROR - Embed creation error: 'Embed' object has no attribute '_file' and no __dict__ for setting new attributes
2025-03-14 10:32:58,238 - ERROR - Failed to create embed for 5LJMJyR8MtAkbtpf8kFUV7S9oFG3xaGDdcnFxYt9pump
2025-03-14 10:35:40,018 - ERROR - Embed creation error: 'Embed' object has no attribute '_file' and no __dict__ for setting new attributes
2025-03-14 10:35:40,020 - ERROR - Failed to create embed for 5LJMJyR8MtAkbtpf8kFUV7S9oFG3xaGDdcnFxYt9pump
2025-03-14 10:38:35,387 - ERROR - Embed creation error: name 'file' is not defined
2025-03-14 10:38:35,388 - ERROR - Processing error for 5LJMJyR8MtAkbtpf8kFUV7S9oFG3xaGDdcnFxYt9pump: cannot unpack non-iterable NoneType object
2025-03-14 13:16:34,063 - WARNING - Bot disconnected from Discord. Attempting to reconnect...
2025-03-14 13:53:16,812 - WARNING - API returned status 404 for URL: https://api.dexscreener.com/orders/v1/solana/factory/osmo1n3n75av8awcnw4jl62n3l48e6e4sxqmaf97w5ua6ddu4s475q5qq9udvx4/alloyed/allSOL
2025-03-14 13:53:17,270 - WARNING - API returned status 500 for URL: https://production-api.mobula.io/api/1/market/history/pair?address=1960&blockchain=solana&period=30d
2025-03-14 14:03:02,386 - WARNING - Bot disconnected from Discord. Attempting to reconnect...
2025-03-14 15:45:31,391 - WARNING - Bot disconnected from Discord. Attempting to reconnect...
2025-03-14 16:35:45,715 - WARNING - Bot disconnected from Discord. Attempting to reconnect...
2025-03-14 17:13:13,622 - WARNING - Bot disconnected from Discord. Attempting to reconnect...
2025-03-14 17:55:02,297 - WARNING - Bot disconnected from Discord. Attempting to reconnect...
2025-03-14 18:02:41,471 - WARNING - Bot disconnected from Discord. Attempting to reconnect...
2025-03-14 18:16:24,681 - WARNING - Bot disconnected from Discord. Attempting to reconnect...
2025-03-14 18:18:56,556 - WARNING - Bot disconnected from Discord. Attempting to reconnect...
2025-03-14 18:49:09,698 - WARNING - Bot disconnected from Discord. Attempting to reconnect...
2025-03-14 20:15:48,975 - WARNING - Bot disconnected from Discord. Attempting to reconnect...
2025-03-14 22:26:05,439 - WARNING - Bot disconnected from Discord. Attempting to reconnect...
2025-03-14 22:35:35,956 - WARNING - Bot disconnected from Discord. Attempting to reconnect...
2025-03-14 22:47:42,134 - WARNING - Bot disconnected from Discord. Attempting to reconnect...
2025-03-14 23:00:26,288 - WARNING - Bot disconnected from Discord. Attempting to reconnect...
2025-03-14 23:28:23,566 - WARNING - Bot disconnected from Discord. Attempting to reconnect...
2025-03-14 23:29:28,281 - ERROR - Failed to forward user message to channel 1335081896807497839: 400 Bad Request (error code: 50006): Cannot send an empty message
2025-03-14 23:31:07,887 - ERROR - Failed to forward user message to channel 1335081896807497839: 400 Bad Request (error code: 50006): Cannot send an empty message
2025-03-14 23:44:45,792 - WARNING - Bot disconnected from Discord. Attempting to reconnect...
2025-03-15 00:12:54,026 - WARNING - Bot disconnected from Discord. Attempting to reconnect...
2025-03-15 00:40:00,112 - ERROR - Failed to forward user message to channel 1335081896807497839: 400 Bad Request (error code: 50006): Cannot send an empty message
