2025-06-10 00:43:34,748 - INFO - Starting bot...
2025-06-10 00:43:35,738 - INFO - API client initialized
2025-06-10 00:43:35,739 - INFO - WebsiteAnalyzer initialized with concurrency limit of 15
2025-06-10 00:43:35,752 - INFO - Loaded 4 Truth Social tokens from file
2025-06-10 00:43:35,752 - INFO - Authenticating 4 Truth Social accounts with missing or expired tokens...
2025-06-10 00:43:35,788 - ERROR - Auth error: Status 403
2025-06-10 00:43:35,789 - ERROR - Failed to authenticate Truth Social account: alphabtw
2025-06-10 00:43:35,819 - ERROR - Failed to authenticate Truth Social account: visheshbtw
2025-06-10 00:43:35,853 - ERROR - Failed to authenticate Truth Social account: sakshambtw
2025-06-10 00:43:35,884 - ERROR - Failed to authenticate Truth Social account: mayankbtw
2025-06-10 00:43:35,884 - INFO - Successfully authenticated 0/4 Truth Social accounts
2025-06-10 00:43:35,885 - INFO - Saved 4 Truth Social tokens to file
2025-06-10 00:43:35,885 - INFO - All API services initialized
2025-06-10 00:43:35,885 - INFO - Services provider initialized
2025-06-10 00:43:36,082 - INFO - Database connection pool established: size=1-10
2025-06-10 00:43:36,082 - INFO - Database connection successful
2025-06-10 00:43:36,099 - INFO - Proxy rotator initialized with http protocol
2025-06-10 00:43:36,100 - INFO - Proxy rotator initialized for Truth commands
2025-06-10 00:43:36,106 - INFO - Discord Events Registered | Username Ban Server ID: 1313758082974879774
2025-06-10 00:43:36,108 - INFO - Memory monitor started (threshold: 300MB, interval: 3600s)
2025-06-10 00:43:36,783 - INFO - Successfully synced 10 command(s)
2025-06-10 00:43:40,668 - INFO - Found 1 enabled guilds with 1 channels for about to graduate alerts
2025-06-10 00:43:40,669 - INFO - About to graduate alert tracking started
2025-06-10 00:43:41,105 - INFO - Logged in as TOPG#4967 (ID: 1340722186100408340)
2025-06-10 00:43:41,105 - INFO - Bot connected to 7 server(s)
2025-06-10 00:43:41,105 - INFO - Alerts are enabled.
2025-06-10 00:43:41,106 - INFO - Starting tracking services...
2025-06-10 00:43:41,106 - INFO - All tracking services started
2025-06-10 00:43:41,106 - INFO - Initializing Truth Social tracking...
2025-06-10 00:43:41,106 - INFO - Initializing DexScreener live tracker...
2025-06-10 00:43:41,107 - INFO - Initializing migration tracker...
2025-06-10 00:43:41,107 - INFO - Initializing about to graduate alert tracker...
2025-06-10 00:43:41,113 - INFO - About to graduate alert tracking disabled by alphabtw_ in habibifnf
2025-06-10 00:43:41,123 - INFO - Proxy rotator initialized with http protocol
2025-06-10 00:43:41,123 - INFO - Proxy rotator initialized for Truth Social tracking
2025-06-10 00:43:41,124 - INFO - Found 1 enabled guilds with 1 channels for about to graduate alerts
2025-06-10 00:43:41,125 - INFO - About to graduate alert tracking initialization complete
2025-06-10 00:43:41,125 - INFO - No enabled guilds with channels, stopping tracking
2025-06-10 00:43:41,125 - INFO - Migration tracking stopped
2025-06-10 00:43:41,125 - INFO - Migration tracking initialization complete
2025-06-10 00:43:41,126 - INFO - No enabled guilds with channels, stopping tracking
2025-06-10 00:43:41,126 - INFO - DexScreener tracking stopped
2025-06-10 00:43:41,126 - INFO - DexScreener tracking initialization complete
2025-06-10 00:43:41,133 - INFO - Found 1 guilds with Truth Social tracking enabled
2025-06-10 00:43:41,134 - INFO - Truth Social tracking started
2025-06-10 00:43:41,134 - INFO - Truth Social tracking initialization complete
2025-06-10 00:43:41,576 - ERROR - Bitquery connection error for about to graduate: server rejected WebSocket connection: HTTP 402
2025-06-10 00:44:35,691 - ERROR - Bitquery connection error for about to graduate: server rejected WebSocket connection: HTTP 402 (occurred 10 times)
2025-06-10 00:45:22,005 - INFO - No enabled guilds with channels, stopping about to graduate alert tracking
2025-06-10 00:45:22,005 - INFO - About to graduate alert tracking loop cancelled
2025-06-10 00:45:22,006 - INFO - About to graduate alert tracking stopped
2025-06-10 00:45:22,458 - INFO - About to graduate alert tracking disabled by alphabtw_ in LOYAL
2025-06-10 00:45:35,411 - INFO - alphabtw_ disabled Truth Social tracking in server 'LOYAL'
2025-06-10 00:45:41,288 - INFO - No enabled guilds found - stopping Truth Social tracking
2025-06-10 00:49:07,690 - WARNING - API mobula returned status 404 for URL: https://api.mobula.io/api/1/market/history/pair?asset=A3qEKsRTrF6BnbNSRBZWorN9DMqdmqqJxrymyTFjpump&blockchain=solana&period=1min&amount=100000
2025-06-10 00:49:08,022 - WARNING - API mobula returned status 404 for URL: https://api.mobula.io/api/1/market/history/pair?asset=A3qEKsRTrF6BnbNSRBZWorN9DMqdmqqJxrymyTFjpump&blockchain=solana&period=1min&amount=100000
2025-06-10 00:49:08,556 - WARNING - API mobula returned status 404 for URL: https://api.mobula.io/api/1/market/history/pair?asset=A3qEKsRTrF6BnbNSRBZWorN9DMqdmqqJxrymyTFjpump&blockchain=solana&period=1min&amount=100000
2025-06-10 00:49:09,275 - WARNING - API mobula returned status 404 for URL: https://api.mobula.io/api/1/market/history/pair?asset=A3qEKsRTrF6BnbNSRBZWorN9DMqdmqqJxrymyTFjpump&blockchain=solana&period=1min&amount=100000
2025-06-10 00:50:03,126 - WARNING - API mobula returned status 404 for URL: https://api.mobula.io/api/1/market/history/pair?asset=A3qEKsRTrF6BnbNSRBZWorN9DMqdmqqJxrymyTFjpump&blockchain=solana&period=1min&amount=100000
2025-06-10 00:50:03,436 - WARNING - API mobula returned status 404 for URL: https://api.mobula.io/api/1/market/history/pair?asset=A3qEKsRTrF6BnbNSRBZWorN9DMqdmqqJxrymyTFjpump&blockchain=solana&period=1min&amount=100000
2025-06-10 00:50:04,120 - WARNING - API mobula returned status 404 for URL: https://api.mobula.io/api/1/market/history/pair?asset=A3qEKsRTrF6BnbNSRBZWorN9DMqdmqqJxrymyTFjpump&blockchain=solana&period=1min&amount=100000
2025-06-10 00:50:07,767 - WARNING - API mobula returned status 404 for URL: https://api.mobula.io/api/1/market/history/pair?asset=A3qEKsRTrF6BnbNSRBZWorN9DMqdmqqJxrymyTFjpump&blockchain=solana&period=1min&amount=100000
2025-06-10 01:11:19,077 - WARNING - API mobula returned status 404 for URL: https://api.mobula.io/api/1/market/history/pair?asset=6bEY8kJR5aJMSr3weYPUC6rB9W2DY3PxuKkQyox4pump&blockchain=solana&period=1min&amount=100000
2025-06-10 01:11:19,401 - WARNING - API mobula returned status 404 for URL: https://api.mobula.io/api/1/market/history/pair?asset=6bEY8kJR5aJMSr3weYPUC6rB9W2DY3PxuKkQyox4pump&blockchain=solana&period=1min&amount=100000
2025-06-10 01:11:19,923 - WARNING - API mobula returned status 404 for URL: https://api.mobula.io/api/1/market/history/pair?asset=6bEY8kJR5aJMSr3weYPUC6rB9W2DY3PxuKkQyox4pump&blockchain=solana&period=1min&amount=100000
2025-06-10 01:11:20,631 - WARNING - API mobula returned status 404 for URL: https://api.mobula.io/api/1/market/history/pair?asset=6bEY8kJR5aJMSr3weYPUC6rB9W2DY3PxuKkQyox4pump&blockchain=solana&period=1min&amount=100000
2025-06-10 01:43:36,138 - INFO - Metrics Report | Uptime: 1h 0m | Memory: 23.2MB | Processed: 11 | Avg Processing: 2.1669s | Errors: 12 (1 types, Top: api_mobula=12) | Last Cleanup: 2025-06-10 00:43:34 (1h ago)
2025-06-10 02:29:52,767 - WARNING - Timeout for trenchbot - https://trench.bot/api/bundle/bundle_full/7VRkJGkX3agHqXhDpHhgvAhNoPgBgVz8Cy2Xmphrpump (attempt 1/3)
2025-06-10 02:30:03,761 - WARNING - Timeout for trenchbot - https://trench.bot/api/bundle/bundle_full/7VRkJGkX3agHqXhDpHhgvAhNoPgBgVz8Cy2Xmphrpump (attempt 2/3)
2025-06-10 02:30:15,765 - WARNING - Timeout for trenchbot - https://trench.bot/api/bundle/bundle_full/7VRkJGkX3agHqXhDpHhgvAhNoPgBgVz8Cy2Xmphrpump (attempt 3/3)
2025-06-10 02:30:15,768 - WARNING - No bundle data returned for 7VRkJGkX3agHqXhDpHhgvAhNoPgBgVz8Cy2Xmphrpump
2025-06-10 02:33:54,031 - INFO - Bundle check called by alphabtw_ for BKyqeg47TqFZzy3fCbsUdk3z6xY28CmdaEjoqMyEpump
2025-06-10 02:43:36,165 - INFO - Metrics Report | Uptime: 2h 0m | Memory: 20.2MB | Processed: 50 | Avg Processing: 1.2118s | Errors: 12 (1 types, Top: api_mobula=12) | Last Cleanup: 2025-06-10 00:43:34 (2h ago)
2025-06-10 03:08:58,672 - WARNING - API mobula returned status 503 for URL: https://api.mobula.io/api/1/market/history/pair?asset=Ghr2vujUEMQfBo7aJHFeHgprDBNdFQ1xxSwgxwjZpump&blockchain=solana&period=1min&amount=100000
2025-06-10 03:43:36,178 - INFO - Metrics Report | Uptime: 3h 0m | Memory: 25.5MB | Processed: 86 | Avg Processing: 1.0531s | Errors: 13 (1 types, Top: api_mobula=13) | Last Cleanup: 2025-06-10 00:43:34 (3h ago)
2025-06-10 04:00:48,460 - WARNING - Bot disconnected from Discord. Attempting to reconnect...
2025-06-10 04:00:49,124 - INFO - Reconnected to Discord after disconnection
2025-06-10 04:00:49,128 - INFO - Post-reconnection health check: Database=True, API Client=True
2025-06-10 04:00:53,466 - INFO - Bot automatically reconnected
2025-06-10 04:03:36,114 - INFO - Starting periodic metrics cleanup task...
2025-06-10 04:03:36,290 - INFO - Garbage collection completed successfully.
2025-06-10 04:03:36,290 - INFO - Metrics cleanup completed in 0.18 seconds. Next cleanup at 2025-06-10 14:03:36
2025-06-10 04:43:36,196 - INFO - Metrics Report | Uptime: 4h 0m | Memory: 62.2MB | Processed: 113 | Avg Processing: 0.8462s | Errors: 13 (1 types, Top: api_mobula=13) | Last Cleanup: 2025-06-10 04:03:36 (40m ago)
2025-06-10 05:43:36,215 - INFO - Metrics Report | Uptime: 5h 0m | Memory: 62.0MB | Processed: 140 | Avg Processing: 0.7471s | Errors: 13 (1 types, Top: api_mobula=13) | Last Cleanup: 2025-06-10 04:03:36 (1h ago)
2025-06-10 06:43:36,235 - INFO - Metrics Report | Uptime: 6h 0m | Memory: 62.4MB | Processed: 157 | Avg Processing: 0.6362s | Errors: 13 (1 types, Top: api_mobula=13) | Last Cleanup: 2025-06-10 04:03:36 (2h ago)
2025-06-10 07:18:06,169 - WARNING - Bot disconnected from Discord. Attempting to reconnect...
2025-06-10 07:18:06,978 - INFO - Reconnected to Discord after disconnection
2025-06-10 07:18:06,992 - INFO - Post-reconnection health check: Database=True, API Client=True
2025-06-10 07:18:11,191 - INFO - Bot automatically reconnected
2025-06-10 07:23:36,301 - INFO - Starting periodic metrics cleanup task...
2025-06-10 07:23:36,807 - INFO - Garbage collection completed successfully.
2025-06-10 07:23:36,813 - INFO - Metrics cleanup completed in 0.50 seconds. Next cleanup at 2025-06-10 17:23:36
2025-06-10 07:39:07,462 - WARNING - Bot disconnected from Discord. Attempting to reconnect...
2025-06-10 07:39:08,246 - INFO - Reconnected to Discord after disconnection
2025-06-10 07:39:08,260 - INFO - Post-reconnection health check: Database=True, API Client=True
2025-06-10 07:39:12,485 - INFO - Bot automatically reconnected
2025-06-10 07:43:36,260 - INFO - Metrics Report | Uptime: 7h 0m | Memory: 62.8MB | Processed: 184 | Avg Processing: 0.4916s | Errors: 13 (1 types, Top: api_mobula=13) | Last Cleanup: 2025-06-10 07:23:36 (19m ago)
2025-06-10 08:43:36,279 - INFO - Metrics Report | Uptime: 8h 0m | Memory: 62.9MB | Processed: 198 | Avg Processing: 0.4751s | Errors: 13 (1 types, Top: api_mobula=13) | Last Cleanup: 2025-06-10 07:23:36 (1h ago)
