2025-09-28 02:14:22,395 - INFO - Starting bot...
2025-09-28 02:14:23,272 - INFO - API client initialized
2025-09-28 02:14:23,272 - INFO - WebsiteAnalyzer initialized with concurrency limit of 15
2025-09-28 02:14:23,272 - INFO - All API services initialized
2025-09-28 02:14:23,272 - INFO - Services provider initialized
2025-09-28 02:14:23,328 - INFO - Database connection pool established: size=1-10
2025-09-28 02:14:23,328 - INFO - Database connection successful
2025-09-28 02:14:23,360 - INFO - Discord Events Registered | Username Ban Server ID: 1313758082974879774
2025-09-28 02:14:23,360 - INFO - User forwarding initialized: 2 input channels
2025-09-28 02:14:23,360 - INFO - Alerts initialized: 3 alert channels
2025-09-28 02:14:23,360 - INFO - Total forwarding channels: 5
2025-09-28 02:14:23,361 - INFO - Memory monitor started (threshold: 300MB, interval: 3600s)
2025-09-28 02:14:23,973 - INFO - Successfully synced 11 command(s)
2025-09-28 02:14:30,105 - INFO - Logged in as TOPG#4967 (ID: 1340722186100408340)
2025-09-28 02:14:30,106 - INFO - Bot connected to 11 server(s)
2025-09-28 02:14:30,106 - INFO - User forwarding enabled: 2 input -> 1 output channels (All users)
2025-09-28 02:14:30,106 - INFO - Alerts are enabled
2025-09-28 02:14:30,106 - INFO - Starting tracking services...
2025-09-28 02:14:30,106 - INFO - All tracking services started
2025-09-28 02:14:30,106 - INFO - Initializing DexScreener live tracker...
2025-09-28 02:14:30,106 - INFO - Initializing migration tracker...
2025-09-28 02:14:30,106 - INFO - Initializing about to graduate alert tracker...
2025-09-28 02:14:30,119 - INFO - No enabled guilds with channels, stopping dex paid tracking
2025-09-28 02:14:30,119 - INFO - DexScreener tracking stopped
2025-09-28 02:14:30,119 - INFO - DexScreener tracking initialization complete
2025-09-28 02:14:30,119 - INFO - No enabled guilds with channels, stopping about to graduate alert tracking
2025-09-28 02:14:30,119 - INFO - About to graduate alert tracking stopped
2025-09-28 02:14:30,119 - INFO - About to graduate alert tracking initialization complete
2025-09-28 02:14:30,123 - INFO - Found 1 enabled guilds with 1 channels for migration tracking
2025-09-28 02:14:30,124 - INFO - Migration tracking started
2025-09-28 02:14:30,124 - INFO - Migration tracking initialization complete
2025-09-28 02:14:30,399 - INFO - Forwarding check: channel 1374818251359649822 in {1379812775869550673, 1380170835343704085, 1315389332378484856, 1380171118874333288, 1315363172680732703} = False
2025-09-28 02:14:30,421 - INFO - Forwarding check: channel 1400859560071266356 in {1379812775869550673, 1380170835343704085, 1315389332378484856, 1380171118874333288, 1315363172680732703} = False
2025-09-28 02:14:31,488 - ERROR - Error in method-based stream: server rejected WebSocket connection: HTTP 403
2025-09-28 02:14:34,280 - ERROR - Error in log-based stream: server rejected WebSocket connection: HTTP 403
2025-09-28 02:14:38,525 - INFO - Forwarding check: channel 1389540247443865741 in {1379812775869550673, 1380170835343704085, 1315389332378484856, 1380171118874333288, 1315363172680732703} = False
2025-09-28 02:14:39,046 - INFO - Forwarding check: channel 1400859560071266356 in {1379812775869550673, 1380170835343704085, 1315389332378484856, 1380171118874333288, 1315363172680732703} = False
2025-09-28 02:14:39,111 - INFO - Forwarding check: channel 1374818251359649822 in {1379812775869550673, 1380170835343704085, 1315389332378484856, 1380171118874333288, 1315363172680732703} = False
2025-09-28 02:14:39,869 - INFO - Forwarding check: channel 1355907395154608311 in {1379812775869550673, 1380170835343704085, 1315389332378484856, 1380171118874333288, 1315363172680732703} = False
2025-09-28 02:14:42,242 - INFO - Forwarding check: channel 1400859560071266356 in {1379812775869550673, 1380170835343704085, 1315389332378484856, 1380171118874333288, 1315363172680732703} = False
2025-09-28 02:14:42,281 - INFO - Forwarding check: channel 1374818251359649822 in {1379812775869550673, 1380170835343704085, 1315389332378484856, 1380171118874333288, 1315363172680732703} = False
2025-09-28 02:14:46,531 - INFO - Forwarding check: channel 1355907319136780308 in {1379812775869550673, 1380170835343704085, 1315389332378484856, 1380171118874333288, 1315363172680732703} = False
2025-09-28 02:14:54,607 - ERROR - Error in log-based stream: server rejected WebSocket connection: HTTP 403 (occurred 10 times)
2025-09-28 02:14:57,307 - ERROR - Error in method-based stream: server rejected WebSocket connection: HTTP 403 (occurred 10 times)
2025-09-28 02:14:59,870 - INFO - Forwarding check: channel 1389540247443865741 in {1379812775869550673, 1380170835343704085, 1315389332378484856, 1380171118874333288, 1315363172680732703} = False
2025-09-28 02:14:59,881 - INFO - Forwarding check: channel 1374818251359649822 in {1379812775869550673, 1380170835343704085, 1315389332378484856, 1380171118874333288, 1315363172680732703} = False
2025-09-28 02:14:59,937 - INFO - Forwarding check: channel 1400859560071266356 in {1379812775869550673, 1380170835343704085, 1315389332378484856, 1380171118874333288, 1315363172680732703} = False
2025-09-28 02:15:02,602 - INFO - Forwarding check: channel 1389540247443865741 in {1379812775869550673, 1380170835343704085, 1315389332378484856, 1380171118874333288, 1315363172680732703} = False
2025-09-28 02:15:03,023 - INFO - Forwarding check: channel 1389540247443865741 in {1379812775869550673, 1380170835343704085, 1315389332378484856, 1380171118874333288, 1315363172680732703} = False
2025-09-28 02:15:03,483 - INFO - Forwarding check: channel 1389540247443865741 in {1379812775869550673, 1380170835343704085, 1315389332378484856, 1380171118874333288, 1315363172680732703} = False
2025-09-28 02:15:03,875 - INFO - Forwarding check: channel 1400859560071266356 in {1379812775869550673, 1380170835343704085, 1315389332378484856, 1380171118874333288, 1315363172680732703} = False
2025-09-28 02:15:03,893 - INFO - Forwarding check: channel 1374818251359649822 in {1379812775869550673, 1380170835343704085, 1315389332378484856, 1380171118874333288, 1315363172680732703} = False
2025-09-28 02:15:04,331 - INFO - Forwarding check: channel 1372229538129514496 in {1379812775869550673, 1380170835343704085, 1315389332378484856, 1380171118874333288, 1315363172680732703} = False
2025-09-28 02:15:04,451 - INFO - Forwarding check: channel 1394176637159080037 in {1379812775869550673, 1380170835343704085, 1315389332378484856, 1380171118874333288, 1315363172680732703} = False
2025-09-28 02:15:09,002 - INFO - Forwarding check: channel 1400859560071266356 in {1379812775869550673, 1380170835343704085, 1315389332378484856, 1380171118874333288, 1315363172680732703} = False
2025-09-28 02:15:09,087 - INFO - Forwarding check: channel 1374818251359649822 in {1379812775869550673, 1380170835343704085, 1315389332378484856, 1380171118874333288, 1315363172680732703} = False
2025-09-28 02:15:13,901 - INFO - Forwarding check: channel 1400859560071266356 in {1379812775869550673, 1380170835343704085, 1315389332378484856, 1380171118874333288, 1315363172680732703} = False
2025-09-28 02:15:14,036 - INFO - Forwarding check: channel 1374818251359649822 in {1379812775869550673, 1380170835343704085, 1315389332378484856, 1380171118874333288, 1315363172680732703} = False
2025-09-28 02:15:14,211 - INFO - Forwarding check: channel 1389540247443865741 in {1379812775869550673, 1380170835343704085, 1315389332378484856, 1380171118874333288, 1315363172680732703} = False
2025-09-28 02:15:14,528 - INFO - Forwarding check: channel 1389540247443865741 in {1379812775869550673, 1380170835343704085, 1315389332378484856, 1380171118874333288, 1315363172680732703} = False
2025-09-28 02:15:15,532 - INFO - Forwarding check: channel 1394176637159080037 in {1379812775869550673, 1380170835343704085, 1315389332378484856, 1380171118874333288, 1315363172680732703} = False
2025-09-28 02:15:15,716 - INFO - Forwarding check: channel 1372229538129514496 in {1379812775869550673, 1380170835343704085, 1315389332378484856, 1380171118874333288, 1315363172680732703} = False
2025-09-28 02:15:16,780 - INFO - Forwarding check: channel 1372229538129514496 in {1379812775869550673, 1380170835343704085, 1315389332378484856, 1380171118874333288, 1315363172680732703} = False
2025-09-28 02:15:16,838 - INFO - Forwarding check: channel 1394176637159080037 in {1379812775869550673, 1380170835343704085, 1315389332378484856, 1380171118874333288, 1315363172680732703} = False
2025-09-28 02:15:17,263 - INFO - Forwarding check: channel 1400859560071266356 in {1379812775869550673, 1380170835343704085, 1315389332378484856, 1380171118874333288, 1315363172680732703} = False
2025-09-28 02:15:17,626 - ERROR - Error in log-based stream: server rejected WebSocket connection: HTTP 403 (occurred 20 times)
2025-09-28 02:15:19,321 - INFO - Forwarding check: channel 1400859560071266356 in {1379812775869550673, 1380170835343704085, 1315389332378484856, 1380171118874333288, 1315363172680732703} = False
2025-09-28 02:15:19,345 - INFO - Forwarding check: channel 1374818251359649822 in {1379812775869550673, 1380170835343704085, 1315389332378484856, 1380171118874333288, 1315363172680732703} = False
2025-09-28 02:15:22,898 - INFO - Forwarding check: channel 1374034315985293384 in {1379812775869550673, 1380170835343704085, 1315389332378484856, 1380171118874333288, 1315363172680732703} = False
2025-09-28 02:15:23,967 - INFO - Forwarding check: channel 1400859560071266356 in {1379812775869550673, 1380170835343704085, 1315389332378484856, 1380171118874333288, 1315363172680732703} = False
2025-09-28 02:15:24,007 - INFO - Forwarding check: channel 1374818251359649822 in {1379812775869550673, 1380170835343704085, 1315389332378484856, 1380171118874333288, 1315363172680732703} = False
2025-09-28 02:15:25,738 - ERROR - Error in method-based stream: server rejected WebSocket connection: HTTP 403 (occurred 20 times)
2025-09-28 02:15:27,351 - INFO - Forwarding check: channel 1400859560071266356 in {1379812775869550673, 1380170835343704085, 1315389332378484856, 1380171118874333288, 1315363172680732703} = False
2025-09-28 02:15:27,352 - INFO - Forwarding check: channel 1374818251359649822 in {1379812775869550673, 1380170835343704085, 1315389332378484856, 1380171118874333288, 1315363172680732703} = False
2025-09-28 02:15:30,170 - INFO - Forwarding check: channel 1394176637159080037 in {1379812775869550673, 1380170835343704085, 1315389332378484856, 1380171118874333288, 1315363172680732703} = False
2025-09-28 02:15:30,397 - INFO - Forwarding check: channel 1372229538129514496 in {1379812775869550673, 1380170835343704085, 1315389332378484856, 1380171118874333288, 1315363172680732703} = False
2025-09-28 02:15:31,064 - INFO - Forwarding check: channel 1400859560071266356 in {1379812775869550673, 1380170835343704085, 1315389332378484856, 1380171118874333288, 1315363172680732703} = False
2025-09-28 02:15:31,075 - INFO - Forwarding check: channel 1374818251359649822 in {1379812775869550673, 1380170835343704085, 1315389332378484856, 1380171118874333288, 1315363172680732703} = False
2025-09-28 02:15:40,014 - INFO - Forwarding check: channel 1295091645355917333 in {1379812775869550673, 1380170835343704085, 1315389332378484856, 1380171118874333288, 1315363172680732703} = False
2025-09-28 02:15:40,160 - INFO - Forwarding check: channel 1328753554478989475 in {1379812775869550673, 1380170835343704085, 1315389332378484856, 1380171118874333288, 1315363172680732703} = False
2025-09-28 02:15:40,299 - INFO - Forwarding check: channel 1311017236965625898 in {1379812775869550673, 1380170835343704085, 1315389332378484856, 1380171118874333288, 1315363172680732703} = False
2025-09-28 02:15:41,356 - INFO - Forwarding check: channel 1311017236965625898 in {1379812775869550673, 1380170835343704085, 1315389332378484856, 1380171118874333288, 1315363172680732703} = False
2025-09-28 02:15:41,568 - INFO - Forwarding check: channel 1328753554478989475 in {1379812775869550673, 1380170835343704085, 1315389332378484856, 1380171118874333288, 1315363172680732703} = False
2025-09-28 02:15:41,729 - INFO - Forwarding check: channel 1389540247443865741 in {1379812775869550673, 1380170835343704085, 1315389332378484856, 1380171118874333288, 1315363172680732703} = False
2025-09-28 02:15:41,788 - INFO - Forwarding check: channel 1398463803687174144 in {1379812775869550673, 1380170835343704085, 1315389332378484856, 1380171118874333288, 1315363172680732703} = False
2025-09-28 02:15:41,953 - INFO - Forwarding check: channel 1400859560071266356 in {1379812775869550673, 1380170835343704085, 1315389332378484856, 1380171118874333288, 1315363172680732703} = False
2025-09-28 02:15:41,970 - INFO - Forwarding check: channel 1374818251359649822 in {1379812775869550673, 1380170835343704085, 1315389332378484856, 1380171118874333288, 1315363172680732703} = False
2025-09-28 02:15:42,853 - INFO - Forwarding check: channel 1398463803687174144 in {1379812775869550673, 1380170835343704085, 1315389332378484856, 1380171118874333288, 1315363172680732703} = False
2025-09-28 02:15:42,947 - INFO - Forwarding check: channel 1372229538129514496 in {1379812775869550673, 1380170835343704085, 1315389332378484856, 1380171118874333288, 1315363172680732703} = False
2025-09-28 02:15:42,975 - INFO - Forwarding check: channel 1394176637159080037 in {1379812775869550673, 1380170835343704085, 1315389332378484856, 1380171118874333288, 1315363172680732703} = False
2025-09-28 02:15:43,179 - INFO - Forwarding check: channel 1295091645355917333 in {1379812775869550673, 1380170835343704085, 1315389332378484856, 1380171118874333288, 1315363172680732703} = False
2025-09-28 02:15:43,357 - INFO - Forwarding check: channel 1311018674966102096 in {1379812775869550673, 1380170835343704085, 1315389332378484856, 1380171118874333288, 1315363172680732703} = False
2025-09-28 02:15:43,368 - ERROR - Error in log-based stream: server rejected WebSocket connection: HTTP 403 (occurred 30 times)
2025-09-28 02:15:44,383 - INFO - Forwarding check: channel 1311018674966102096 in {1379812775869550673, 1380170835343704085, 1315389332378484856, 1380171118874333288, 1315363172680732703} = False
2025-09-28 02:15:44,643 - INFO - Forwarding check: channel 1311017236965625898 in {1379812775869550673, 1380170835343704085, 1315389332378484856, 1380171118874333288, 1315363172680732703} = False
2025-09-28 02:15:45,561 - INFO - Forwarding check: channel 1311017236965625898 in {1379812775869550673, 1380170835343704085, 1315389332378484856, 1380171118874333288, 1315363172680732703} = False
2025-09-28 02:15:46,596 - INFO - Forwarding check: channel 1311017236965625898 in {1379812775869550673, 1380170835343704085, 1315389332378484856, 1380171118874333288, 1315363172680732703} = False
2025-09-28 02:15:47,661 - INFO - Forwarding check: channel 1311017236965625898 in {1379812775869550673, 1380170835343704085, 1315389332378484856, 1380171118874333288, 1315363172680732703} = False
2025-09-28 02:15:48,397 - INFO - Forwarding check: channel 1313996231323684916 in {1379812775869550673, 1380170835343704085, 1315389332378484856, 1380171118874333288, 1315363172680732703} = False
2025-09-28 02:15:49,274 - INFO - Forwarding check: channel 1313996231323684916 in {1379812775869550673, 1380170835343704085, 1315389332378484856, 1380171118874333288, 1315363172680732703} = False
2025-09-28 02:15:50,344 - INFO - Forwarding check: channel 1313996231323684916 in {1379812775869550673, 1380170835343704085, 1315389332378484856, 1380171118874333288, 1315363172680732703} = False
2025-09-28 02:15:51,307 - INFO - Forwarding check: channel 1313996231323684916 in {1379812775869550673, 1380170835343704085, 1315389332378484856, 1380171118874333288, 1315363172680732703} = False
2025-09-28 02:15:51,502 - INFO - Forwarding check: channel 1318719265452326966 in {1379812775869550673, 1380170835343704085, 1315389332378484856, 1380171118874333288, 1315363172680732703} = False
2025-09-28 02:15:54,647 - INFO - Forwarding check: channel 1374034315985293384 in {1379812775869550673, 1380170835343704085, 1315389332378484856, 1380171118874333288, 1315363172680732703} = False
2025-09-28 02:15:55,096 - INFO - Forwarding check: channel 1374034315985293384 in {1379812775869550673, 1380170835343704085, 1315389332378484856, 1380171118874333288, 1315363172680732703} = False
2025-09-28 02:15:55,572 - ERROR - Error in method-based stream: server rejected WebSocket connection: HTTP 403 (occurred 30 times)
2025-09-28 02:15:55,614 - INFO - Forwarding check: channel 1374034315985293384 in {1379812775869550673, 1380170835343704085, 1315389332378484856, 1380171118874333288, 1315363172680732703} = False
2025-09-28 02:15:56,145 - INFO - Forwarding check: channel 1374034315985293384 in {1379812775869550673, 1380170835343704085, 1315389332378484856, 1380171118874333288, 1315363172680732703} = False
2025-09-28 02:15:56,460 - INFO - Forwarding check: channel 1355907395154608311 in {1379812775869550673, 1380170835343704085, 1315389332378484856, 1380171118874333288, 1315363172680732703} = False
2025-09-28 02:15:56,681 - INFO - Forwarding check: channel 1374034315985293384 in {1379812775869550673, 1380170835343704085, 1315389332378484856, 1380171118874333288, 1315363172680732703} = False
2025-09-28 02:15:58,040 - INFO - Forwarding check: channel 1355907395154608311 in {1379812775869550673, 1380170835343704085, 1315389332378484856, 1380171118874333288, 1315363172680732703} = False
2025-09-28 02:16:03,455 - INFO - Forwarding check: channel 1355907395154608311 in {1379812775869550673, 1380170835343704085, 1315389332378484856, 1380171118874333288, 1315363172680732703} = False
2025-09-28 02:16:15,854 - ERROR - Error in log-based stream: server rejected WebSocket connection: HTTP 403 (occurred 40 times)
2025-09-28 02:16:19,925 - ERROR - Error in method-based stream: server rejected WebSocket connection: HTTP 403 (occurred 40 times)
2025-09-28 02:16:31,887 - INFO - Forwarding check: channel 1400859560071266356 in {1379812775869550673, 1380170835343704085, 1315389332378484856, 1380171118874333288, 1315363172680732703} = False
2025-09-28 02:16:31,949 - INFO - Forwarding check: channel 1374818251359649822 in {1379812775869550673, 1380170835343704085, 1315389332378484856, 1380171118874333288, 1315363172680732703} = False
2025-09-28 02:16:34,218 - INFO - Forwarding check: channel 1389540247443865741 in {1379812775869550673, 1380170835343704085, 1315389332378484856, 1380171118874333288, 1315363172680732703} = False
2025-09-28 02:16:34,322 - INFO - Forwarding check: channel 1389540247443865741 in {1379812775869550673, 1380170835343704085, 1315389332378484856, 1380171118874333288, 1315363172680732703} = False
2025-09-28 02:16:34,474 - INFO - Forwarding check: channel 1374818251359649822 in {1379812775869550673, 1380170835343704085, 1315389332378484856, 1380171118874333288, 1315363172680732703} = False
2025-09-28 02:16:34,530 - INFO - Forwarding check: channel 1400859560071266356 in {1379812775869550673, 1380170835343704085, 1315389332378484856, 1380171118874333288, 1315363172680732703} = False
2025-09-28 02:16:36,850 - INFO - Forwarding check: channel 1400859560071266356 in {1379812775869550673, 1380170835343704085, 1315389332378484856, 1380171118874333288, 1315363172680732703} = False
2025-09-28 02:16:36,929 - INFO - Forwarding check: channel 1374818251359649822 in {1379812775869550673, 1380170835343704085, 1315389332378484856, 1380171118874333288, 1315363172680732703} = False
2025-09-28 02:16:41,626 - ERROR - Error in log-based stream: server rejected WebSocket connection: HTTP 403 (occurred 50 times)
2025-09-28 02:16:45,667 - ERROR - Error in method-based stream: server rejected WebSocket connection: HTTP 403 (occurred 50 times)
2025-09-28 02:16:46,068 - INFO - Forwarding check: channel 1400859560071266356 in {1379812775869550673, 1380170835343704085, 1315389332378484856, 1380171118874333288, 1315363172680732703} = False
2025-09-28 02:16:46,075 - INFO - Forwarding check: channel 1374818251359649822 in {1379812775869550673, 1380170835343704085, 1315389332378484856, 1380171118874333288, 1315363172680732703} = False
2025-09-28 02:16:46,783 - INFO - Forwarding check: channel 1389540247443865741 in {1379812775869550673, 1380170835343704085, 1315389332378484856, 1380171118874333288, 1315363172680732703} = False
2025-09-28 02:16:47,334 - INFO - Forwarding check: channel 1389540247443865741 in {1379812775869550673, 1380170835343704085, 1315389332378484856, 1380171118874333288, 1315363172680732703} = False
2025-09-28 02:16:48,243 - INFO - Forwarding check: channel 1372229538129514496 in {1379812775869550673, 1380170835343704085, 1315389332378484856, 1380171118874333288, 1315363172680732703} = False
2025-09-28 02:16:48,294 - INFO - Forwarding check: channel 1394176637159080037 in {1379812775869550673, 1380170835343704085, 1315389332378484856, 1380171118874333288, 1315363172680732703} = False
2025-09-28 02:16:49,060 - INFO - Forwarding check: channel 1400859560071266356 in {1379812775869550673, 1380170835343704085, 1315389332378484856, 1380171118874333288, 1315363172680732703} = False
2025-09-28 02:16:49,097 - INFO - Forwarding check: channel 1374818251359649822 in {1379812775869550673, 1380170835343704085, 1315389332378484856, 1380171118874333288, 1315363172680732703} = False
2025-09-28 02:16:50,074 - INFO - Bot is shutting down...
2025-09-28 02:16:50,075 - INFO - API client closed
2025-09-28 02:16:50,075 - INFO - Truth Social tracking stopped
2025-09-28 02:16:50,075 - INFO - Truth Social tracking stopped
2025-09-28 02:16:50,075 - INFO - Services closed successfully
2025-09-28 02:16:50,075 - INFO - Background task 'metrics_cleanup' canceled
2025-09-28 02:16:50,075 - INFO - Background task 'memory_monitor' canceled
2025-09-28 02:16:50,075 - INFO - Background task 'heartbeat_monitor' canceled
2025-09-28 02:16:50,075 - INFO - Background task 'metrics_report' canceled
2025-09-28 02:16:50,076 - INFO - DexScreener tracking stopped
2025-09-28 02:16:50,076 - INFO - DexScreener tracking stopped
2025-09-28 02:16:50,076 - INFO - Database connection pool closed successfully
2025-09-28 02:16:50,077 - INFO - Tracking loop cancelled
2025-09-28 02:16:50,078 - INFO - Bot stopped by user
2025-09-28 02:30:54,832 - INFO - Starting bot...
2025-09-28 02:30:55,752 - INFO - API client initialized
2025-09-28 02:30:55,752 - INFO - WebsiteAnalyzer initialized with concurrency limit of 15
2025-09-28 02:30:55,753 - INFO - All API services initialized
2025-09-28 02:30:55,753 - INFO - Services provider initialized
2025-09-28 02:30:55,766 - INFO - Database connection pool established: size=1-10
2025-09-28 02:30:55,766 - INFO - Database connection successful
2025-09-28 02:30:55,774 - INFO - Discord Events Registered | Username Ban Server ID: 1313758082974879774
2025-09-28 02:30:55,774 - INFO - User forwarding initialized: 2 input channels
2025-09-28 02:30:55,774 - INFO - Alerts initialized: 3 alert channels
2025-09-28 02:30:55,774 - INFO - Total forwarding channels: 5
2025-09-28 02:30:55,775 - INFO - Memory monitor started (threshold: 300MB, interval: 3600s)
2025-09-28 02:30:56,345 - INFO - Successfully synced 11 command(s)
2025-09-28 02:30:57,877 - INFO - Forwarding check: channel 1400859560071266356 in {1379812775869550673, 1417949956307812403, 1380170835343704085, 1374034315985293384, 1380171118874333288} = False
2025-09-28 02:30:57,877 - INFO - Forwarding check: channel 1311017236965625898 in {1379812775869550673, 1417949956307812403, 1380170835343704085, 1374034315985293384, 1380171118874333288} = False
2025-09-28 02:30:57,877 - INFO - Forwarding check: channel 1374818251359649822 in {1379812775869550673, 1417949956307812403, 1380170835343704085, 1374034315985293384, 1380171118874333288} = False
2025-09-28 02:30:59,146 - INFO - Forwarding check: channel 1311017236965625898 in {1379812775869550673, 1417949956307812403, 1380170835343704085, 1374034315985293384, 1380171118874333288} = False
2025-09-28 02:30:59,960 - INFO - Forwarding check: channel 1374818251359649822 in {1379812775869550673, 1417949956307812403, 1380170835343704085, 1374034315985293384, 1380171118874333288} = False
2025-09-28 02:31:00,003 - INFO - Forwarding check: channel 1400859560071266356 in {1379812775869550673, 1417949956307812403, 1380170835343704085, 1374034315985293384, 1380171118874333288} = False
2025-09-28 02:31:00,189 - INFO - Forwarding check: channel 1311017236965625898 in {1379812775869550673, 1417949956307812403, 1380170835343704085, 1374034315985293384, 1380171118874333288} = False
2025-09-28 02:31:00,401 - INFO - Forwarding check: channel 1318719265452326966 in {1379812775869550673, 1417949956307812403, 1380170835343704085, 1374034315985293384, 1380171118874333288} = False
2025-09-28 02:31:00,536 - INFO - Forwarding check: channel 1389540247443865741 in {1379812775869550673, 1417949956307812403, 1380170835343704085, 1374034315985293384, 1380171118874333288} = False
2025-09-28 02:31:01,087 - INFO - Forwarding check: channel 1389540247443865741 in {1379812775869550673, 1417949956307812403, 1380170835343704085, 1374034315985293384, 1380171118874333288} = False
2025-09-28 02:31:01,193 - INFO - Forwarding check: channel 1372229538129514496 in {1379812775869550673, 1417949956307812403, 1380170835343704085, 1374034315985293384, 1380171118874333288} = False
2025-09-28 02:31:01,297 - INFO - Forwarding check: channel 1394176637159080037 in {1379812775869550673, 1417949956307812403, 1380170835343704085, 1374034315985293384, 1380171118874333288} = False
2025-09-28 02:31:01,387 - INFO - Forwarding check: channel 1318719265452326966 in {1379812775869550673, 1417949956307812403, 1380170835343704085, 1374034315985293384, 1380171118874333288} = False
2025-09-28 02:31:01,723 - INFO - Forwarding check: channel 1374034315985293384 in {1379812775869550673, 1417949956307812403, 1380170835343704085, 1374034315985293384, 1380171118874333288} = True
2025-09-28 02:31:01,737 - INFO - Starting user forwarding for message from alphabtw_
2025-09-28 02:31:01,737 - INFO - USER_OUTPUT_CHANNEL_IDS: {1390874277234081862}
2025-09-28 02:31:01,738 - INFO - FORWARD_USER_IDS: set()
2025-09-28 02:31:02,756 - INFO - Forwarding check: channel 1389540247443865741 in {1379812775869550673, 1417949956307812403, 1380170835343704085, 1374034315985293384, 1380171118874333288} = False
2025-09-28 02:31:03,962 - INFO - Logged in as TOPG#4967 (ID: 1340722186100408340)
2025-09-28 02:31:03,962 - INFO - Bot connected to 11 server(s)
2025-09-28 02:31:03,962 - INFO - User forwarding enabled: 2 input -> 1 output channels (All users)
2025-09-28 02:31:03,962 - INFO - Alerts are enabled
2025-09-28 02:31:03,962 - INFO - Starting tracking services...
2025-09-28 02:31:03,962 - INFO - All tracking services started
2025-09-28 02:31:03,963 - INFO - Initializing DexScreener live tracker...
2025-09-28 02:31:03,963 - INFO - Initializing migration tracker...
2025-09-28 02:31:03,963 - INFO - Initializing about to graduate alert tracker...
2025-09-28 02:31:03,964 - INFO - Forwarding check: channel 1313996231323684916 in {1379812775869550673, 1417949956307812403, 1380170835343704085, 1374034315985293384, 1380171118874333288} = False
2025-09-28 02:31:03,964 - INFO - Forwarding check: channel 1313996231323684916 in {1379812775869550673, 1417949956307812403, 1380170835343704085, 1374034315985293384, 1380171118874333288} = False
2025-09-28 02:31:03,964 - INFO - Forwarding check: channel 1390874277234081862 in {1379812775869550673, 1417949956307812403, 1380170835343704085, 1374034315985293384, 1380171118874333288} = False
2025-09-28 02:31:03,964 - INFO - Forwarding check: channel 1311017236965625898 in {1379812775869550673, 1417949956307812403, 1380170835343704085, 1374034315985293384, 1380171118874333288} = False
2025-09-28 02:31:03,967 - INFO - No enabled guilds with channels, stopping dex paid tracking
2025-09-28 02:31:03,967 - INFO - DexScreener tracking stopped
2025-09-28 02:31:03,967 - INFO - DexScreener tracking initialization complete
2025-09-28 02:31:03,968 - INFO - Found 1 enabled guilds with 1 channels for migration tracking
2025-09-28 02:31:03,968 - INFO - Migration tracking started
2025-09-28 02:31:03,968 - INFO - Migration tracking initialization complete
2025-09-28 02:31:03,969 - INFO - No enabled guilds with channels, stopping about to graduate alert tracking
2025-09-28 02:31:03,969 - INFO - About to graduate alert tracking stopped
2025-09-28 02:31:03,969 - INFO - About to graduate alert tracking initialization complete
2025-09-28 02:31:04,542 - INFO - Forwarding check: channel 1311017236965625898 in {1379812775869550673, 1417949956307812403, 1380170835343704085, 1374034315985293384, 1380171118874333288} = False
2025-09-28 02:31:04,882 - INFO - Forwarding check: channel 1295091645355917333 in {1379812775869550673, 1417949956307812403, 1380170835343704085, 1374034315985293384, 1380171118874333288} = False
2025-09-28 02:31:05,064 - INFO - Forwarding check: channel 1389540247443865741 in {1379812775869550673, 1417949956307812403, 1380170835343704085, 1374034315985293384, 1380171118874333288} = False
2025-09-28 02:31:05,341 - ERROR - Error in log-based stream: server rejected WebSocket connection: HTTP 403
2025-09-28 02:31:05,433 - INFO - Forwarding check: channel 1400859560071266356 in {1379812775869550673, 1417949956307812403, 1380170835343704085, 1374034315985293384, 1380171118874333288} = False
2025-09-28 02:31:05,566 - INFO - Forwarding check: channel 1374818251359649822 in {1379812775869550673, 1417949956307812403, 1380170835343704085, 1374034315985293384, 1380171118874333288} = False
2025-09-28 02:31:05,748 - INFO - Forwarding check: channel 1372229538129514496 in {1379812775869550673, 1417949956307812403, 1380170835343704085, 1374034315985293384, 1380171118874333288} = False
2025-09-28 02:31:06,032 - INFO - Forwarding check: channel 1394176637159080037 in {1379812775869550673, 1417949956307812403, 1380170835343704085, 1374034315985293384, 1380171118874333288} = False
2025-09-28 02:31:08,080 - ERROR - Error in method-based stream: server rejected WebSocket connection: HTTP 403
2025-09-28 02:31:10,031 - INFO - Forwarding check: channel 1394176637159080037 in {1379812775869550673, 1417949956307812403, 1380170835343704085, 1374034315985293384, 1380171118874333288} = False
2025-09-28 02:31:10,083 - INFO - Forwarding check: channel 1372229538129514496 in {1379812775869550673, 1417949956307812403, 1380170835343704085, 1374034315985293384, 1380171118874333288} = False
2025-09-28 02:31:11,578 - INFO - Forwarding check: channel 1400859560071266356 in {1379812775869550673, 1417949956307812403, 1380170835343704085, 1374034315985293384, 1380171118874333288} = False
2025-09-28 02:31:11,617 - INFO - Forwarding check: channel 1374818251359649822 in {1379812775869550673, 1417949956307812403, 1380170835343704085, 1374034315985293384, 1380171118874333288} = False
2025-09-28 02:31:12,661 - INFO - Forwarding check: channel 1372229538129514496 in {1379812775869550673, 1417949956307812403, 1380170835343704085, 1374034315985293384, 1380171118874333288} = False
2025-09-28 02:31:12,665 - INFO - Forwarding check: channel 1394176637159080037 in {1379812775869550673, 1417949956307812403, 1380170835343704085, 1374034315985293384, 1380171118874333288} = False
2025-09-28 02:31:13,108 - INFO - Forwarding check: channel 1389540247443865741 in {1379812775869550673, 1417949956307812403, 1380170835343704085, 1374034315985293384, 1380171118874333288} = False
2025-09-28 02:31:13,787 - INFO - Forwarding check: channel 1394176637159080037 in {1379812775869550673, 1417949956307812403, 1380170835343704085, 1374034315985293384, 1380171118874333288} = False
2025-09-28 02:31:13,835 - INFO - Forwarding check: channel 1372229538129514496 in {1379812775869550673, 1417949956307812403, 1380170835343704085, 1374034315985293384, 1380171118874333288} = False
2025-09-28 02:31:14,727 - INFO - Forwarding check: channel 1389540247443865741 in {1379812775869550673, 1417949956307812403, 1380170835343704085, 1374034315985293384, 1380171118874333288} = False
2025-09-28 02:31:15,320 - INFO - Forwarding check: channel 1400859560071266356 in {1379812775869550673, 1417949956307812403, 1380170835343704085, 1374034315985293384, 1380171118874333288} = False
2025-09-28 02:31:15,332 - INFO - Forwarding check: channel 1374818251359649822 in {1379812775869550673, 1417949956307812403, 1380170835343704085, 1374034315985293384, 1380171118874333288} = False
2025-09-28 02:31:16,579 - INFO - Forwarding check: channel 1372229538129514496 in {1379812775869550673, 1417949956307812403, 1380170835343704085, 1374034315985293384, 1380171118874333288} = False
2025-09-28 02:31:16,612 - INFO - Forwarding check: channel 1394176637159080037 in {1379812775869550673, 1417949956307812403, 1380170835343704085, 1374034315985293384, 1380171118874333288} = False
2025-09-28 02:31:17,751 - INFO - Forwarding check: channel 1394176637159080037 in {1379812775869550673, 1417949956307812403, 1380170835343704085, 1374034315985293384, 1380171118874333288} = False
2025-09-28 02:31:17,808 - INFO - Forwarding check: channel 1372229538129514496 in {1379812775869550673, 1417949956307812403, 1380170835343704085, 1374034315985293384, 1380171118874333288} = False
2025-09-28 02:31:19,052 - INFO - Forwarding check: channel 1372229538129514496 in {1379812775869550673, 1417949956307812403, 1380170835343704085, 1374034315985293384, 1380171118874333288} = False
2025-09-28 02:31:19,169 - INFO - Forwarding check: channel 1394176637159080037 in {1379812775869550673, 1417949956307812403, 1380170835343704085, 1374034315985293384, 1380171118874333288} = False
2025-09-28 02:31:21,757 - INFO - Forwarding check: channel 1394176637159080037 in {1379812775869550673, 1417949956307812403, 1380170835343704085, 1374034315985293384, 1380171118874333288} = False
2025-09-28 02:31:21,922 - INFO - Forwarding check: channel 1372229538129514496 in {1379812775869550673, 1417949956307812403, 1380170835343704085, 1374034315985293384, 1380171118874333288} = False
2025-09-28 02:31:22,306 - INFO - Forwarding check: channel 1374818251359649822 in {1379812775869550673, 1417949956307812403, 1380170835343704085, 1374034315985293384, 1380171118874333288} = False
2025-09-28 02:31:22,313 - INFO - Forwarding check: channel 1400859560071266356 in {1379812775869550673, 1417949956307812403, 1380170835343704085, 1374034315985293384, 1380171118874333288} = False
2025-09-28 02:31:23,618 - INFO - Forwarding check: channel 1389540247443865741 in {1379812775869550673, 1417949956307812403, 1380170835343704085, 1374034315985293384, 1380171118874333288} = False
2025-09-28 02:31:25,359 - INFO - Forwarding check: channel 1372229538129514496 in {1379812775869550673, 1417949956307812403, 1380170835343704085, 1374034315985293384, 1380171118874333288} = False
2025-09-28 02:31:25,477 - INFO - Forwarding check: channel 1394176637159080037 in {1379812775869550673, 1417949956307812403, 1380170835343704085, 1374034315985293384, 1380171118874333288} = False
2025-09-28 02:31:26,468 - INFO - Forwarding check: channel 1400859560071266356 in {1379812775869550673, 1417949956307812403, 1380170835343704085, 1374034315985293384, 1380171118874333288} = False
2025-09-28 02:31:26,695 - INFO - Forwarding check: channel 1374818251359649822 in {1379812775869550673, 1417949956307812403, 1380170835343704085, 1374034315985293384, 1380171118874333288} = False
2025-09-28 02:31:26,970 - ERROR - Error in method-based stream: server rejected WebSocket connection: HTTP 403 (occurred 10 times)
2025-09-28 02:31:27,847 - INFO - Forwarding check: channel 1394176637159080037 in {1379812775869550673, 1417949956307812403, 1380170835343704085, 1374034315985293384, 1380171118874333288} = False
2025-09-28 02:31:27,882 - INFO - Forwarding check: channel 1372229538129514496 in {1379812775869550673, 1417949956307812403, 1380170835343704085, 1374034315985293384, 1380171118874333288} = False
2025-09-28 02:31:29,423 - INFO - Forwarding check: channel 1400859560071266356 in {1379812775869550673, 1417949956307812403, 1380170835343704085, 1374034315985293384, 1380171118874333288} = False
2025-09-28 02:31:29,620 - INFO - Forwarding check: channel 1374818251359649822 in {1379812775869550673, 1417949956307812403, 1380170835343704085, 1374034315985293384, 1380171118874333288} = False
2025-09-28 02:31:30,411 - INFO - Forwarding check: channel 1394176637159080037 in {1379812775869550673, 1417949956307812403, 1380170835343704085, 1374034315985293384, 1380171118874333288} = False
2025-09-28 02:31:30,588 - INFO - Forwarding check: channel 1372229538129514496 in {1379812775869550673, 1417949956307812403, 1380170835343704085, 1374034315985293384, 1380171118874333288} = False
2025-09-28 02:31:31,647 - INFO - Forwarding check: channel 1372229538129514496 in {1379812775869550673, 1417949956307812403, 1380170835343704085, 1374034315985293384, 1380171118874333288} = False
2025-09-28 02:31:31,703 - INFO - Forwarding check: channel 1394176637159080037 in {1379812775869550673, 1417949956307812403, 1380170835343704085, 1374034315985293384, 1380171118874333288} = False
2025-09-28 02:31:33,708 - ERROR - Error in log-based stream: server rejected WebSocket connection: HTTP 403 (occurred 10 times)
2025-09-28 02:31:33,793 - INFO - Forwarding check: channel 1374818251359649822 in {1379812775869550673, 1417949956307812403, 1380170835343704085, 1374034315985293384, 1380171118874333288} = False
2025-09-28 02:31:33,816 - INFO - Forwarding check: channel 1400859560071266356 in {1379812775869550673, 1417949956307812403, 1380170835343704085, 1374034315985293384, 1380171118874333288} = False
2025-09-28 02:31:35,602 - INFO - Forwarding check: channel 1394176637159080037 in {1379812775869550673, 1417949956307812403, 1380170835343704085, 1374034315985293384, 1380171118874333288} = False
2025-09-28 02:31:35,638 - INFO - Forwarding check: channel 1372229538129514496 in {1379812775869550673, 1417949956307812403, 1380170835343704085, 1374034315985293384, 1380171118874333288} = False
2025-09-28 02:31:36,909 - INFO - Forwarding check: channel 1372229538129514496 in {1379812775869550673, 1417949956307812403, 1380170835343704085, 1374034315985293384, 1380171118874333288} = False
2025-09-28 02:31:37,029 - INFO - Forwarding check: channel 1394176637159080037 in {1379812775869550673, 1417949956307812403, 1380170835343704085, 1374034315985293384, 1380171118874333288} = False
2025-09-28 02:31:37,326 - INFO - Forwarding check: channel 1400859560071266356 in {1379812775869550673, 1417949956307812403, 1380170835343704085, 1374034315985293384, 1380171118874333288} = False
2025-09-28 02:31:37,373 - INFO - Forwarding check: channel 1374818251359649822 in {1379812775869550673, 1417949956307812403, 1380170835343704085, 1374034315985293384, 1380171118874333288} = False
2025-09-28 02:31:39,304 - INFO - Forwarding check: channel 1394176637159080037 in {1379812775869550673, 1417949956307812403, 1380170835343704085, 1374034315985293384, 1380171118874333288} = False
2025-09-28 02:31:39,696 - INFO - Forwarding check: channel 1372229538129514496 in {1379812775869550673, 1417949956307812403, 1380170835343704085, 1374034315985293384, 1380171118874333288} = False
2025-09-28 02:31:39,968 - INFO - Forwarding check: channel 1400859560071266356 in {1379812775869550673, 1417949956307812403, 1380170835343704085, 1374034315985293384, 1380171118874333288} = False
2025-09-28 02:31:40,048 - INFO - Forwarding check: channel 1374818251359649822 in {1379812775869550673, 1417949956307812403, 1380170835343704085, 1374034315985293384, 1380171118874333288} = False
2025-09-28 02:31:40,244 - INFO - Forwarding check: channel 1279526198879457361 in {1379812775869550673, 1417949956307812403, 1380170835343704085, 1374034315985293384, 1380171118874333288} = False
2025-09-28 02:31:40,305 - INFO - Forwarding check: channel 1389540247443865741 in {1379812775869550673, 1417949956307812403, 1380170835343704085, 1374034315985293384, 1380171118874333288} = False
2025-09-28 02:31:42,056 - INFO - Forwarding check: channel 1372229538129514496 in {1379812775869550673, 1417949956307812403, 1380170835343704085, 1374034315985293384, 1380171118874333288} = False
2025-09-28 02:31:42,164 - INFO - Bot is shutting down...
2025-09-28 02:31:42,165 - INFO - API client closed
2025-09-28 02:31:42,165 - INFO - Truth Social tracking stopped
2025-09-28 02:31:42,165 - INFO - Truth Social tracking stopped
2025-09-28 02:31:42,165 - INFO - Services closed successfully
2025-09-28 02:31:42,165 - INFO - Background task 'metrics_cleanup' canceled
2025-09-28 02:31:42,165 - INFO - Background task 'memory_monitor' canceled
2025-09-28 02:31:42,165 - INFO - Background task 'heartbeat_monitor' canceled
2025-09-28 02:31:42,165 - INFO - Background task 'metrics_report' canceled
2025-09-28 02:31:42,166 - INFO - DexScreener tracking stopped
2025-09-28 02:31:42,166 - INFO - DexScreener tracking stopped
2025-09-28 02:31:42,166 - INFO - Database connection pool closed successfully
2025-09-28 02:31:42,167 - INFO - Tracking loop cancelled
2025-09-28 02:31:42,167 - INFO - Bot stopped by user
